This file contains any messages produced by compilers while
running configure, to aid debugging if configure makes a mistake.

It was created by linphone configure 3.0.0, which was
generated by GNU Autoconf 2.61.  Invocation command line was

  $ ./configure 

## --------- ##
## Platform. ##
## --------- ##

hostname = lt.parakeeto.ath.cx
uname -m = i686
uname -r = 2.6.24-16-generic
uname -s = Linux
uname -v = #1 SMP Thu Apr 10 13:23:42 UTC 2008

/usr/bin/uname -p = unknown
/bin/uname -X     = unknown

/bin/arch              = unknown
/usr/bin/arch -k       = unknown
/usr/convex/getsysinfo = unknown
/usr/bin/hostinfo      = unknown
/bin/machine           = unknown
/usr/bin/oslevel       = unknown
/bin/universe          = unknown

PATH: /usr/local/sbin
PATH: /usr/local/bin
PATH: /usr/sbin
PATH: /usr/bin
PATH: /sbin
PATH: /bin
PATH: /usr/games


## ----------- ##
## Core tests. ##
## ----------- ##

configure:2082: linphone-3.0.0		A full featured audio/video sip phone.
configure:2084: licensed under the terms of the General Public License (GPL)
configure:2132: checking for a BSD-compatible install
configure:2188: result: /usr/bin/install -c
configure:2199: checking whether build environment is sane
configure:2242: result: yes
configure:2307: checking for gawk
configure:2337: result: no
configure:2307: checking for mawk
configure:2323: found /usr/bin/mawk
configure:2334: result: mawk
configure:2345: checking whether make sets $(MAKE)
configure:2366: result: yes
configure:2545: checking how to create a ustar tar archive
configure:2558: tar --version
tar (GNU tar) 1.19
Copyright (C) 2007 Free Software Foundation, Inc.
License GPLv3+: GNU GPL version 3 or later <http://gnu.org/licenses/gpl.html>
This is free software: you are free to change and redistribute it.
There is NO WARRANTY, to the extent permitted by law.

Written by John Gilmore and Jay Fenlason.
configure:2561: $? = 0
configure:2601: tardir=conftest.dir && eval tar --format=ustar -chf - "$tardir" >conftest.tar
configure:2604: $? = 0
configure:2608: tar -xf - <conftest.tar
configure:2611: $? = 0
configure:2624: result: gnutar
configure:2647: checking for style of include used by make
configure:2675: result: GNU
configure:2748: checking for gcc
configure:2764: found /usr/bin/gcc
configure:2775: result: gcc
configure:3013: checking for C compiler version
configure:3020: gcc --version >&5
gcc (GCC) 4.2.3 (Ubuntu 4.2.3-2ubuntu7)
Copyright (C) 2007 Free Software Foundation, Inc.
This is free software; see the source for copying conditions.  There is NO
warranty; not even for MERCHANTABILITY or FITNESS FOR A PARTICULAR PURPOSE.

configure:3023: $? = 0
configure:3030: gcc -v >&5
Using built-in specs.
Target: i486-linux-gnu
Configured with: ../src/configure -v --enable-languages=c,c++,fortran,objc,obj-c++,treelang --prefix=/usr --enable-shared --with-system-zlib --libexecdir=/usr/lib --without-included-gettext --enable-threads=posix --enable-nls --with-gxx-include-dir=/usr/include/c++/4.2 --program-suffix=-4.2 --enable-clocale=gnu --enable-libstdcxx-debug --enable-objc-gc --enable-mpfr --enable-targets=all --enable-checking=release --build=i486-linux-gnu --host=i486-linux-gnu --target=i486-linux-gnu
Thread model: posix
gcc version 4.2.3 (Ubuntu 4.2.3-2ubuntu7)
configure:3033: $? = 0
configure:3040: gcc -V >&5
gcc: '-V' option must have argument
configure:3043: $? = 1
configure:3066: checking for C compiler default output file name
configure:3093: gcc    conftest.c  >&5
configure:3096: $? = 0
configure:3134: result: a.out
configure:3151: checking whether the C compiler works
configure:3161: ./a.out
configure:3164: $? = 0
configure:3181: result: yes
configure:3188: checking whether we are cross compiling
configure:3190: result: no
configure:3193: checking for suffix of executables
configure:3200: gcc -o conftest    conftest.c  >&5
configure:3203: $? = 0
configure:3227: result: 
configure:3233: checking for suffix of object files
configure:3259: gcc -c   conftest.c >&5
configure:3262: $? = 0
configure:3285: result: o
configure:3289: checking whether we are using the GNU C compiler
configure:3318: gcc -c   conftest.c >&5
configure:3324: $? = 0
configure:3341: result: yes
configure:3346: checking whether gcc accepts -g
configure:3376: gcc -c -g  conftest.c >&5
configure:3382: $? = 0
configure:3481: result: yes
configure:3498: checking for gcc option to accept ISO C89
configure:3572: gcc  -c -g -O2  conftest.c >&5
configure:3578: $? = 0
configure:3601: result: none needed
configure:3621: checking dependency style of gcc
configure:3711: result: gcc3
configure:3730: checking for strerror in -lcposix
configure:3765: gcc -o conftest -g -O2   conftest.c -lcposix   >&5
/usr/bin/ld: cannot find -lcposix
collect2: ld returned 1 exit status
configure:3771: $? = 1
configure: failed program was:
| /* confdefs.h.  */
| #define PACKAGE_NAME "linphone"
| #define PACKAGE_TARNAME "linphone"
| #define PACKAGE_VERSION "3.0.0"
| #define PACKAGE_STRING "linphone 3.0.0"
| #define PACKAGE_BUGREPORT "linphone-developers@nongnu.org"
| #define PACKAGE "linphone"
| #define VERSION "3.0.0"
| /* end confdefs.h.  */
| 
| /* Override any GCC internal prototype to avoid an error.
|    Use char because int might match the return type of a GCC
|    builtin and then its argument prototype would still apply.  */
| #ifdef __cplusplus
| extern "C"
| #endif
| char strerror ();
| int
| main ()
| {
| return strerror ();
|   ;
|   return 0;
| }
configure:3789: result: no
configure:3845: checking for gcc
configure:3872: result: gcc
configure:4110: checking for C compiler version
configure:4117: gcc --version >&5
gcc (GCC) 4.2.3 (Ubuntu 4.2.3-2ubuntu7)
Copyright (C) 2007 Free Software Foundation, Inc.
This is free software; see the source for copying conditions.  There is NO
warranty; not even for MERCHANTABILITY or FITNESS FOR A PARTICULAR PURPOSE.

configure:4120: $? = 0
configure:4127: gcc -v >&5
Using built-in specs.
Target: i486-linux-gnu
Configured with: ../src/configure -v --enable-languages=c,c++,fortran,objc,obj-c++,treelang --prefix=/usr --enable-shared --with-system-zlib --libexecdir=/usr/lib --without-included-gettext --enable-threads=posix --enable-nls --with-gxx-include-dir=/usr/include/c++/4.2 --program-suffix=-4.2 --enable-clocale=gnu --enable-libstdcxx-debug --enable-objc-gc --enable-mpfr --enable-targets=all --enable-checking=release --build=i486-linux-gnu --host=i486-linux-gnu --target=i486-linux-gnu
Thread model: posix
gcc version 4.2.3 (Ubuntu 4.2.3-2ubuntu7)
configure:4130: $? = 0
configure:4137: gcc -V >&5
gcc: '-V' option must have argument
configure:4140: $? = 1
configure:4143: checking whether we are using the GNU C compiler
configure:4195: result: yes
configure:4200: checking whether gcc accepts -g
configure:4335: result: yes
configure:4352: checking for gcc option to accept ISO C89
configure:4455: result: none needed
configure:4475: checking dependency style of gcc
configure:4565: result: gcc3
configure:4582: checking for inline
configure:4608: gcc -c -g -O2  conftest.c >&5
configure:4614: $? = 0
configure:4632: result: inline
configure:4699: checking for gcc
configure:4726: result: gcc
configure:4964: checking for C compiler version
configure:4971: gcc --version >&5
gcc (GCC) 4.2.3 (Ubuntu 4.2.3-2ubuntu7)
Copyright (C) 2007 Free Software Foundation, Inc.
This is free software; see the source for copying conditions.  There is NO
warranty; not even for MERCHANTABILITY or FITNESS FOR A PARTICULAR PURPOSE.

configure:4974: $? = 0
configure:4981: gcc -v >&5
Using built-in specs.
Target: i486-linux-gnu
Configured with: ../src/configure -v --enable-languages=c,c++,fortran,objc,obj-c++,treelang --prefix=/usr --enable-shared --with-system-zlib --libexecdir=/usr/lib --without-included-gettext --enable-threads=posix --enable-nls --with-gxx-include-dir=/usr/include/c++/4.2 --program-suffix=-4.2 --enable-clocale=gnu --enable-libstdcxx-debug --enable-objc-gc --enable-mpfr --enable-targets=all --enable-checking=release --build=i486-linux-gnu --host=i486-linux-gnu --target=i486-linux-gnu
Thread model: posix
gcc version 4.2.3 (Ubuntu 4.2.3-2ubuntu7)
configure:4984: $? = 0
configure:4991: gcc -V >&5
gcc: '-V' option must have argument
configure:4994: $? = 1
configure:4997: checking whether we are using the GNU C compiler
configure:5049: result: yes
configure:5054: checking whether gcc accepts -g
configure:5189: result: yes
configure:5206: checking for gcc option to accept ISO C89
configure:5309: result: none needed
configure:5329: checking dependency style of gcc
configure:5419: result: gcc3
configure:5444: checking how to run the C preprocessor
configure:5484: gcc -E  conftest.c
configure:5490: $? = 0
configure:5521: gcc -E  conftest.c
conftest.c:10:28: error: ac_nonexistent.h: No such file or directory
configure:5527: $? = 1
configure: failed program was:
| /* confdefs.h.  */
| #define PACKAGE_NAME "linphone"
| #define PACKAGE_TARNAME "linphone"
| #define PACKAGE_VERSION "3.0.0"
| #define PACKAGE_STRING "linphone 3.0.0"
| #define PACKAGE_BUGREPORT "linphone-developers@nongnu.org"
| #define PACKAGE "linphone"
| #define VERSION "3.0.0"
| /* end confdefs.h.  */
| #include <ac_nonexistent.h>
configure:5560: result: gcc -E
configure:5589: gcc -E  conftest.c
configure:5595: $? = 0
configure:5626: gcc -E  conftest.c
conftest.c:10:28: error: ac_nonexistent.h: No such file or directory
configure:5632: $? = 1
configure: failed program was:
| /* confdefs.h.  */
| #define PACKAGE_NAME "linphone"
| #define PACKAGE_TARNAME "linphone"
| #define PACKAGE_VERSION "3.0.0"
| #define PACKAGE_STRING "linphone 3.0.0"
| #define PACKAGE_BUGREPORT "linphone-developers@nongnu.org"
| #define PACKAGE "linphone"
| #define VERSION "3.0.0"
| /* end confdefs.h.  */
| #include <ac_nonexistent.h>
configure:5670: checking for grep that handles long lines and -e
configure:5744: result: /bin/grep
configure:5749: checking for egrep
configure:5827: result: /bin/grep -E
configure:5832: checking for ANSI C header files
configure:5862: gcc -c -g -O2  conftest.c >&5
configure:5868: $? = 0
configure:5967: gcc -o conftest -g -O2   conftest.c  >&5
configure:5970: $? = 0
configure:5976: ./conftest
configure:5979: $? = 0
configure:5996: result: yes
configure:6035: checking for intltool-update
configure:6053: found /usr/bin/intltool-update
configure:6065: result: /usr/bin/intltool-update
configure:6075: checking for intltool-merge
configure:6093: found /usr/bin/intltool-merge
configure:6105: result: /usr/bin/intltool-merge
configure:6115: checking for intltool-extract
configure:6133: found /usr/bin/intltool-extract
configure:6145: result: /usr/bin/intltool-extract
configure:6202: checking for xgettext
configure:6220: found /usr/bin/xgettext
configure:6232: result: /usr/bin/xgettext
configure:6242: checking for msgmerge
configure:6260: found /usr/bin/msgmerge
configure:6272: result: /usr/bin/msgmerge
configure:6282: checking for msgfmt
configure:6300: found /usr/bin/msgfmt
configure:6312: result: /usr/bin/msgfmt
configure:6336: checking for perl
configure:6354: found /usr/bin/perl
configure:6366: result: /usr/bin/perl
configure:6385: checking for XML::Parser
configure:6388: result: ok
configure:6425: gcc -o conftest -g -O2   conftest.c  >&5
configure:6431: $? = 0
configure:6624: checking build system type
configure:6642: result: i686-pc-linux-gnu
configure:6664: checking host system type
configure:6679: result: i686-pc-linux-gnu
configure:6701: checking for a sed that does not truncate output
configure:6757: result: /bin/sed
configure:6771: checking for ld used by gcc
configure:6838: result: /usr/bin/ld
configure:6847: checking if the linker (/usr/bin/ld) is GNU ld
configure:6862: result: yes
configure:6867: checking for /usr/bin/ld option to reload object files
configure:6874: result: -r
configure:6892: checking for BSD-compatible nm
configure:6941: result: /usr/bin/nm -B
configure:6945: checking whether ln -s works
configure:6949: result: yes
configure:6956: checking how to recognize dependent libraries
configure:7142: result: pass_all
configure:7395: checking for sys/types.h
configure:7416: gcc -c -g -O2  conftest.c >&5
configure:7422: $? = 0
configure:7438: result: yes
configure:7395: checking for sys/stat.h
configure:7416: gcc -c -g -O2  conftest.c >&5
configure:7422: $? = 0
configure:7438: result: yes
configure:7395: checking for stdlib.h
configure:7416: gcc -c -g -O2  conftest.c >&5
configure:7422: $? = 0
configure:7438: result: yes
configure:7395: checking for string.h
configure:7416: gcc -c -g -O2  conftest.c >&5
configure:7422: $? = 0
configure:7438: result: yes
configure:7395: checking for memory.h
configure:7416: gcc -c -g -O2  conftest.c >&5
configure:7422: $? = 0
configure:7438: result: yes
configure:7395: checking for strings.h
configure:7416: gcc -c -g -O2  conftest.c >&5
configure:7422: $? = 0
configure:7438: result: yes
configure:7395: checking for inttypes.h
configure:7416: gcc -c -g -O2  conftest.c >&5
configure:7422: $? = 0
configure:7438: result: yes
configure:7395: checking for stdint.h
configure:7416: gcc -c -g -O2  conftest.c >&5
configure:7422: $? = 0
configure:7438: result: yes
configure:7395: checking for unistd.h
configure:7416: gcc -c -g -O2  conftest.c >&5
configure:7422: $? = 0
configure:7438: result: yes
configure:7465: checking dlfcn.h usability
configure:7482: gcc -c -g -O2  conftest.c >&5
configure:7488: $? = 0
configure:7502: result: yes
configure:7506: checking dlfcn.h presence
configure:7521: gcc -E  conftest.c
configure:7527: $? = 0
configure:7541: result: yes
configure:7574: checking for dlfcn.h
configure:7582: result: yes
configure:7653: checking for g++
configure:7669: found /usr/bin/g++
configure:7680: result: g++
configure:7711: checking for C++ compiler version
configure:7718: g++ --version >&5
g++ (GCC) 4.2.3 (Ubuntu 4.2.3-2ubuntu7)
Copyright (C) 2007 Free Software Foundation, Inc.
This is free software; see the source for copying conditions.  There is NO
warranty; not even for MERCHANTABILITY or FITNESS FOR A PARTICULAR PURPOSE.

configure:7721: $? = 0
configure:7728: g++ -v >&5
Using built-in specs.
Target: i486-linux-gnu
Configured with: ../src/configure -v --enable-languages=c,c++,fortran,objc,obj-c++,treelang --prefix=/usr --enable-shared --with-system-zlib --libexecdir=/usr/lib --without-included-gettext --enable-threads=posix --enable-nls --with-gxx-include-dir=/usr/include/c++/4.2 --program-suffix=-4.2 --enable-clocale=gnu --enable-libstdcxx-debug --enable-objc-gc --enable-mpfr --enable-targets=all --enable-checking=release --build=i486-linux-gnu --host=i486-linux-gnu --target=i486-linux-gnu
Thread model: posix
gcc version 4.2.3 (Ubuntu 4.2.3-2ubuntu7)
configure:7731: $? = 0
configure:7738: g++ -V >&5
g++: '-V' option must have argument
configure:7741: $? = 1
configure:7744: checking whether we are using the GNU C++ compiler
configure:7773: g++ -c   conftest.cpp >&5
configure:7779: $? = 0
configure:7796: result: yes
configure:7801: checking whether g++ accepts -g
configure:7831: g++ -c -g  conftest.cpp >&5
configure:7837: $? = 0
configure:7936: result: yes
configure:7961: checking dependency style of g++
configure:8051: result: gcc3
configure:8078: checking how to run the C++ preprocessor
configure:8114: g++ -E  conftest.cpp
configure:8120: $? = 0
configure:8151: g++ -E  conftest.cpp
conftest.cpp:21:28: error: ac_nonexistent.h: No such file or directory
configure:8157: $? = 1
configure: failed program was:
| /* confdefs.h.  */
| #define PACKAGE_NAME "linphone"
| #define PACKAGE_TARNAME "linphone"
| #define PACKAGE_VERSION "3.0.0"
| #define PACKAGE_STRING "linphone 3.0.0"
| #define PACKAGE_BUGREPORT "linphone-developers@nongnu.org"
| #define PACKAGE "linphone"
| #define VERSION "3.0.0"
| #define STDC_HEADERS 1
| #define HAVE_SYS_TYPES_H 1
| #define HAVE_SYS_STAT_H 1
| #define HAVE_STDLIB_H 1
| #define HAVE_STRING_H 1
| #define HAVE_MEMORY_H 1
| #define HAVE_STRINGS_H 1
| #define HAVE_INTTYPES_H 1
| #define HAVE_STDINT_H 1
| #define HAVE_UNISTD_H 1
| #define HAVE_DLFCN_H 1
| /* end confdefs.h.  */
| #include <ac_nonexistent.h>
configure:8190: result: g++ -E
configure:8219: g++ -E  conftest.cpp
configure:8225: $? = 0
configure:8256: g++ -E  conftest.cpp
conftest.cpp:21:28: error: ac_nonexistent.h: No such file or directory
configure:8262: $? = 1
configure: failed program was:
| /* confdefs.h.  */
| #define PACKAGE_NAME "linphone"
| #define PACKAGE_TARNAME "linphone"
| #define PACKAGE_VERSION "3.0.0"
| #define PACKAGE_STRING "linphone 3.0.0"
| #define PACKAGE_BUGREPORT "linphone-developers@nongnu.org"
| #define PACKAGE "linphone"
| #define VERSION "3.0.0"
| #define STDC_HEADERS 1
| #define HAVE_SYS_TYPES_H 1
| #define HAVE_SYS_STAT_H 1
| #define HAVE_STDLIB_H 1
| #define HAVE_STRING_H 1
| #define HAVE_MEMORY_H 1
| #define HAVE_STRINGS_H 1
| #define HAVE_INTTYPES_H 1
| #define HAVE_STDINT_H 1
| #define HAVE_UNISTD_H 1
| #define HAVE_DLFCN_H 1
| /* end confdefs.h.  */
| #include <ac_nonexistent.h>
configure:8355: checking for g77
configure:8385: result: no
configure:8355: checking for xlf
configure:8385: result: no
configure:8355: checking for f77
configure:8385: result: no
configure:8355: checking for frt
configure:8385: result: no
configure:8355: checking for pgf77
configure:8385: result: no
configure:8355: checking for cf77
configure:8385: result: no
configure:8355: checking for fort77
configure:8385: result: no
configure:8355: checking for fl32
configure:8385: result: no
configure:8355: checking for af77
configure:8385: result: no
configure:8355: checking for xlf90
configure:8385: result: no
configure:8355: checking for f90
configure:8385: result: no
configure:8355: checking for pgf90
configure:8385: result: no
configure:8355: checking for pghpf
configure:8385: result: no
configure:8355: checking for epcf90
configure:8385: result: no
configure:8355: checking for gfortran
configure:8385: result: no
configure:8355: checking for g95
configure:8385: result: no
configure:8355: checking for xlf95
configure:8385: result: no
configure:8355: checking for f95
configure:8385: result: no
configure:8355: checking for fort
configure:8385: result: no
configure:8355: checking for ifort
configure:8385: result: no
configure:8355: checking for ifc
configure:8385: result: no
configure:8355: checking for efc
configure:8385: result: no
configure:8355: checking for pgf95
configure:8385: result: no
configure:8355: checking for lf95
configure:8385: result: no
configure:8355: checking for ftn
configure:8385: result: no
configure:8412: checking for Fortran 77 compiler version
configure:8419:  --version >&5
./configure: line 8420: --version: command not found
configure:8422: $? = 127
configure:8429:  -v >&5
./configure: line 8430: -v: command not found
configure:8432: $? = 127
configure:8439:  -V >&5
./configure: line 8440: -V: command not found
configure:8442: $? = 127
configure:8450: checking whether we are using the GNU Fortran 77 compiler
configure:8469:  -c  conftest.F >&5
./configure: line 8470: -c: command not found
configure:8475: $? = 127
configure: failed program was:
|       program main
| #ifndef __GNUC__
|        choke me
| #endif
| 
|       end
configure:8492: result: no
configure:8498: checking whether  accepts -g
configure:8515:  -c -g conftest.f >&5
./configure: line 8516: -c: command not found
configure:8521: $? = 127
configure: failed program was:
|       program main
| 
|       end
configure:8537: result: no
configure:8566: checking the maximum length of command line arguments
configure:8678: result: 98304
configure:8690: checking command to parse /usr/bin/nm -B output from gcc object
configure:8795: gcc -c -g -O2  conftest.c >&5
configure:8798: $? = 0
configure:8802: /usr/bin/nm -B conftest.o \| sed -n -e 's/^.*[ 	]\([ABCDGIRSTW][ABCDGIRSTW]*\)[ 	][ 	]*\([_A-Za-z][_A-Za-z0-9]*\)$/\1 \2 \2/p' \> conftest.nm
configure:8805: $? = 0
configure:8857: gcc -o conftest -g -O2   conftest.c conftstm.o >&5
configure:8860: $? = 0
configure:8898: result: ok
configure:8902: checking for objdir
configure:8917: result: .libs
configure:9009: checking for ar
configure:9025: found /usr/bin/ar
configure:9036: result: ar
configure:9105: checking for ranlib
configure:9121: found /usr/bin/ranlib
configure:9132: result: ranlib
configure:9201: checking for strip
configure:9217: found /usr/bin/strip
configure:9228: result: strip
configure:9826: checking if gcc supports -fno-rtti -fno-exceptions
configure:9844: gcc -c -g -O2  -fno-rtti -fno-exceptions conftest.c >&5
cc1: warning: command line option "-fno-rtti" is valid for C++/ObjC++ but not for C
configure:9848: $? = 0
configure:9861: result: no
configure:9876: checking for gcc option to produce PIC
configure:10108: result: -fPIC
configure:10116: checking if gcc PIC flag -fPIC works
configure:10134: gcc -c -g -O2  -fPIC -DPIC conftest.c >&5
configure:10138: $? = 0
configure:10151: result: yes
configure:10179: checking if gcc static flag -static works
configure:10207: result: yes
configure:10217: checking if gcc supports -c -o file.o
configure:10238: gcc -c -g -O2  -o out/conftest2.o conftest.c >&5
configure:10242: $? = 0
configure:10264: result: yes
configure:10290: checking whether the gcc linker (/usr/bin/ld) supports shared libraries
configure:11271: result: yes
configure:11292: checking whether -lc should be explicitly linked in
configure:11297: gcc -c -g -O2  conftest.c >&5
configure:11300: $? = 0
configure:11315: gcc -shared conftest.o  -v -Wl,-soname -Wl,conftest -o conftest 2\>\&1 \| grep  -lc  \>/dev/null 2\>\&1
configure:11318: $? = 0
configure:11330: result: no
configure:11338: checking dynamic linker characteristics
configure:11952: result: GNU/Linux ld.so
configure:11976: checking how to hardcode library paths into programs
configure:12001: result: immediate
configure:12015: checking whether stripping libraries is possible
configure:12020: result: yes
configure:12822: checking if libtool supports shared libraries
configure:12824: result: yes
configure:12827: checking whether to build shared libraries
configure:12848: result: yes
configure:12851: checking whether to build static libraries
configure:12855: result: yes
configure:12949: creating libtool
configure:13542: checking for ld used by g++
configure:13609: result: /usr/bin/ld
configure:13618: checking if the linker (/usr/bin/ld) is GNU ld
configure:13633: result: yes
configure:13684: checking whether the g++ linker (/usr/bin/ld) supports shared libraries
configure:14630: result: yes
configure:14647: g++ -c -g -O2  conftest.cpp >&5
configure:14650: $? = 0
configure:14806: checking for g++ option to produce PIC
configure:15090: result: -fPIC
configure:15098: checking if g++ PIC flag -fPIC works
configure:15116: g++ -c -g -O2  -fPIC -DPIC conftest.cpp >&5
configure:15120: $? = 0
configure:15133: result: yes
configure:15161: checking if g++ static flag -static works
configure:15189: result: yes
configure:15199: checking if g++ supports -c -o file.o
configure:15220: g++ -c -g -O2  -o out/conftest2.o conftest.cpp >&5
configure:15224: $? = 0
configure:15246: result: yes
configure:15272: checking whether the g++ linker (/usr/bin/ld) supports shared libraries
configure:15301: result: yes
configure:15368: checking dynamic linker characteristics
configure:15930: result: GNU/Linux ld.so
configure:15954: checking how to hardcode library paths into programs
configure:15979: result: immediate
configure:22324: checking for pkg-config
configure:22342: found /usr/bin/pkg-config
configure:22354: result: /usr/bin/pkg-config
configure:22383: checking pkg-config is at least version 0.9.0
configure:22386: result: yes
configure:22398: checking whether NLS is requested
configure:22407: result: yes
configure:22445: checking for msgfmt
configure:22477: result: /usr/bin/msgfmt
configure:22486: checking for gmsgfmt
configure:22517: result: /usr/bin/msgfmt
configure:22568: checking for xgettext
configure:22600: result: /usr/bin/xgettext
configure:22646: checking for msgmerge
configure:22677: result: /usr/bin/msgmerge
configure:22731: checking for ld used by GCC
configure:22795: result: /usr/bin/ld
configure:22804: checking if the linker (/usr/bin/ld) is GNU ld
configure:22817: result: yes
configure:22824: checking for shared library run path origin
configure:22837: result: done
configure:23294: checking for CFPreferencesCopyAppValue
configure:23322: gcc -o conftest -g -O2   conftest.c  -Wl,-framework -Wl,CoreFoundation >&5
conftest.c:21:42: error: CoreFoundation/CFPreferences.h: No such file or directory
conftest.c: In function 'main':
conftest.c:25: error: 'NULL' undeclared (first use in this function)
conftest.c:25: error: (Each undeclared identifier is reported only once
conftest.c:25: error: for each function it appears in.)
configure:23328: $? = 1
configure: failed program was:
| /* confdefs.h.  */
| #define PACKAGE_NAME "linphone"
| #define PACKAGE_TARNAME "linphone"
| #define PACKAGE_VERSION "3.0.0"
| #define PACKAGE_STRING "linphone 3.0.0"
| #define PACKAGE_BUGREPORT "linphone-developers@nongnu.org"
| #define PACKAGE "linphone"
| #define VERSION "3.0.0"
| #define STDC_HEADERS 1
| #define HAVE_SYS_TYPES_H 1
| #define HAVE_SYS_STAT_H 1
| #define HAVE_STDLIB_H 1
| #define HAVE_STRING_H 1
| #define HAVE_MEMORY_H 1
| #define HAVE_STRINGS_H 1
| #define HAVE_INTTYPES_H 1
| #define HAVE_STDINT_H 1
| #define HAVE_UNISTD_H 1
| #define HAVE_DLFCN_H 1
| /* end confdefs.h.  */
| #include <CoreFoundation/CFPreferences.h>
| int
| main ()
| {
| CFPreferencesCopyAppValue(NULL, NULL)
|   ;
|   return 0;
| }
configure:23346: result: no
configure:23355: checking for CFLocaleCopyCurrent
configure:23383: gcc -o conftest -g -O2   conftest.c  -Wl,-framework -Wl,CoreFoundation >&5
conftest.c:21:37: error: CoreFoundation/CFLocale.h: No such file or directory
configure:23389: $? = 1
configure: failed program was:
| /* confdefs.h.  */
| #define PACKAGE_NAME "linphone"
| #define PACKAGE_TARNAME "linphone"
| #define PACKAGE_VERSION "3.0.0"
| #define PACKAGE_STRING "linphone 3.0.0"
| #define PACKAGE_BUGREPORT "linphone-developers@nongnu.org"
| #define PACKAGE "linphone"
| #define VERSION "3.0.0"
| #define STDC_HEADERS 1
| #define HAVE_SYS_TYPES_H 1
| #define HAVE_SYS_STAT_H 1
| #define HAVE_STDLIB_H 1
| #define HAVE_STRING_H 1
| #define HAVE_MEMORY_H 1
| #define HAVE_STRINGS_H 1
| #define HAVE_INTTYPES_H 1
| #define HAVE_STDINT_H 1
| #define HAVE_UNISTD_H 1
| #define HAVE_DLFCN_H 1
| /* end confdefs.h.  */
| #include <CoreFoundation/CFLocale.h>
| int
| main ()
| {
| CFLocaleCopyCurrent();
|   ;
|   return 0;
| }
configure:23407: result: no
configure:23458: checking for GNU gettext in libc
configure:23488: gcc -o conftest -g -O2   conftest.c  >&5
configure:23494: $? = 0
configure:23512: result: yes
configure:24228: checking whether to use NLS
configure:24230: result: yes
configure:24233: checking where the gettext function comes from
configure:24244: result: libc
configure:24312: checking for libintl_gettext in -lintl
configure:24347: gcc -o conftest -g -O2   conftest.c -lintl   >&5
/usr/bin/ld: cannot find -lintl
collect2: ld returned 1 exit status
configure:24353: $? = 1
configure: failed program was:
| /* confdefs.h.  */
| #define PACKAGE_NAME "linphone"
| #define PACKAGE_TARNAME "linphone"
| #define PACKAGE_VERSION "3.0.0"
| #define PACKAGE_STRING "linphone 3.0.0"
| #define PACKAGE_BUGREPORT "linphone-developers@nongnu.org"
| #define PACKAGE "linphone"
| #define VERSION "3.0.0"
| #define STDC_HEADERS 1
| #define HAVE_SYS_TYPES_H 1
| #define HAVE_SYS_STAT_H 1
| #define HAVE_STDLIB_H 1
| #define HAVE_STRING_H 1
| #define HAVE_MEMORY_H 1
| #define HAVE_STRINGS_H 1
| #define HAVE_INTTYPES_H 1
| #define HAVE_STDINT_H 1
| #define HAVE_UNISTD_H 1
| #define HAVE_DLFCN_H 1
| #define ENABLE_NLS 1
| #define HAVE_GETTEXT 1
| #define HAVE_DCGETTEXT 1
| #define GETTEXT_PACKAGE "linphone"
| /* end confdefs.h.  */
| 
| /* Override any GCC internal prototype to avoid an error.
|    Use char because int might match the return type of a GCC
|    builtin and then its argument prototype would still apply.  */
| #ifdef __cplusplus
| extern "C"
| #endif
| char libintl_gettext ();
| int
| main ()
| {
| return libintl_gettext ();
|   ;
|   return 0;
| }
configure:24371: result: no
configure:24389: checking for get_current_dir_name
configure:24445: gcc -o conftest -g -O2   conftest.c  >&5
configure:24451: $? = 0
configure:24469: result: yes
configure:24389: checking for strndup
configure:24445: gcc -o conftest -g -O2   conftest.c  >&5
conftest.c:49: warning: conflicting types for built-in function 'strndup'
configure:24451: $? = 0
configure:24469: result: yes
configure:24389: checking for stpcpy
configure:24445: gcc -o conftest -g -O2   conftest.c  >&5
conftest.c:50: warning: conflicting types for built-in function 'stpcpy'
configure:24451: $? = 0
configure:24469: result: yes
configure:24512: checking for LIBGTK
configure:24520: $PKG_CONFIG --exists --print-errors "gtk+-2.0 >= 2.4.0 gthread-2.0"
configure:24523: $? = 0
configure:24538: $PKG_CONFIG --exists --print-errors "gtk+-2.0 >= 2.4.0 gthread-2.0"
configure:24541: $? = 0
configure:24617: result: yes
configure:24623: checking for LIBGLADE
configure:24631: $PKG_CONFIG --exists --print-errors "libglade-2.0 >= 2.4.0"
configure:24634: $? = 0
configure:24649: $PKG_CONFIG --exists --print-errors "libglade-2.0 >= 2.4.0"
configure:24652: $? = 0
configure:24728: result: yes
configure:24873: checking for getifaddrs
configure:24929: gcc -o conftest -g -O2   conftest.c  >&5
configure:24935: $? = 0
configure:24953: result: yes
configure:24992: checking for OSIP
configure:25000: $PKG_CONFIG --exists --print-errors "$osip_pkgconfig_file >= 3.0.0"
configure:25003: $? = 0
configure:25018: $PKG_CONFIG --exists --print-errors "$osip_pkgconfig_file >= 3.0.0"
configure:25021: $? = 0
configure:25057: result: yes
configure:25400: checking eXosip2/eXosip.h usability
configure:25417: gcc -c -g -O2 -DOSIP_MT -DHAVE_PTHREAD   conftest.c >&5
configure:25423: $? = 0
configure:25437: result: yes
configure:25441: checking eXosip2/eXosip.h presence
configure:25456: gcc -E -DOSIP_MT -DHAVE_PTHREAD   conftest.c
configure:25462: $? = 0
configure:25476: result: yes
configure:25509: checking for eXosip2/eXosip.h
configure:25516: result: yes
configure:25535: checking for eXosip_subscribe_remove in -leXosip2
configure:25570: gcc -o conftest -g -O2  -losipparser2 -losip2   conftest.c -leXosip2 -losipparser2 -losip2 -lpthread  >&5
configure:25576: $? = 0
configure:25594: result: yes
configure:25609: checking for eXosip_get_version in -leXosip2
configure:25644: gcc -o conftest -g -O2  -losipparser2 -losip2   conftest.c -leXosip2 -losipparser2 -losip2 -lpthread -leXosip2  >&5
configure:25650: $? = 0
configure:25668: result: yes
configure:25722: checking readline.h usability
configure:25739: gcc -c -g -O2   conftest.c >&5
conftest.c:67:22: error: readline.h: No such file or directory
configure:25745: $? = 1
configure: failed program was:
| /* confdefs.h.  */
| #define PACKAGE_NAME "linphone"
| #define PACKAGE_TARNAME "linphone"
| #define PACKAGE_VERSION "3.0.0"
| #define PACKAGE_STRING "linphone 3.0.0"
| #define PACKAGE_BUGREPORT "linphone-developers@nongnu.org"
| #define PACKAGE "linphone"
| #define VERSION "3.0.0"
| #define STDC_HEADERS 1
| #define HAVE_SYS_TYPES_H 1
| #define HAVE_SYS_STAT_H 1
| #define HAVE_STDLIB_H 1
| #define HAVE_STRING_H 1
| #define HAVE_MEMORY_H 1
| #define HAVE_STRINGS_H 1
| #define HAVE_INTTYPES_H 1
| #define HAVE_STDINT_H 1
| #define HAVE_UNISTD_H 1
| #define HAVE_DLFCN_H 1
| #define ENABLE_NLS 1
| #define HAVE_GETTEXT 1
| #define HAVE_DCGETTEXT 1
| #define GETTEXT_PACKAGE "linphone"
| #define HAVE_GET_CURRENT_DIR_NAME 1
| #define HAVE_STRNDUP 1
| #define HAVE_STPCPY 1
| #define PACKAGE_LOCALE_DIR "/usr/local/share/locale"
| #define PACKAGE_DATA_DIR "/usr/local/share"
| #define PACKAGE_SOUND_DIR "/usr/local/share/sounds/linphone"
| #define HAVE_GETIFADDRS 1
| #define HAVE_LIBEXOSIP2 1
| #define HAVE_EXOSIP_GET_VERSION 1
| /* end confdefs.h.  */
| #include <stdio.h>
| #ifdef HAVE_SYS_TYPES_H
| # include <sys/types.h>
| #endif
| #ifdef HAVE_SYS_STAT_H
| # include <sys/stat.h>
| #endif
| #ifdef STDC_HEADERS
| # include <stdlib.h>
| # include <stddef.h>
| #else
| # ifdef HAVE_STDLIB_H
| #  include <stdlib.h>
| # endif
| #endif
| #ifdef HAVE_STRING_H
| # if !defined STDC_HEADERS && defined HAVE_MEMORY_H
| #  include <memory.h>
| # endif
| # include <string.h>
| #endif
| #ifdef HAVE_STRINGS_H
| # include <strings.h>
| #endif
| #ifdef HAVE_INTTYPES_H
| # include <inttypes.h>
| #endif
| #ifdef HAVE_STDINT_H
| # include <stdint.h>
| #endif
| #ifdef HAVE_UNISTD_H
| # include <unistd.h>
| #endif
| #include <readline.h>
configure:25759: result: no
configure:25763: checking readline.h presence
configure:25778: gcc -E   conftest.c
conftest.c:34:22: error: readline.h: No such file or directory
configure:25784: $? = 1
configure: failed program was:
| /* confdefs.h.  */
| #define PACKAGE_NAME "linphone"
| #define PACKAGE_TARNAME "linphone"
| #define PACKAGE_VERSION "3.0.0"
| #define PACKAGE_STRING "linphone 3.0.0"
| #define PACKAGE_BUGREPORT "linphone-developers@nongnu.org"
| #define PACKAGE "linphone"
| #define VERSION "3.0.0"
| #define STDC_HEADERS 1
| #define HAVE_SYS_TYPES_H 1
| #define HAVE_SYS_STAT_H 1
| #define HAVE_STDLIB_H 1
| #define HAVE_STRING_H 1
| #define HAVE_MEMORY_H 1
| #define HAVE_STRINGS_H 1
| #define HAVE_INTTYPES_H 1
| #define HAVE_STDINT_H 1
| #define HAVE_UNISTD_H 1
| #define HAVE_DLFCN_H 1
| #define ENABLE_NLS 1
| #define HAVE_GETTEXT 1
| #define HAVE_DCGETTEXT 1
| #define GETTEXT_PACKAGE "linphone"
| #define HAVE_GET_CURRENT_DIR_NAME 1
| #define HAVE_STRNDUP 1
| #define HAVE_STPCPY 1
| #define PACKAGE_LOCALE_DIR "/usr/local/share/locale"
| #define PACKAGE_DATA_DIR "/usr/local/share"
| #define PACKAGE_SOUND_DIR "/usr/local/share/sounds/linphone"
| #define HAVE_GETIFADDRS 1
| #define HAVE_LIBEXOSIP2 1
| #define HAVE_EXOSIP_GET_VERSION 1
| /* end confdefs.h.  */
| #include <readline.h>
configure:25798: result: no
configure:25831: checking for readline.h
configure:25839: result: no
configure:25722: checking readline/readline.h usability
configure:25739: gcc -c -g -O2   conftest.c >&5
configure:25745: $? = 0
configure:25759: result: yes
configure:25763: checking readline/readline.h presence
configure:25778: gcc -E   conftest.c
configure:25784: $? = 0
configure:25798: result: yes
configure:25831: checking for readline/readline.h
configure:25839: result: yes
configure:25868: checking history.h usability
configure:25885: gcc -c -g -O2   conftest.c >&5
conftest.c:68:21: error: history.h: No such file or directory
configure:25891: $? = 1
configure: failed program was:
| /* confdefs.h.  */
| #define PACKAGE_NAME "linphone"
| #define PACKAGE_TARNAME "linphone"
| #define PACKAGE_VERSION "3.0.0"
| #define PACKAGE_STRING "linphone 3.0.0"
| #define PACKAGE_BUGREPORT "linphone-developers@nongnu.org"
| #define PACKAGE "linphone"
| #define VERSION "3.0.0"
| #define STDC_HEADERS 1
| #define HAVE_SYS_TYPES_H 1
| #define HAVE_SYS_STAT_H 1
| #define HAVE_STDLIB_H 1
| #define HAVE_STRING_H 1
| #define HAVE_MEMORY_H 1
| #define HAVE_STRINGS_H 1
| #define HAVE_INTTYPES_H 1
| #define HAVE_STDINT_H 1
| #define HAVE_UNISTD_H 1
| #define HAVE_DLFCN_H 1
| #define ENABLE_NLS 1
| #define HAVE_GETTEXT 1
| #define HAVE_DCGETTEXT 1
| #define GETTEXT_PACKAGE "linphone"
| #define HAVE_GET_CURRENT_DIR_NAME 1
| #define HAVE_STRNDUP 1
| #define HAVE_STPCPY 1
| #define PACKAGE_LOCALE_DIR "/usr/local/share/locale"
| #define PACKAGE_DATA_DIR "/usr/local/share"
| #define PACKAGE_SOUND_DIR "/usr/local/share/sounds/linphone"
| #define HAVE_GETIFADDRS 1
| #define HAVE_LIBEXOSIP2 1
| #define HAVE_EXOSIP_GET_VERSION 1
| #define HAVE_READLINE_READLINE_H 1
| /* end confdefs.h.  */
| #include <stdio.h>
| #ifdef HAVE_SYS_TYPES_H
| # include <sys/types.h>
| #endif
| #ifdef HAVE_SYS_STAT_H
| # include <sys/stat.h>
| #endif
| #ifdef STDC_HEADERS
| # include <stdlib.h>
| # include <stddef.h>
| #else
| # ifdef HAVE_STDLIB_H
| #  include <stdlib.h>
| # endif
| #endif
| #ifdef HAVE_STRING_H
| # if !defined STDC_HEADERS && defined HAVE_MEMORY_H
| #  include <memory.h>
| # endif
| # include <string.h>
| #endif
| #ifdef HAVE_STRINGS_H
| # include <strings.h>
| #endif
| #ifdef HAVE_INTTYPES_H
| # include <inttypes.h>
| #endif
| #ifdef HAVE_STDINT_H
| # include <stdint.h>
| #endif
| #ifdef HAVE_UNISTD_H
| # include <unistd.h>
| #endif
| #include <history.h>
configure:25905: result: no
configure:25909: checking history.h presence
configure:25924: gcc -E   conftest.c
conftest.c:35:21: error: history.h: No such file or directory
configure:25930: $? = 1
configure: failed program was:
| /* confdefs.h.  */
| #define PACKAGE_NAME "linphone"
| #define PACKAGE_TARNAME "linphone"
| #define PACKAGE_VERSION "3.0.0"
| #define PACKAGE_STRING "linphone 3.0.0"
| #define PACKAGE_BUGREPORT "linphone-developers@nongnu.org"
| #define PACKAGE "linphone"
| #define VERSION "3.0.0"
| #define STDC_HEADERS 1
| #define HAVE_SYS_TYPES_H 1
| #define HAVE_SYS_STAT_H 1
| #define HAVE_STDLIB_H 1
| #define HAVE_STRING_H 1
| #define HAVE_MEMORY_H 1
| #define HAVE_STRINGS_H 1
| #define HAVE_INTTYPES_H 1
| #define HAVE_STDINT_H 1
| #define HAVE_UNISTD_H 1
| #define HAVE_DLFCN_H 1
| #define ENABLE_NLS 1
| #define HAVE_GETTEXT 1
| #define HAVE_DCGETTEXT 1
| #define GETTEXT_PACKAGE "linphone"
| #define HAVE_GET_CURRENT_DIR_NAME 1
| #define HAVE_STRNDUP 1
| #define HAVE_STPCPY 1
| #define PACKAGE_LOCALE_DIR "/usr/local/share/locale"
| #define PACKAGE_DATA_DIR "/usr/local/share"
| #define PACKAGE_SOUND_DIR "/usr/local/share/sounds/linphone"
| #define HAVE_GETIFADDRS 1
| #define HAVE_LIBEXOSIP2 1
| #define HAVE_EXOSIP_GET_VERSION 1
| #define HAVE_READLINE_READLINE_H 1
| /* end confdefs.h.  */
| #include <history.h>
configure:25944: result: no
configure:25977: checking for history.h
configure:25985: result: no
configure:25868: checking readline/history.h usability
configure:25885: gcc -c -g -O2   conftest.c >&5
configure:25891: $? = 0
configure:25905: result: yes
configure:25909: checking readline/history.h presence
configure:25924: gcc -E   conftest.c
configure:25930: $? = 0
configure:25944: result: yes
configure:25977: checking for readline/history.h
configure:25985: result: yes
configure:25999: checking for readline in -lreadline
configure:26034: gcc -o conftest -g -O2    conftest.c -lreadline -lncurses   >&5
configure:26040: $? = 0
configure:26058: result: yes
configure:26084: checking whether byte ordering is bigendian
configure:26117: gcc -c -g -O2  conftest.c >&5
configure:26123: $? = 0
configure:26155: gcc -c -g -O2  conftest.c >&5
conftest.c: In function 'main':
conftest.c:43: error: 'not' undeclared (first use in this function)
conftest.c:43: error: (Each undeclared identifier is reported only once
conftest.c:43: error: for each function it appears in.)
conftest.c:43: error: expected ';' before 'big'
configure:26161: $? = 1
configure: failed program was:
| /* confdefs.h.  */
| #define PACKAGE_NAME "linphone"
| #define PACKAGE_TARNAME "linphone"
| #define PACKAGE_VERSION "3.0.0"
| #define PACKAGE_STRING "linphone 3.0.0"
| #define PACKAGE_BUGREPORT "linphone-developers@nongnu.org"
| #define PACKAGE "linphone"
| #define VERSION "3.0.0"
| #define STDC_HEADERS 1
| #define HAVE_SYS_TYPES_H 1
| #define HAVE_SYS_STAT_H 1
| #define HAVE_STDLIB_H 1
| #define HAVE_STRING_H 1
| #define HAVE_MEMORY_H 1
| #define HAVE_STRINGS_H 1
| #define HAVE_INTTYPES_H 1
| #define HAVE_STDINT_H 1
| #define HAVE_UNISTD_H 1
| #define HAVE_DLFCN_H 1
| #define ENABLE_NLS 1
| #define HAVE_GETTEXT 1
| #define HAVE_DCGETTEXT 1
| #define GETTEXT_PACKAGE "linphone"
| #define HAVE_GET_CURRENT_DIR_NAME 1
| #define HAVE_STRNDUP 1
| #define HAVE_STPCPY 1
| #define PACKAGE_LOCALE_DIR "/usr/local/share/locale"
| #define PACKAGE_DATA_DIR "/usr/local/share"
| #define PACKAGE_SOUND_DIR "/usr/local/share/sounds/linphone"
| #define HAVE_GETIFADDRS 1
| #define HAVE_LIBEXOSIP2 1
| #define HAVE_EXOSIP_GET_VERSION 1
| #define HAVE_READLINE_READLINE_H 1
| #define HAVE_READLINE_HISTORY_H 1
| /* end confdefs.h.  */
| #include <sys/types.h>
| #include <sys/param.h>
| 
| int
| main ()
| {
| #if BYTE_ORDER != BIG_ENDIAN
|  not big endian
| #endif
| 
|   ;
|   return 0;
| }
configure:26301: result: no
configure:26324: checking for SPEEX
configure:26332: $PKG_CONFIG --exists --print-errors "speex >= 1.1.6"
configure:26335: $? = 0
configure:26350: $PKG_CONFIG --exists --print-errors "speex >= 1.1.6"
configure:26353: $? = 0
configure:26429: result: yes
configure:26576: checking for sgmltools
configure:26604: result: no
configure:27161: creating ./config.status

## ---------------------- ##
## Running config.status. ##
## ---------------------- ##

This file was extended by linphone config.status 3.0.0, which was
generated by GNU Autoconf 2.61.  Invocation command line was

  CONFIG_FILES    = 
  CONFIG_HEADERS  = 
  CONFIG_LINKS    = 
  CONFIG_COMMANDS = 
  $ ./config.status 

on lt.parakeeto.ath.cx

config.status:766: creating Makefile
config.status:766: creating m4/Makefile
config.status:766: creating po/Makefile.in
config.status:766: creating pixmaps/Makefile
config.status:766: creating ipkg/Makefile
config.status:766: creating ipkg/linphone.control
config.status:766: creating coreapi/Makefile
config.status:766: creating gtk-glade/Makefile
config.status:766: creating console/Makefile
config.status:766: creating share/Makefile
config.status:766: creating share/C/Makefile
config.status:766: creating share/fr/Makefile
config.status:766: creating share/it/Makefile
config.status:766: creating share/ja/Makefile
config.status:766: creating share/cs/Makefile
config.status:766: creating share/linphone.pc
config.status:766: creating linphone.spec
config.status:766: creating config.h
config.status:1004: config.h is unchanged
config.status:1050: executing depfiles commands
config.status:1050: executing po-directories commands
config.status:1050: executing po/stamp-it commands
configure:28730: === configuring in mediastreamer2 (/home/jerome/Desktop/linphone-3.0.0/mediastreamer2)
configure:28833: running /bin/bash ./configure '--prefix=/usr/local'  --cache-file=/dev/null --srcdir=.
configure:28730: === configuring in oRTP (/home/jerome/Desktop/linphone-3.0.0/oRTP)
configure:28833: running /bin/bash ./configure '--prefix=/usr/local'  --cache-file=/dev/null --srcdir=.

## ---------------- ##
## Cache variables. ##
## ---------------- ##

ac_cv_build=i686-pc-linux-gnu
ac_cv_c_bigendian=no
ac_cv_c_compiler_gnu=yes
ac_cv_c_inline=inline
ac_cv_cxx_compiler_gnu=yes
ac_cv_env_CCC_set=
ac_cv_env_CCC_value=
ac_cv_env_CC_set=
ac_cv_env_CC_value=
ac_cv_env_CFLAGS_set=
ac_cv_env_CFLAGS_value=
ac_cv_env_CPPFLAGS_set=
ac_cv_env_CPPFLAGS_value=
ac_cv_env_CPP_set=
ac_cv_env_CPP_value=
ac_cv_env_CXXCPP_set=
ac_cv_env_CXXCPP_value=
ac_cv_env_CXXFLAGS_set=
ac_cv_env_CXXFLAGS_value=
ac_cv_env_CXX_set=
ac_cv_env_CXX_value=
ac_cv_env_F77_set=
ac_cv_env_F77_value=
ac_cv_env_FFLAGS_set=
ac_cv_env_FFLAGS_value=
ac_cv_env_LDFLAGS_set=
ac_cv_env_LDFLAGS_value=
ac_cv_env_LIBGLADE_CFLAGS_set=
ac_cv_env_LIBGLADE_CFLAGS_value=
ac_cv_env_LIBGLADE_LIBS_set=
ac_cv_env_LIBGLADE_LIBS_value=
ac_cv_env_LIBGTK_CFLAGS_set=
ac_cv_env_LIBGTK_CFLAGS_value=
ac_cv_env_LIBGTK_LIBS_set=
ac_cv_env_LIBGTK_LIBS_value=
ac_cv_env_LIBS_set=
ac_cv_env_LIBS_value=
ac_cv_env_ORTP_CFLAGS_set=
ac_cv_env_ORTP_CFLAGS_value=
ac_cv_env_ORTP_LIBS_set=
ac_cv_env_ORTP_LIBS_value=
ac_cv_env_OSIP_CFLAGS_set=
ac_cv_env_OSIP_CFLAGS_value=
ac_cv_env_OSIP_LIBS_set=
ac_cv_env_OSIP_LIBS_value=
ac_cv_env_PKG_CONFIG_set=
ac_cv_env_PKG_CONFIG_value=
ac_cv_env_SPEEX_CFLAGS_set=
ac_cv_env_SPEEX_CFLAGS_value=
ac_cv_env_SPEEX_LIBS_set=
ac_cv_env_SPEEX_LIBS_value=
ac_cv_env_build_alias_set=
ac_cv_env_build_alias_value=
ac_cv_env_host_alias_set=
ac_cv_env_host_alias_value=
ac_cv_env_target_alias_set=
ac_cv_env_target_alias_value=
ac_cv_f77_compiler_gnu=no
ac_cv_func_get_current_dir_name=yes
ac_cv_func_getifaddrs=yes
ac_cv_func_stpcpy=yes
ac_cv_func_strndup=yes
ac_cv_header_dlfcn_h=yes
ac_cv_header_eXosip2_eXosip_h=yes
ac_cv_header_history_h=no
ac_cv_header_inttypes_h=yes
ac_cv_header_memory_h=yes
ac_cv_header_readline_h=no
ac_cv_header_readline_history_h=yes
ac_cv_header_readline_readline_h=yes
ac_cv_header_stdc=yes
ac_cv_header_stdint_h=yes
ac_cv_header_stdlib_h=yes
ac_cv_header_string_h=yes
ac_cv_header_strings_h=yes
ac_cv_header_sys_stat_h=yes
ac_cv_header_sys_types_h=yes
ac_cv_header_unistd_h=yes
ac_cv_host=i686-pc-linux-gnu
ac_cv_lib_cposix_strerror=no
ac_cv_lib_eXosip2_eXosip_get_version=yes
ac_cv_lib_eXosip2_eXosip_subscribe_remove=yes
ac_cv_lib_intl_libintl_gettext=no
ac_cv_lib_readline_readline=yes
ac_cv_objext=o
ac_cv_path_EGREP='/bin/grep -E'
ac_cv_path_GMSGFMT=/usr/bin/msgfmt
ac_cv_path_GREP=/bin/grep
ac_cv_path_INTLTOOL_EXTRACT=/usr/bin/intltool-extract
ac_cv_path_INTLTOOL_MERGE=/usr/bin/intltool-merge
ac_cv_path_INTLTOOL_PERL=/usr/bin/perl
ac_cv_path_INTLTOOL_UPDATE=/usr/bin/intltool-update
ac_cv_path_MSGFMT=/usr/bin/msgfmt
ac_cv_path_MSGMERGE=/usr/bin/msgmerge
ac_cv_path_XGETTEXT=/usr/bin/xgettext
ac_cv_path_ac_pt_PKG_CONFIG=/usr/bin/pkg-config
ac_cv_path_install='/usr/bin/install -c'
ac_cv_prog_AWK=mawk
ac_cv_prog_CPP='gcc -E'
ac_cv_prog_CXXCPP='g++ -E'
ac_cv_prog_ac_ct_AR=ar
ac_cv_prog_ac_ct_CC=gcc
ac_cv_prog_ac_ct_CXX=g++
ac_cv_prog_ac_ct_RANLIB=ranlib
ac_cv_prog_ac_ct_STRIP=strip
ac_cv_prog_cc_c89=
ac_cv_prog_cc_g=yes
ac_cv_prog_cxx_g=yes
ac_cv_prog_f77_g=no
ac_cv_prog_have_sgmltools=no
ac_cv_prog_make_make_set=yes
acl_cv_hardcode_direct=no
acl_cv_hardcode_libdir_flag_spec='${wl}-rpath ${wl}$libdir'
acl_cv_hardcode_libdir_separator=
acl_cv_hardcode_minus_L=no
acl_cv_libext=a
acl_cv_path_LD=/usr/bin/ld
acl_cv_prog_gnu_ld=yes
acl_cv_rpath=done
acl_cv_shlibext=so
acl_cv_wl=-Wl,
am_cv_CC_dependencies_compiler_type=gcc3
am_cv_CXX_dependencies_compiler_type=gcc3
am_cv_prog_cc_stdc=
am_cv_prog_tar_ustar=gnutar
gt_cv_func_CFLocaleCopyCurrent=no
gt_cv_func_CFPreferencesCopyAppValue=no
gt_cv_func_gnugettext1_libc=yes
lt_cv_deplibs_check_method=pass_all
lt_cv_file_magic_cmd='$MAGIC_CMD'
lt_cv_file_magic_test_file=
lt_cv_ld_reload_flag=-r
lt_cv_objdir=.libs
lt_cv_path_LD=/usr/bin/ld
lt_cv_path_LDCXX=/usr/bin/ld
lt_cv_path_NM='/usr/bin/nm -B'
lt_cv_path_SED=/bin/sed
lt_cv_prog_compiler_c_o=yes
lt_cv_prog_compiler_c_o_CXX=yes
lt_cv_prog_compiler_pic_works=yes
lt_cv_prog_compiler_pic_works_CXX=yes
lt_cv_prog_compiler_rtti_exceptions=no
lt_cv_prog_compiler_static_works=yes
lt_cv_prog_compiler_static_works_CXX=yes
lt_cv_prog_gnu_ld=yes
lt_cv_prog_gnu_ldcxx=yes
lt_cv_sys_global_symbol_pipe='sed -n -e '\''s/^.*[ 	]\([ABCDGIRSTW][ABCDGIRSTW]*\)[ 	][ 	]*\([_A-Za-z][_A-Za-z0-9]*\)$/\1 \2 \2/p'\'''
lt_cv_sys_global_symbol_to_c_name_address='sed -n -e '\''s/^: \([^ ]*\) $/  {\"\1\", (lt_ptr) 0},/p'\'' -e '\''s/^[BCDEGRST] \([^ ]*\) \([^ ]*\)$/  {"\2", (lt_ptr) \&\2},/p'\'''
lt_cv_sys_global_symbol_to_cdecl='sed -n -e '\''s/^. .* \(.*\)$/extern int \1;/p'\'''
lt_cv_sys_lib_dlsearch_path_spec='/lib /usr/lib /lib/i486-linux-gnu /usr/lib/i486-linux-gnu /usr/local/lib '
lt_cv_sys_lib_search_path_spec='/usr/lib/gcc/i486-linux-gnu/4.2.3 /usr/lib /lib'
lt_cv_sys_max_cmd_len=98304
lt_lt_cv_prog_compiler_c_o='"yes"'
lt_lt_cv_prog_compiler_c_o_CXX='"yes"'
lt_lt_cv_sys_global_symbol_pipe='"sed -n -e '\''s/^.*[ 	]\\([ABCDGIRSTW][ABCDGIRSTW]*\\)[ 	][ 	]*\\([_A-Za-z][_A-Za-z0-9]*\\)\$/\\1 \\2 \\2/p'\''"'
lt_lt_cv_sys_global_symbol_to_c_name_address='"sed -n -e '\''s/^: \\([^ ]*\\) \$/  {\\\"\\1\\\", (lt_ptr) 0},/p'\'' -e '\''s/^[BCDEGRST] \\([^ ]*\\) \\([^ ]*\\)\$/  {\"\\2\", (lt_ptr) \\&\\2},/p'\''"'
lt_lt_cv_sys_global_symbol_to_cdecl='"sed -n -e '\''s/^. .* \\(.*\\)\$/extern int \\1;/p'\''"'
pkg_cv_LIBGLADE_CFLAGS='-I/usr/include/libglade-2.0 -I/usr/include/gtk-2.0 -I/usr/include/libxml2 -I/usr/lib/gtk-2.0/include -I/usr/include/atk-1.0 -I/usr/include/cairo -I/usr/include/pango-1.0 -I/usr/include/glib-2.0 -I/usr/lib/glib-2.0/include -I/usr/include/freetype2 -I/usr/include/libpng12 -I/usr/include/pixman-1  '
pkg_cv_LIBGLADE_LIBS='-lglade-2.0 -lgtk-x11-2.0 -lxml2 -lgdk-x11-2.0 -latk-1.0 -lgdk_pixbuf-2.0 -lm -lpangocairo-1.0 -lpango-1.0 -lcairo -lgobject-2.0 -lgmodule-2.0 -ldl -lglib-2.0  '
pkg_cv_LIBGTK_CFLAGS='-pthread -I/usr/include/gtk-2.0 -I/usr/lib/gtk-2.0/include -I/usr/include/atk-1.0 -I/usr/include/cairo -I/usr/include/pango-1.0 -I/usr/include/glib-2.0 -I/usr/lib/glib-2.0/include -I/usr/include/freetype2 -I/usr/include/libpng12 -I/usr/include/pixman-1  '
pkg_cv_LIBGTK_LIBS='-pthread -lgtk-x11-2.0 -lgdk-x11-2.0 -latk-1.0 -lgdk_pixbuf-2.0 -lm -lpangocairo-1.0 -lpango-1.0 -lcairo -lgobject-2.0 -lgmodule-2.0 -ldl -lgthread-2.0 -lrt -lglib-2.0  '
pkg_cv_OSIP_CFLAGS='-DOSIP_MT -DHAVE_PTHREAD  '
pkg_cv_OSIP_LIBS='-losipparser2 -losip2  '
pkg_cv_SPEEX_CFLAGS=' '
pkg_cv_SPEEX_LIBS='-lspeex  '

## ----------------- ##
## Output variables. ##
## ----------------- ##

ACLOCAL='${SHELL} /home/jerome/Desktop/linphone-3.0.0/missing --run aclocal-1.9'
ALL_LINGUAS='fr it de ja es pl cs nl sv pt_BR hu'
AMDEPBACKSLASH='\'
AMDEP_FALSE='#'
AMDEP_TRUE=''
AMTAR='${SHELL} /home/jerome/Desktop/linphone-3.0.0/missing --run tar'
AR='ar'
ARMBUILD_FALSE=''
ARMBUILD_TRUE='#'
AUTOCONF='${SHELL} /home/jerome/Desktop/linphone-3.0.0/missing --run autoconf'
AUTOHEADER='${SHELL} /home/jerome/Desktop/linphone-3.0.0/missing --run autoheader'
AUTOMAKE='${SHELL} /home/jerome/Desktop/linphone-3.0.0/missing --run automake-1.9'
AWK='mawk'
BUILD_CONSOLE_FALSE='#'
BUILD_CONSOLE_TRUE=''
BUILD_GLADE_UI_FALSE='#'
BUILD_GLADE_UI_TRUE=''
BUILD_TRUESPEECH_FALSE=''
BUILD_TRUESPEECH_TRUE='#'
CC='gcc'
CCDEPMODE='depmode=gcc3'
CFLAGS='-g -O2 -fno-strict-aliasing'
CPP='gcc -E'
CPPFLAGS=''
CXX='g++'
CXXCPP='g++ -E'
CXXDEPMODE='depmode=gcc3'
CXXFLAGS='-g -O2'
CYGPATH_W='echo'
DATADIRNAME='share'
DEFS='-DHAVE_CONFIG_H'
DEPDIR='.deps'
DSYMUTIL=''
ECHO='echo'
ECHO_C=''
ECHO_N='-n'
ECHO_T=''
EGREP='/bin/grep -E'
ENABLE_MANUAL_FALSE=''
ENABLE_MANUAL_TRUE='#'
EXEEXT=''
EXOSIP_CFLAGS='-DOSIP_MT -DHAVE_PTHREAD   -DOSIP_MT '
EXOSIP_LIBS='-losipparser2 -losip2   -leXosip2  '
EXTERNAL_ORTP_FALSE=''
EXTERNAL_ORTP_TRUE='#'
F77=''
FFLAGS=''
GETTEXT_PACKAGE='linphone'
GMSGFMT='/usr/bin/msgfmt'
GMSGFMT_015='/usr/bin/msgfmt'
GREP='/bin/grep'
INSTALL_DATA='${INSTALL} -m 644'
INSTALL_PROGRAM='${INSTALL}'
INSTALL_SCRIPT='${INSTALL}'
INSTALL_STRIP_PROGRAM='${SHELL} $(install_sh) -c -s'
INTLLIBS=''
INTLTOOL_CAVES_RULE='%.caves:     %.caves.in     $(INTLTOOL_MERGE) $(wildcard $(top_srcdir)/po/*.po) ; LC_ALL=C $(INTLTOOL_MERGE) -d -u -c $(top_builddir)/po/.intltool-merge-cache $(top_srcdir)/po $< $@'
INTLTOOL_DESKTOP_RULE='%.desktop:   %.desktop.in   $(INTLTOOL_MERGE) $(wildcard $(top_srcdir)/po/*.po) ; LC_ALL=C $(INTLTOOL_MERGE) -d -u -c $(top_builddir)/po/.intltool-merge-cache $(top_srcdir)/po $< $@'
INTLTOOL_DIRECTORY_RULE='%.directory: %.directory.in $(INTLTOOL_MERGE) $(wildcard $(top_srcdir)/po/*.po) ; LC_ALL=C $(INTLTOOL_MERGE) -d -u -c $(top_builddir)/po/.intltool-merge-cache $(top_srcdir)/po $< $@'
INTLTOOL_EXTRACT='/usr/bin/intltool-extract'
INTLTOOL_KBD_RULE='%.kbd:       %.kbd.in       $(INTLTOOL_MERGE) $(wildcard $(top_srcdir)/po/*.po) ; LC_ALL=C $(INTLTOOL_MERGE) -x -u -m -c $(top_builddir)/po/.intltool-merge-cache $(top_srcdir)/po $< $@'
INTLTOOL_KEYS_RULE='%.keys:      %.keys.in      $(INTLTOOL_MERGE) $(wildcard $(top_srcdir)/po/*.po) ; LC_ALL=C $(INTLTOOL_MERGE) -k -u -c $(top_builddir)/po/.intltool-merge-cache $(top_srcdir)/po $< $@'
INTLTOOL_MERGE='/usr/bin/intltool-merge'
INTLTOOL_OAF_RULE='%.oaf:       %.oaf.in       $(INTLTOOL_MERGE) $(wildcard $(top_srcdir)/po/*.po) ; LC_ALL=C $(INTLTOOL_MERGE) -o -p $(top_srcdir)/po $< $@'
INTLTOOL_PERL='/usr/bin/perl'
INTLTOOL_POLICY_RULE='%.policy:    %.policy.in    $(INTLTOOL_MERGE) $(wildcard $(top_srcdir)/po/*.po) ; LC_ALL=C $(INTLTOOL_MERGE) -x -u -c $(top_builddir)/po/.intltool-merge-cache $(top_srcdir)/po $< $@'
INTLTOOL_PONG_RULE='%.pong:      %.pong.in      $(INTLTOOL_MERGE) $(wildcard $(top_srcdir)/po/*.po) ; LC_ALL=C $(INTLTOOL_MERGE) -x -u -c $(top_builddir)/po/.intltool-merge-cache $(top_srcdir)/po $< $@'
INTLTOOL_PROP_RULE='%.prop:      %.prop.in      $(INTLTOOL_MERGE) $(wildcard $(top_srcdir)/po/*.po) ; LC_ALL=C $(INTLTOOL_MERGE) -d -u -c $(top_builddir)/po/.intltool-merge-cache $(top_srcdir)/po $< $@'
INTLTOOL_SCHEMAS_RULE='%.schemas:   %.schemas.in   $(INTLTOOL_MERGE) $(wildcard $(top_srcdir)/po/*.po) ; LC_ALL=C $(INTLTOOL_MERGE) -s -u -c $(top_builddir)/po/.intltool-merge-cache $(top_srcdir)/po $< $@'
INTLTOOL_SERVER_RULE='%.server:    %.server.in    $(INTLTOOL_MERGE) $(wildcard $(top_srcdir)/po/*.po) ; LC_ALL=C $(INTLTOOL_MERGE) -o -u -c $(top_builddir)/po/.intltool-merge-cache $(top_srcdir)/po $< $@'
INTLTOOL_SERVICE_RULE='%.service: %.service.in   $(INTLTOOL_MERGE) $(wildcard $(top_srcdir)/po/*.po) ; LC_ALL=C $(INTLTOOL_MERGE) -d -u -c $(top_builddir)/po/.intltool-merge-cache $(top_srcdir)/po $< $@'
INTLTOOL_SHEET_RULE='%.sheet:     %.sheet.in     $(INTLTOOL_MERGE) $(wildcard $(top_srcdir)/po/*.po) ; LC_ALL=C $(INTLTOOL_MERGE) -x -u -c $(top_builddir)/po/.intltool-merge-cache $(top_srcdir)/po $< $@'
INTLTOOL_SOUNDLIST_RULE='%.soundlist: %.soundlist.in $(INTLTOOL_MERGE) $(wildcard $(top_srcdir)/po/*.po) ; LC_ALL=C $(INTLTOOL_MERGE) -d -u -c $(top_builddir)/po/.intltool-merge-cache $(top_srcdir)/po $< $@'
INTLTOOL_THEME_RULE='%.theme:     %.theme.in     $(INTLTOOL_MERGE) $(wildcard $(top_srcdir)/po/*.po) ; LC_ALL=C $(INTLTOOL_MERGE) -d -u -c $(top_builddir)/po/.intltool-merge-cache $(top_srcdir)/po $< $@'
INTLTOOL_UI_RULE='%.ui:        %.ui.in        $(INTLTOOL_MERGE) $(wildcard $(top_srcdir)/po/*.po) ; LC_ALL=C $(INTLTOOL_MERGE) -x -u -c $(top_builddir)/po/.intltool-merge-cache $(top_srcdir)/po $< $@'
INTLTOOL_UPDATE='/usr/bin/intltool-update'
INTLTOOL_XAM_RULE='%.xam:       %.xml.in       $(INTLTOOL_MERGE) $(wildcard $(top_srcdir)/po/*.po) ; LC_ALL=C $(INTLTOOL_MERGE) -x -u -c $(top_builddir)/po/.intltool-merge-cache $(top_srcdir)/po $< $@'
INTLTOOL_XML_NOMERGE_RULE='%.xml:       %.xml.in       $(INTLTOOL_MERGE) ; LC_ALL=C $(INTLTOOL_MERGE) -x -u /tmp $< $@'
INTLTOOL_XML_RULE='%.xml:       %.xml.in       $(INTLTOOL_MERGE) $(wildcard $(top_srcdir)/po/*.po) ; LC_ALL=C $(INTLTOOL_MERGE) -x -u -c $(top_builddir)/po/.intltool-merge-cache $(top_srcdir)/po $< $@'
INTL_MACOSX_LIBS=''
IPV6_CFLAGS='-DINET6'
LDFLAGS=''
LIBGLADE_CFLAGS='-I/usr/include/libglade-2.0 -I/usr/include/gtk-2.0 -I/usr/include/libxml2 -I/usr/lib/gtk-2.0/include -I/usr/include/atk-1.0 -I/usr/include/cairo -I/usr/include/pango-1.0 -I/usr/include/glib-2.0 -I/usr/lib/glib-2.0/include -I/usr/include/freetype2 -I/usr/include/libpng12 -I/usr/include/pixman-1  '
LIBGLADE_LIBS='-lglade-2.0 -lgtk-x11-2.0 -lxml2 -lgdk-x11-2.0 -latk-1.0 -lgdk_pixbuf-2.0 -lm -lpangocairo-1.0 -lpango-1.0 -lcairo -lgobject-2.0 -lgmodule-2.0 -ldl -lglib-2.0  '
LIBGTK_CFLAGS='-pthread -I/usr/include/gtk-2.0 -I/usr/lib/gtk-2.0/include -I/usr/include/atk-1.0 -I/usr/include/cairo -I/usr/include/pango-1.0 -I/usr/include/glib-2.0 -I/usr/lib/glib-2.0/include -I/usr/include/freetype2 -I/usr/include/libpng12 -I/usr/include/pixman-1  '
LIBGTK_LIBS='-pthread -lgtk-x11-2.0 -lgdk-x11-2.0 -latk-1.0 -lgdk_pixbuf-2.0 -lm -lpangocairo-1.0 -lpango-1.0 -lcairo -lgobject-2.0 -lgmodule-2.0 -ldl -lgthread-2.0 -lrt -lglib-2.0  '
LIBICONV='-liconv'
LIBINTL=''
LIBLINPHONE_SO_VERSION='3:0:0'
LIBOBJS=''
LIBS=''
LIBTOOL='$(SHELL) $(top_builddir)/libtool'
LINPHONE_CFLAGS='-I${prefix}/include -I${prefix}/include/linphone -I${prefix}/include/ortp '
LINPHONE_LIBS='-L${exec_prefix}/lib  -llinphone'
LINPHONE_VERSION='3.0.0.'
LN_S='ln -s'
LTLIBICONV='-liconv'
LTLIBINTL=''
LTLIBOBJS=''
MAKEINFO='${SHELL} /home/jerome/Desktop/linphone-3.0.0/missing --run makeinfo'
MS2_VERSION='2.2.2'
MSGFMT='/usr/bin/msgfmt'
MSGFMT_015='/usr/bin/msgfmt'
MSGMERGE='/usr/bin/msgmerge'
NMEDIT=''
OBJEXT='o'
ORTP_CFLAGS='-I$(top_srcdir)/oRTP/include'
ORTP_LIBS='$(top_builddir)/oRTP/src/libortp.la'
ORTP_VERSION='0.15.0'
OSIP_CFLAGS='-DOSIP_MT -DHAVE_PTHREAD  '
OSIP_LIBS='-losipparser2 -losip2  '
PACKAGE='linphone'
PACKAGE_BUGREPORT='linphone-developers@nongnu.org'
PACKAGE_NAME='linphone'
PACKAGE_STRING='linphone 3.0.0'
PACKAGE_TARNAME='linphone'
PACKAGE_VERSION='3.0.0'
PATH_SEPARATOR=':'
PKG_CONFIG='/usr/bin/pkg-config'
POSUB='po'
RANLIB='ranlib'
READLINE_CFLAGS=''
READLINE_LIBS=' -lreadline -lncurses'
SED='/bin/sed'
SET_MAKE=''
SHELL='/bin/bash'
SPEEX_CFLAGS=' '
SPEEX_LIBS='-lspeex  '
STRICT_OPTIONS='-Wall -Wp,-D_FORTIFY_SOURCE=2 -Werror'
STRIP='strip'
TRUESPEECH_CFLAGS=''
USE_NLS='yes'
VERSION='3.0.0'
XGETTEXT='/usr/bin/xgettext'
XGETTEXT_015='/usr/bin/xgettext'
ac_ct_CC='gcc'
ac_ct_CXX='g++'
ac_ct_F77=''
am__fastdepCC_FALSE='#'
am__fastdepCC_TRUE=''
am__fastdepCXX_FALSE='#'
am__fastdepCXX_TRUE=''
am__include='include'
am__leading_dot='.'
am__quote=''
am__tar='tar --format=ustar -chf - "$$tardir"'
am__untar='tar -xf -'
bindir='${exec_prefix}/bin'
build='i686-pc-linux-gnu'
build_alias=''
build_cpu='i686'
build_os='linux-gnu'
build_vendor='pc'
datadir='${datarootdir}'
datarootdir='${prefix}/share'
docdir='${datarootdir}/doc/${PACKAGE_TARNAME}'
dvidir='${docdir}'
exec_prefix='${prefix}'
have_sgmltools='no'
host='i686-pc-linux-gnu'
host_alias=''
host_cpu='i686'
host_os='linux-gnu'
host_vendor='pc'
htmldir='${docdir}'
includedir='${prefix}/include'
infodir='${datarootdir}/info'
install_sh='/home/jerome/Desktop/linphone-3.0.0/install-sh'
libdir='${exec_prefix}/lib'
libexecdir='${exec_prefix}/libexec'
localedir='${datarootdir}/locale'
localstatedir='${prefix}/var'
mandir='${datarootdir}/man'
mkdir_p='mkdir -p --'
oldincludedir='/usr/include'
pdfdir='${docdir}'
prefix='/usr/local'
program_transform_name='s,x,x,'
psdir='${docdir}'
sbindir='${exec_prefix}/sbin'
sharedstatedir='${prefix}/com'
subdirs=' mediastreamer2 oRTP'
sysconfdir='${prefix}/etc'
target_alias=''

## ----------- ##
## confdefs.h. ##
## ----------- ##

#define PACKAGE_NAME "linphone"
#define PACKAGE_TARNAME "linphone"
#define PACKAGE_VERSION "3.0.0"
#define PACKAGE_STRING "linphone 3.0.0"
#define PACKAGE_BUGREPORT "linphone-developers@nongnu.org"
#define PACKAGE "linphone"
#define VERSION "3.0.0"
#define STDC_HEADERS 1
#define HAVE_SYS_TYPES_H 1
#define HAVE_SYS_STAT_H 1
#define HAVE_STDLIB_H 1
#define HAVE_STRING_H 1
#define HAVE_MEMORY_H 1
#define HAVE_STRINGS_H 1
#define HAVE_INTTYPES_H 1
#define HAVE_STDINT_H 1
#define HAVE_UNISTD_H 1
#define HAVE_DLFCN_H 1
#define ENABLE_NLS 1
#define HAVE_GETTEXT 1
#define HAVE_DCGETTEXT 1
#define GETTEXT_PACKAGE "linphone"
#define HAVE_GET_CURRENT_DIR_NAME 1
#define HAVE_STRNDUP 1
#define HAVE_STPCPY 1
#define PACKAGE_LOCALE_DIR "/usr/local/share/locale"
#define PACKAGE_DATA_DIR "/usr/local/share"
#define PACKAGE_SOUND_DIR "/usr/local/share/sounds/linphone"
#define HAVE_GETIFADDRS 1
#define HAVE_LIBEXOSIP2 1
#define HAVE_EXOSIP_GET_VERSION 1
#define HAVE_READLINE_READLINE_H 1
#define HAVE_READLINE_HISTORY_H 1
#define VIDEO_ENABLED 1
#define LINPHONE_VERSION "3.0.0"

configure: exit 0
