This file contains any messages produced by compilers while
running configure, to aid debugging if configure makes a mistake.

It was created by ortp configure 0.15.0, which was
generated by GNU Autoconf 2.61.  Invocation command line was

  $ ./configure --prefix=/usr/local --cache-file=/dev/null --srcdir=.

## --------- ##
## Platform. ##
## --------- ##

hostname = lt.parakeeto.ath.cx
uname -m = i686
uname -r = 2.6.24-16-generic
uname -s = Linux
uname -v = #1 SMP Thu Apr 10 13:23:42 UTC 2008

/usr/bin/uname -p = unknown
/bin/uname -X     = unknown

/bin/arch              = unknown
/usr/bin/arch -k       = unknown
/usr/convex/getsysinfo = unknown
/usr/bin/hostinfo      = unknown
/bin/machine           = unknown
/usr/bin/oslevel       = unknown
/bin/universe          = unknown

PATH: /usr/local/sbin
PATH: /usr/local/bin
PATH: /usr/sbin
PATH: /usr/bin
PATH: /sbin
PATH: /bin
PATH: /usr/games


## ----------- ##
## Core tests. ##
## ----------- ##

configure:2009: checking build system type
configure:2027: result: i686-pc-linux-gnu
configure:2049: checking host system type
configure:2064: result: i686-pc-linux-gnu
configure:2086: checking target system type
configure:2101: result: i686-pc-linux-gnu
configure:2166: checking for a BSD-compatible install
configure:2222: result: /usr/bin/install -c
configure:2233: checking whether build environment is sane
configure:2276: result: yes
configure:2341: checking for gawk
configure:2371: result: no
configure:2341: checking for mawk
configure:2357: found /usr/bin/mawk
configure:2368: result: mawk
configure:2379: checking whether make sets $(MAKE)
configure:2400: result: yes
configure:2579: checking how to create a ustar tar archive
configure:2592: tar --version
tar (GNU tar) 1.19
Copyright (C) 2007 Free Software Foundation, Inc.
License GPLv3+: GNU GPL version 3 or later <http://gnu.org/licenses/gpl.html>
This is free software: you are free to change and redistribute it.
There is NO WARRANTY, to the extent permitted by law.

Written by John Gilmore and Jay Fenlason.
configure:2595: $? = 0
configure:2635: tardir=conftest.dir && eval tar --format=ustar -chf - "$tardir" >conftest.tar
configure:2638: $? = 0
configure:2642: tar -xf - <conftest.tar
configure:2645: $? = 0
configure:2658: result: gnutar
configure:2690: checking warning make an error on compilation
configure:2831: checking for gcc
configure:2847: found /usr/bin/gcc
configure:2858: result: gcc
configure:3096: checking for C compiler version
configure:3103: gcc --version >&5
gcc (GCC) 4.2.3 (Ubuntu 4.2.3-2ubuntu7)
Copyright (C) 2007 Free Software Foundation, Inc.
This is free software; see the source for copying conditions.  There is NO
warranty; not even for MERCHANTABILITY or FITNESS FOR A PARTICULAR PURPOSE.

configure:3106: $? = 0
configure:3113: gcc -v >&5
Using built-in specs.
Target: i486-linux-gnu
Configured with: ../src/configure -v --enable-languages=c,c++,fortran,objc,obj-c++,treelang --prefix=/usr --enable-shared --with-system-zlib --libexecdir=/usr/lib --without-included-gettext --enable-threads=posix --enable-nls --with-gxx-include-dir=/usr/include/c++/4.2 --program-suffix=-4.2 --enable-clocale=gnu --enable-libstdcxx-debug --enable-objc-gc --enable-mpfr --enable-targets=all --enable-checking=release --build=i486-linux-gnu --host=i486-linux-gnu --target=i486-linux-gnu
Thread model: posix
gcc version 4.2.3 (Ubuntu 4.2.3-2ubuntu7)
configure:3116: $? = 0
configure:3123: gcc -V >&5
gcc: '-V' option must have argument
configure:3126: $? = 1
configure:3149: checking for C compiler default output file name
configure:3176: gcc    conftest.c  >&5
configure:3179: $? = 0
configure:3217: result: a.out
configure:3234: checking whether the C compiler works
configure:3244: ./a.out
configure:3247: $? = 0
configure:3264: result: yes
configure:3271: checking whether we are cross compiling
configure:3273: result: no
configure:3276: checking for suffix of executables
configure:3283: gcc -o conftest    conftest.c  >&5
configure:3286: $? = 0
configure:3310: result: 
configure:3316: checking for suffix of object files
configure:3342: gcc -c   conftest.c >&5
configure:3345: $? = 0
configure:3368: result: o
configure:3372: checking whether we are using the GNU C compiler
configure:3401: gcc -c   conftest.c >&5
configure:3407: $? = 0
configure:3424: result: yes
configure:3429: checking whether gcc accepts -g
configure:3459: gcc -c -g  conftest.c >&5
configure:3465: $? = 0
configure:3564: result: yes
configure:3581: checking for gcc option to accept ISO C89
configure:3655: gcc  -c -g -O2  conftest.c >&5
configure:3661: $? = 0
configure:3684: result: none needed
configure:3713: checking for style of include used by make
configure:3741: result: GNU
configure:3769: checking dependency style of gcc
configure:3859: result: gcc3
configure:3948: checking for a sed that does not truncate output
configure:4004: result: /bin/sed
configure:4007: checking for grep that handles long lines and -e
configure:4081: result: /bin/grep
configure:4086: checking for egrep
configure:4164: result: /bin/grep -E
configure:4180: checking for ld used by gcc
configure:4247: result: /usr/bin/ld
configure:4256: checking if the linker (/usr/bin/ld) is GNU ld
configure:4271: result: yes
configure:4276: checking for /usr/bin/ld option to reload object files
configure:4283: result: -r
configure:4301: checking for BSD-compatible nm
configure:4350: result: /usr/bin/nm -B
configure:4354: checking whether ln -s works
configure:4358: result: yes
configure:4365: checking how to recognize dependent libraries
configure:4551: result: pass_all
configure:4796: checking how to run the C preprocessor
configure:4836: gcc -E  conftest.c
configure:4842: $? = 0
configure:4873: gcc -E  conftest.c
conftest.c:14:28: error: ac_nonexistent.h: No such file or directory
configure:4879: $? = 1
configure: failed program was:
| /* confdefs.h.  */
| #define PACKAGE_NAME "ortp"
| #define PACKAGE_TARNAME "ortp"
| #define PACKAGE_VERSION "0.15.0"
| #define PACKAGE_STRING "ortp 0.15.0"
| #define PACKAGE_BUGREPORT ""
| #define PACKAGE "ortp"
| #define VERSION "0.15.0"
| #define ORTP_MAJOR_VERSION 0
| #define ORTP_MINOR_VERSION 15
| #define ORTP_MICRO_VERSION 0
| #define ORTP_VERSION "0.15.0"
| /* end confdefs.h.  */
| #include <ac_nonexistent.h>
configure:4912: result: gcc -E
configure:4941: gcc -E  conftest.c
configure:4947: $? = 0
configure:4978: gcc -E  conftest.c
conftest.c:14:28: error: ac_nonexistent.h: No such file or directory
configure:4984: $? = 1
configure: failed program was:
| /* confdefs.h.  */
| #define PACKAGE_NAME "ortp"
| #define PACKAGE_TARNAME "ortp"
| #define PACKAGE_VERSION "0.15.0"
| #define PACKAGE_STRING "ortp 0.15.0"
| #define PACKAGE_BUGREPORT ""
| #define PACKAGE "ortp"
| #define VERSION "0.15.0"
| #define ORTP_MAJOR_VERSION 0
| #define ORTP_MINOR_VERSION 15
| #define ORTP_MICRO_VERSION 0
| #define ORTP_VERSION "0.15.0"
| /* end confdefs.h.  */
| #include <ac_nonexistent.h>
configure:5022: checking for ANSI C header files
configure:5052: gcc -c -g -O2  conftest.c >&5
configure:5058: $? = 0
configure:5157: gcc -o conftest -g -O2   conftest.c  >&5
configure:5160: $? = 0
configure:5166: ./conftest
configure:5169: $? = 0
configure:5186: result: yes
configure:5210: checking for sys/types.h
configure:5231: gcc -c -g -O2  conftest.c >&5
configure:5237: $? = 0
configure:5253: result: yes
configure:5210: checking for sys/stat.h
configure:5231: gcc -c -g -O2  conftest.c >&5
configure:5237: $? = 0
configure:5253: result: yes
configure:5210: checking for stdlib.h
configure:5231: gcc -c -g -O2  conftest.c >&5
configure:5237: $? = 0
configure:5253: result: yes
configure:5210: checking for string.h
configure:5231: gcc -c -g -O2  conftest.c >&5
configure:5237: $? = 0
configure:5253: result: yes
configure:5210: checking for memory.h
configure:5231: gcc -c -g -O2  conftest.c >&5
configure:5237: $? = 0
configure:5253: result: yes
configure:5210: checking for strings.h
configure:5231: gcc -c -g -O2  conftest.c >&5
configure:5237: $? = 0
configure:5253: result: yes
configure:5210: checking for inttypes.h
configure:5231: gcc -c -g -O2  conftest.c >&5
configure:5237: $? = 0
configure:5253: result: yes
configure:5210: checking for stdint.h
configure:5231: gcc -c -g -O2  conftest.c >&5
configure:5237: $? = 0
configure:5253: result: yes
configure:5210: checking for unistd.h
configure:5231: gcc -c -g -O2  conftest.c >&5
configure:5237: $? = 0
configure:5253: result: yes
configure:5280: checking dlfcn.h usability
configure:5297: gcc -c -g -O2  conftest.c >&5
configure:5303: $? = 0
configure:5317: result: yes
configure:5321: checking dlfcn.h presence
configure:5336: gcc -E  conftest.c
configure:5342: $? = 0
configure:5356: result: yes
configure:5384: checking for dlfcn.h
configure:5392: result: yes
configure:5463: checking for g++
configure:5479: found /usr/bin/g++
configure:5490: result: g++
configure:5521: checking for C++ compiler version
configure:5528: g++ --version >&5
g++ (GCC) 4.2.3 (Ubuntu 4.2.3-2ubuntu7)
Copyright (C) 2007 Free Software Foundation, Inc.
This is free software; see the source for copying conditions.  There is NO
warranty; not even for MERCHANTABILITY or FITNESS FOR A PARTICULAR PURPOSE.

configure:5531: $? = 0
configure:5538: g++ -v >&5
Using built-in specs.
Target: i486-linux-gnu
Configured with: ../src/configure -v --enable-languages=c,c++,fortran,objc,obj-c++,treelang --prefix=/usr --enable-shared --with-system-zlib --libexecdir=/usr/lib --without-included-gettext --enable-threads=posix --enable-nls --with-gxx-include-dir=/usr/include/c++/4.2 --program-suffix=-4.2 --enable-clocale=gnu --enable-libstdcxx-debug --enable-objc-gc --enable-mpfr --enable-targets=all --enable-checking=release --build=i486-linux-gnu --host=i486-linux-gnu --target=i486-linux-gnu
Thread model: posix
gcc version 4.2.3 (Ubuntu 4.2.3-2ubuntu7)
configure:5541: $? = 0
configure:5548: g++ -V >&5
g++: '-V' option must have argument
configure:5551: $? = 1
configure:5554: checking whether we are using the GNU C++ compiler
configure:5583: g++ -c   conftest.cpp >&5
configure:5589: $? = 0
configure:5606: result: yes
configure:5611: checking whether g++ accepts -g
configure:5641: g++ -c -g  conftest.cpp >&5
configure:5647: $? = 0
configure:5746: result: yes
configure:5771: checking dependency style of g++
configure:5861: result: gcc3
configure:5888: checking how to run the C++ preprocessor
configure:5924: g++ -E  conftest.cpp
configure:5930: $? = 0
configure:5961: g++ -E  conftest.cpp
conftest.cpp:25:28: error: ac_nonexistent.h: No such file or directory
configure:5967: $? = 1
configure: failed program was:
| /* confdefs.h.  */
| #define PACKAGE_NAME "ortp"
| #define PACKAGE_TARNAME "ortp"
| #define PACKAGE_VERSION "0.15.0"
| #define PACKAGE_STRING "ortp 0.15.0"
| #define PACKAGE_BUGREPORT ""
| #define PACKAGE "ortp"
| #define VERSION "0.15.0"
| #define ORTP_MAJOR_VERSION 0
| #define ORTP_MINOR_VERSION 15
| #define ORTP_MICRO_VERSION 0
| #define ORTP_VERSION "0.15.0"
| #define STDC_HEADERS 1
| #define HAVE_SYS_TYPES_H 1
| #define HAVE_SYS_STAT_H 1
| #define HAVE_STDLIB_H 1
| #define HAVE_STRING_H 1
| #define HAVE_MEMORY_H 1
| #define HAVE_STRINGS_H 1
| #define HAVE_INTTYPES_H 1
| #define HAVE_STDINT_H 1
| #define HAVE_UNISTD_H 1
| #define HAVE_DLFCN_H 1
| /* end confdefs.h.  */
| #include <ac_nonexistent.h>
configure:6000: result: g++ -E
configure:6029: g++ -E  conftest.cpp
configure:6035: $? = 0
configure:6066: g++ -E  conftest.cpp
conftest.cpp:25:28: error: ac_nonexistent.h: No such file or directory
configure:6072: $? = 1
configure: failed program was:
| /* confdefs.h.  */
| #define PACKAGE_NAME "ortp"
| #define PACKAGE_TARNAME "ortp"
| #define PACKAGE_VERSION "0.15.0"
| #define PACKAGE_STRING "ortp 0.15.0"
| #define PACKAGE_BUGREPORT ""
| #define PACKAGE "ortp"
| #define VERSION "0.15.0"
| #define ORTP_MAJOR_VERSION 0
| #define ORTP_MINOR_VERSION 15
| #define ORTP_MICRO_VERSION 0
| #define ORTP_VERSION "0.15.0"
| #define STDC_HEADERS 1
| #define HAVE_SYS_TYPES_H 1
| #define HAVE_SYS_STAT_H 1
| #define HAVE_STDLIB_H 1
| #define HAVE_STRING_H 1
| #define HAVE_MEMORY_H 1
| #define HAVE_STRINGS_H 1
| #define HAVE_INTTYPES_H 1
| #define HAVE_STDINT_H 1
| #define HAVE_UNISTD_H 1
| #define HAVE_DLFCN_H 1
| /* end confdefs.h.  */
| #include <ac_nonexistent.h>
configure:6165: checking for g77
configure:6195: result: no
configure:6165: checking for xlf
configure:6195: result: no
configure:6165: checking for f77
configure:6195: result: no
configure:6165: checking for frt
configure:6195: result: no
configure:6165: checking for pgf77
configure:6195: result: no
configure:6165: checking for cf77
configure:6195: result: no
configure:6165: checking for fort77
configure:6195: result: no
configure:6165: checking for fl32
configure:6195: result: no
configure:6165: checking for af77
configure:6195: result: no
configure:6165: checking for xlf90
configure:6195: result: no
configure:6165: checking for f90
configure:6195: result: no
configure:6165: checking for pgf90
configure:6195: result: no
configure:6165: checking for pghpf
configure:6195: result: no
configure:6165: checking for epcf90
configure:6195: result: no
configure:6165: checking for gfortran
configure:6195: result: no
configure:6165: checking for g95
configure:6195: result: no
configure:6165: checking for xlf95
configure:6195: result: no
configure:6165: checking for f95
configure:6195: result: no
configure:6165: checking for fort
configure:6195: result: no
configure:6165: checking for ifort
configure:6195: result: no
configure:6165: checking for ifc
configure:6195: result: no
configure:6165: checking for efc
configure:6195: result: no
configure:6165: checking for pgf95
configure:6195: result: no
configure:6165: checking for lf95
configure:6195: result: no
configure:6165: checking for ftn
configure:6195: result: no
configure:6222: checking for Fortran 77 compiler version
configure:6229:  --version >&5
./configure: line 6230: --version: command not found
configure:6232: $? = 127
configure:6239:  -v >&5
./configure: line 6240: -v: command not found
configure:6242: $? = 127
configure:6249:  -V >&5
./configure: line 6250: -V: command not found
configure:6252: $? = 127
configure:6260: checking whether we are using the GNU Fortran 77 compiler
configure:6279:  -c  conftest.F >&5
./configure: line 6280: -c: command not found
configure:6285: $? = 127
configure: failed program was:
|       program main
| #ifndef __GNUC__
|        choke me
| #endif
| 
|       end
configure:6302: result: no
configure:6308: checking whether  accepts -g
configure:6325:  -c -g conftest.f >&5
./configure: line 6326: -c: command not found
configure:6331: $? = 127
configure: failed program was:
|       program main
| 
|       end
configure:6347: result: no
configure:6376: checking the maximum length of command line arguments
configure:6488: result: 98304
configure:6500: checking command to parse /usr/bin/nm -B output from gcc object
configure:6605: gcc -c -g -O2  conftest.c >&5
configure:6608: $? = 0
configure:6612: /usr/bin/nm -B conftest.o \| sed -n -e 's/^.*[ 	]\([ABCDGIRSTW][ABCDGIRSTW]*\)[ 	][ 	]*\([_A-Za-z][_A-Za-z0-9]*\)$/\1 \2 \2/p' \> conftest.nm
configure:6615: $? = 0
configure:6667: gcc -o conftest -g -O2   conftest.c conftstm.o >&5
configure:6670: $? = 0
configure:6708: result: ok
configure:6712: checking for objdir
configure:6727: result: .libs
configure:6819: checking for ar
configure:6835: found /usr/bin/ar
configure:6846: result: ar
configure:6915: checking for ranlib
configure:6931: found /usr/bin/ranlib
configure:6942: result: ranlib
configure:7011: checking for strip
configure:7027: found /usr/bin/strip
configure:7038: result: strip
configure:7636: checking if gcc supports -fno-rtti -fno-exceptions
configure:7654: gcc -c -g -O2  -fno-rtti -fno-exceptions conftest.c >&5
cc1: warning: command line option "-fno-rtti" is valid for C++/ObjC++ but not for C
configure:7658: $? = 0
configure:7671: result: no
configure:7686: checking for gcc option to produce PIC
configure:7918: result: -fPIC
configure:7926: checking if gcc PIC flag -fPIC works
configure:7944: gcc -c -g -O2  -fPIC -DPIC conftest.c >&5
configure:7948: $? = 0
configure:7961: result: yes
configure:7989: checking if gcc static flag -static works
configure:8017: result: yes
configure:8027: checking if gcc supports -c -o file.o
configure:8048: gcc -c -g -O2  -o out/conftest2.o conftest.c >&5
configure:8052: $? = 0
configure:8074: result: yes
configure:8100: checking whether the gcc linker (/usr/bin/ld) supports shared libraries
configure:9081: result: yes
configure:9102: checking whether -lc should be explicitly linked in
configure:9107: gcc -c -g -O2  conftest.c >&5
configure:9110: $? = 0
configure:9125: gcc -shared conftest.o  -v -Wl,-soname -Wl,conftest -o conftest 2\>\&1 \| grep  -lc  \>/dev/null 2\>\&1
configure:9128: $? = 0
configure:9140: result: no
configure:9148: checking dynamic linker characteristics
configure:9762: result: GNU/Linux ld.so
configure:9786: checking how to hardcode library paths into programs
configure:9811: result: immediate
configure:9825: checking whether stripping libraries is possible
configure:9830: result: yes
configure:10632: checking if libtool supports shared libraries
configure:10634: result: yes
configure:10637: checking whether to build shared libraries
configure:10658: result: yes
configure:10661: checking whether to build static libraries
configure:10665: result: yes
configure:10759: creating libtool
configure:11352: checking for ld used by g++
configure:11419: result: /usr/bin/ld
configure:11428: checking if the linker (/usr/bin/ld) is GNU ld
configure:11443: result: yes
configure:11494: checking whether the g++ linker (/usr/bin/ld) supports shared libraries
configure:12440: result: yes
configure:12457: g++ -c -g -O2  conftest.cpp >&5
configure:12460: $? = 0
configure:12616: checking for g++ option to produce PIC
configure:12900: result: -fPIC
configure:12908: checking if g++ PIC flag -fPIC works
configure:12926: g++ -c -g -O2  -fPIC -DPIC conftest.cpp >&5
configure:12930: $? = 0
configure:12943: result: yes
configure:12971: checking if g++ static flag -static works
configure:12999: result: yes
configure:13009: checking if g++ supports -c -o file.o
configure:13030: g++ -c -g -O2  -o out/conftest2.o conftest.cpp >&5
configure:13034: $? = 0
configure:13056: result: yes
configure:13082: checking whether the g++ linker (/usr/bin/ld) supports shared libraries
configure:13111: result: yes
configure:13178: checking dynamic linker characteristics
configure:13740: result: GNU/Linux ld.so
configure:13764: checking how to hardcode library paths into programs
configure:13789: result: immediate
configure:20102: checking for seteuid
configure:20158: gcc -o conftest -g -O2 -Wall   conftest.c  >&5
configure:20164: $? = 0
configure:20182: result: yes
configure:20194: checking for pthread_mutex_init in -lpthread
configure:20229: gcc -o conftest -g -O2 -Wall   conftest.c -lpthread   >&5
configure:20235: $? = 0
configure:20253: result: yes
configure:20314: checking srtp/srtp.h usability
configure:20331: gcc -c -g -O2 -Wall  conftest.c >&5
conftest.c:60:23: error: srtp/srtp.h: No such file or directory
configure:20337: $? = 1
configure: failed program was:
| /* confdefs.h.  */
| #define PACKAGE_NAME "ortp"
| #define PACKAGE_TARNAME "ortp"
| #define PACKAGE_VERSION "0.15.0"
| #define PACKAGE_STRING "ortp 0.15.0"
| #define PACKAGE_BUGREPORT ""
| #define PACKAGE "ortp"
| #define VERSION "0.15.0"
| #define ORTP_MAJOR_VERSION 0
| #define ORTP_MINOR_VERSION 15
| #define ORTP_MICRO_VERSION 0
| #define ORTP_VERSION "0.15.0"
| #define STDC_HEADERS 1
| #define HAVE_SYS_TYPES_H 1
| #define HAVE_SYS_STAT_H 1
| #define HAVE_STDLIB_H 1
| #define HAVE_STRING_H 1
| #define HAVE_MEMORY_H 1
| #define HAVE_STRINGS_H 1
| #define HAVE_INTTYPES_H 1
| #define HAVE_STDINT_H 1
| #define HAVE_UNISTD_H 1
| #define HAVE_DLFCN_H 1
| #define HAVE_SETEUID 1
| #define ORTP_DEFAULT_THREAD_STACK_SIZE 0
| /* end confdefs.h.  */
| #include <stdio.h>
| #ifdef HAVE_SYS_TYPES_H
| # include <sys/types.h>
| #endif
| #ifdef HAVE_SYS_STAT_H
| # include <sys/stat.h>
| #endif
| #ifdef STDC_HEADERS
| # include <stdlib.h>
| # include <stddef.h>
| #else
| # ifdef HAVE_STDLIB_H
| #  include <stdlib.h>
| # endif
| #endif
| #ifdef HAVE_STRING_H
| # if !defined STDC_HEADERS && defined HAVE_MEMORY_H
| #  include <memory.h>
| # endif
| # include <string.h>
| #endif
| #ifdef HAVE_STRINGS_H
| # include <strings.h>
| #endif
| #ifdef HAVE_INTTYPES_H
| # include <inttypes.h>
| #endif
| #ifdef HAVE_STDINT_H
| # include <stdint.h>
| #endif
| #ifdef HAVE_UNISTD_H
| # include <unistd.h>
| #endif
| #include <srtp/srtp.h>
configure:20351: result: no
configure:20355: checking srtp/srtp.h presence
configure:20370: gcc -E  conftest.c
conftest.c:27:23: error: srtp/srtp.h: No such file or directory
configure:20376: $? = 1
configure: failed program was:
| /* confdefs.h.  */
| #define PACKAGE_NAME "ortp"
| #define PACKAGE_TARNAME "ortp"
| #define PACKAGE_VERSION "0.15.0"
| #define PACKAGE_STRING "ortp 0.15.0"
| #define PACKAGE_BUGREPORT ""
| #define PACKAGE "ortp"
| #define VERSION "0.15.0"
| #define ORTP_MAJOR_VERSION 0
| #define ORTP_MINOR_VERSION 15
| #define ORTP_MICRO_VERSION 0
| #define ORTP_VERSION "0.15.0"
| #define STDC_HEADERS 1
| #define HAVE_SYS_TYPES_H 1
| #define HAVE_SYS_STAT_H 1
| #define HAVE_STDLIB_H 1
| #define HAVE_STRING_H 1
| #define HAVE_MEMORY_H 1
| #define HAVE_STRINGS_H 1
| #define HAVE_INTTYPES_H 1
| #define HAVE_STDINT_H 1
| #define HAVE_UNISTD_H 1
| #define HAVE_DLFCN_H 1
| #define HAVE_SETEUID 1
| #define ORTP_DEFAULT_THREAD_STACK_SIZE 0
| /* end confdefs.h.  */
| #include <srtp/srtp.h>
configure:20390: result: no
configure:20418: checking for srtp/srtp.h
configure:20425: result: no
configure:20439: checking for srtp_init in -lsrtp
configure:20474: gcc -o conftest -g -O2 -Wall   -lsrtp conftest.c -lsrtp   >&5
/usr/bin/ld: cannot find -lsrtp
collect2: ld returned 1 exit status
configure:20480: $? = 1
configure: failed program was:
| /* confdefs.h.  */
| #define PACKAGE_NAME "ortp"
| #define PACKAGE_TARNAME "ortp"
| #define PACKAGE_VERSION "0.15.0"
| #define PACKAGE_STRING "ortp 0.15.0"
| #define PACKAGE_BUGREPORT ""
| #define PACKAGE "ortp"
| #define VERSION "0.15.0"
| #define ORTP_MAJOR_VERSION 0
| #define ORTP_MINOR_VERSION 15
| #define ORTP_MICRO_VERSION 0
| #define ORTP_VERSION "0.15.0"
| #define STDC_HEADERS 1
| #define HAVE_SYS_TYPES_H 1
| #define HAVE_SYS_STAT_H 1
| #define HAVE_STDLIB_H 1
| #define HAVE_STRING_H 1
| #define HAVE_MEMORY_H 1
| #define HAVE_STRINGS_H 1
| #define HAVE_INTTYPES_H 1
| #define HAVE_STDINT_H 1
| #define HAVE_UNISTD_H 1
| #define HAVE_DLFCN_H 1
| #define HAVE_SETEUID 1
| #define ORTP_DEFAULT_THREAD_STACK_SIZE 0
| /* end confdefs.h.  */
| 
| /* Override any GCC internal prototype to avoid an error.
|    Use char because int might match the return type of a GCC
|    builtin and then its argument prototype would still apply.  */
| #ifdef __cplusplus
| extern "C"
| #endif
| char srtp_init ();
| int
| main ()
| {
| return srtp_init ();
|   ;
|   return 0;
| }
configure:20498: result: no
configure:20515: Could not find libsrtp headers or lib, cryto transport disabled.
configure:20555: checking for ANSI C header files
configure:20719: result: yes
configure:20751: checking poll.h usability
configure:20768: gcc -c -g -O2 -Wall  conftest.c >&5
configure:20774: $? = 0
configure:20788: result: yes
configure:20792: checking poll.h presence
configure:20807: gcc -E  conftest.c
configure:20813: $? = 0
configure:20827: result: yes
configure:20855: checking for poll.h
configure:20863: result: yes
configure:20751: checking sys/poll.h usability
configure:20768: gcc -c -g -O2 -Wall  conftest.c >&5
configure:20774: $? = 0
configure:20788: result: yes
configure:20792: checking sys/poll.h presence
configure:20807: gcc -E  conftest.c
configure:20813: $? = 0
configure:20827: result: yes
configure:20855: checking for sys/poll.h
configure:20863: result: yes
configure:20751: checking sys/uio.h usability
configure:20768: gcc -c -g -O2 -Wall  conftest.c >&5
configure:20774: $? = 0
configure:20788: result: yes
configure:20792: checking sys/uio.h presence
configure:20807: gcc -E  conftest.c
configure:20813: $? = 0
configure:20827: result: yes
configure:20855: checking for sys/uio.h
configure:20863: result: yes
configure:20751: checking fcntl.h usability
configure:20768: gcc -c -g -O2 -Wall  conftest.c >&5
configure:20774: $? = 0
configure:20788: result: yes
configure:20792: checking fcntl.h presence
configure:20807: gcc -E  conftest.c
configure:20813: $? = 0
configure:20827: result: yes
configure:20855: checking for fcntl.h
configure:20863: result: yes
configure:20751: checking sys/time.h usability
configure:20768: gcc -c -g -O2 -Wall  conftest.c >&5
configure:20774: $? = 0
configure:20788: result: yes
configure:20792: checking sys/time.h presence
configure:20807: gcc -E  conftest.c
configure:20813: $? = 0
configure:20827: result: yes
configure:20855: checking for sys/time.h
configure:20863: result: yes
configure:20741: checking for unistd.h
configure:20747: result: yes
configure:20751: checking sys/audio.h usability
configure:20768: gcc -c -g -O2 -Wall  conftest.c >&5
conftest.c:67:23: error: sys/audio.h: No such file or directory
configure:20774: $? = 1
configure: failed program was:
| /* confdefs.h.  */
| #define PACKAGE_NAME "ortp"
| #define PACKAGE_TARNAME "ortp"
| #define PACKAGE_VERSION "0.15.0"
| #define PACKAGE_STRING "ortp 0.15.0"
| #define PACKAGE_BUGREPORT ""
| #define PACKAGE "ortp"
| #define VERSION "0.15.0"
| #define ORTP_MAJOR_VERSION 0
| #define ORTP_MINOR_VERSION 15
| #define ORTP_MICRO_VERSION 0
| #define ORTP_VERSION "0.15.0"
| #define STDC_HEADERS 1
| #define HAVE_SYS_TYPES_H 1
| #define HAVE_SYS_STAT_H 1
| #define HAVE_STDLIB_H 1
| #define HAVE_STRING_H 1
| #define HAVE_MEMORY_H 1
| #define HAVE_STRINGS_H 1
| #define HAVE_INTTYPES_H 1
| #define HAVE_STDINT_H 1
| #define HAVE_UNISTD_H 1
| #define HAVE_DLFCN_H 1
| #define HAVE_SETEUID 1
| #define ORTP_DEFAULT_THREAD_STACK_SIZE 0
| #define STDC_HEADERS 1
| #define HAVE_POLL_H 1
| #define HAVE_SYS_POLL_H 1
| #define HAVE_SYS_UIO_H 1
| #define HAVE_FCNTL_H 1
| #define HAVE_SYS_TIME_H 1
| #define HAVE_UNISTD_H 1
| /* end confdefs.h.  */
| #include <stdio.h>
| #ifdef HAVE_SYS_TYPES_H
| # include <sys/types.h>
| #endif
| #ifdef HAVE_SYS_STAT_H
| # include <sys/stat.h>
| #endif
| #ifdef STDC_HEADERS
| # include <stdlib.h>
| # include <stddef.h>
| #else
| # ifdef HAVE_STDLIB_H
| #  include <stdlib.h>
| # endif
| #endif
| #ifdef HAVE_STRING_H
| # if !defined STDC_HEADERS && defined HAVE_MEMORY_H
| #  include <memory.h>
| # endif
| # include <string.h>
| #endif
| #ifdef HAVE_STRINGS_H
| # include <strings.h>
| #endif
| #ifdef HAVE_INTTYPES_H
| # include <inttypes.h>
| #endif
| #ifdef HAVE_STDINT_H
| # include <stdint.h>
| #endif
| #ifdef HAVE_UNISTD_H
| # include <unistd.h>
| #endif
| #include <sys/audio.h>
configure:20788: result: no
configure:20792: checking sys/audio.h presence
configure:20807: gcc -E  conftest.c
conftest.c:34:23: error: sys/audio.h: No such file or directory
configure:20813: $? = 1
configure: failed program was:
| /* confdefs.h.  */
| #define PACKAGE_NAME "ortp"
| #define PACKAGE_TARNAME "ortp"
| #define PACKAGE_VERSION "0.15.0"
| #define PACKAGE_STRING "ortp 0.15.0"
| #define PACKAGE_BUGREPORT ""
| #define PACKAGE "ortp"
| #define VERSION "0.15.0"
| #define ORTP_MAJOR_VERSION 0
| #define ORTP_MINOR_VERSION 15
| #define ORTP_MICRO_VERSION 0
| #define ORTP_VERSION "0.15.0"
| #define STDC_HEADERS 1
| #define HAVE_SYS_TYPES_H 1
| #define HAVE_SYS_STAT_H 1
| #define HAVE_STDLIB_H 1
| #define HAVE_STRING_H 1
| #define HAVE_MEMORY_H 1
| #define HAVE_STRINGS_H 1
| #define HAVE_INTTYPES_H 1
| #define HAVE_STDINT_H 1
| #define HAVE_UNISTD_H 1
| #define HAVE_DLFCN_H 1
| #define HAVE_SETEUID 1
| #define ORTP_DEFAULT_THREAD_STACK_SIZE 0
| #define STDC_HEADERS 1
| #define HAVE_POLL_H 1
| #define HAVE_SYS_POLL_H 1
| #define HAVE_SYS_UIO_H 1
| #define HAVE_FCNTL_H 1
| #define HAVE_SYS_TIME_H 1
| #define HAVE_UNISTD_H 1
| /* end confdefs.h.  */
| #include <sys/audio.h>
configure:20827: result: no
configure:20855: checking for sys/audio.h
configure:20863: result: no
configure:20751: checking linux/soundcard.h usability
configure:20768: gcc -c -g -O2 -Wall  conftest.c >&5
configure:20774: $? = 0
configure:20788: result: yes
configure:20792: checking linux/soundcard.h presence
configure:20807: gcc -E  conftest.c
configure:20813: $? = 0
configure:20827: result: yes
configure:20855: checking for linux/soundcard.h
configure:20863: result: yes
configure:20877: checking for an ANSI C-conforming const
configure:20952: gcc -c -g -O2 -Wall  conftest.c >&5
conftest.c: In function 'main':
conftest.c:64: warning: 't' is used uninitialized in this function
conftest.c:80: warning: 'b' is used uninitialized in this function
conftest.c:86: warning: 'cs[0]' is used uninitialized in this function
configure:20958: $? = 0
configure:20973: result: yes
configure:20983: checking for inline
configure:21009: gcc -c -g -O2 -Wall  conftest.c >&5
configure:21015: $? = 0
configure:21033: result: inline
configure:21052: checking whether time.h and sys/time.h may both be included
configure:21082: gcc -c -g -O2 -Wall  conftest.c >&5
configure:21088: $? = 0
configure:21103: result: yes
configure:21113: checking whether byte ordering is bigendian
configure:21146: gcc -c -g -O2 -Wall  conftest.c >&5
configure:21152: $? = 0
configure:21184: gcc -c -g -O2 -Wall  conftest.c >&5
conftest.c: In function 'main':
conftest.c:43: error: 'not' undeclared (first use in this function)
conftest.c:43: error: (Each undeclared identifier is reported only once
conftest.c:43: error: for each function it appears in.)
conftest.c:43: error: expected ';' before 'big'
configure:21190: $? = 1
configure: failed program was:
| /* confdefs.h.  */
| #define PACKAGE_NAME "ortp"
| #define PACKAGE_TARNAME "ortp"
| #define PACKAGE_VERSION "0.15.0"
| #define PACKAGE_STRING "ortp 0.15.0"
| #define PACKAGE_BUGREPORT ""
| #define PACKAGE "ortp"
| #define VERSION "0.15.0"
| #define ORTP_MAJOR_VERSION 0
| #define ORTP_MINOR_VERSION 15
| #define ORTP_MICRO_VERSION 0
| #define ORTP_VERSION "0.15.0"
| #define STDC_HEADERS 1
| #define HAVE_SYS_TYPES_H 1
| #define HAVE_SYS_STAT_H 1
| #define HAVE_STDLIB_H 1
| #define HAVE_STRING_H 1
| #define HAVE_MEMORY_H 1
| #define HAVE_STRINGS_H 1
| #define HAVE_INTTYPES_H 1
| #define HAVE_STDINT_H 1
| #define HAVE_UNISTD_H 1
| #define HAVE_DLFCN_H 1
| #define HAVE_SETEUID 1
| #define ORTP_DEFAULT_THREAD_STACK_SIZE 0
| #define STDC_HEADERS 1
| #define HAVE_POLL_H 1
| #define HAVE_SYS_POLL_H 1
| #define HAVE_SYS_UIO_H 1
| #define HAVE_FCNTL_H 1
| #define HAVE_SYS_TIME_H 1
| #define HAVE_UNISTD_H 1
| #define HAVE_LINUX_SOUNDCARD_H 1
| #define TIME_WITH_SYS_TIME 1
| /* end confdefs.h.  */
| #include <sys/types.h>
| #include <sys/param.h>
| 
| int
| main ()
| {
| #if BYTE_ORDER != BIG_ENDIAN
|  not big endian
| #endif
| 
|   ;
|   return 0;
| }
configure:21330: result: no
configure:21359: checking for select
configure:21415: gcc -o conftest -g -O2 -Wall   conftest.c  >&5
configure:21421: $? = 0
configure:21439: result: yes
configure:21359: checking for socket
configure:21415: gcc -o conftest -g -O2 -Wall   conftest.c  >&5
configure:21421: $? = 0
configure:21439: result: yes
configure:21359: checking for strerror
configure:21415: gcc -o conftest -g -O2 -Wall   conftest.c  >&5
configure:21421: $? = 0
configure:21439: result: yes
configure:21477: checking for doxygen
configure:21508: result: false
configure:21531: checking for epm
configure:21562: result: false
configure:21572: checking for mkepmlist
configure:21603: result: false
configure:21613: checking for epminstall
configure:21644: result: false
configure:21855: creating ./config.status

## ---------------------- ##
## Running config.status. ##
## ---------------------- ##

This file was extended by ortp config.status 0.15.0, which was
generated by GNU Autoconf 2.61.  Invocation command line was

  CONFIG_FILES    = 
  CONFIG_HEADERS  = 
  CONFIG_LINKS    = 
  CONFIG_COMMANDS = 
  $ ./config.status 

on lt.parakeeto.ath.cx

config.status:706: creating Makefile
config.status:706: creating include/Makefile
config.status:706: creating include/ortp/Makefile
config.status:706: creating src/Makefile
config.status:706: creating src/tests/Makefile
config.status:706: creating src/tests/win_receiver/Makefile
config.status:706: creating src/tests/win_sender/Makefile
config.status:706: creating build/Makefile
config.status:706: creating build/win32native/Makefile
config.status:706: creating build/wince/Makefile
config.status:706: creating ortp.pc
config.status:706: creating ortp.spec
config.status:706: creating ortp.doxygen
config.status:706: creating ortp-config.h
config.status:946: ortp-config.h is unchanged
config.status:992: executing depfiles commands
configure:23167: WARNING: ortp-0.15.0 breaks compatibility with older releases, because value returned by rtp_session_recvm_with_ts() has
	changed. See the API documentation in doc/ for further readings.

## ---------------- ##
## Cache variables. ##
## ---------------- ##

ac_cv_build=i686-pc-linux-gnu
ac_cv_c_bigendian=no
ac_cv_c_compiler_gnu=yes
ac_cv_c_const=yes
ac_cv_c_inline=inline
ac_cv_cxx_compiler_gnu=yes
ac_cv_env_CCC_set=
ac_cv_env_CCC_value=
ac_cv_env_CC_set=
ac_cv_env_CC_value=
ac_cv_env_CFLAGS_set=
ac_cv_env_CFLAGS_value=
ac_cv_env_CPPFLAGS_set=
ac_cv_env_CPPFLAGS_value=
ac_cv_env_CPP_set=
ac_cv_env_CPP_value=
ac_cv_env_CXXCPP_set=
ac_cv_env_CXXCPP_value=
ac_cv_env_CXXFLAGS_set=
ac_cv_env_CXXFLAGS_value=
ac_cv_env_CXX_set=
ac_cv_env_CXX_value=
ac_cv_env_F77_set=
ac_cv_env_F77_value=
ac_cv_env_FFLAGS_set=
ac_cv_env_FFLAGS_value=
ac_cv_env_LDFLAGS_set=
ac_cv_env_LDFLAGS_value=
ac_cv_env_LIBS_set=
ac_cv_env_LIBS_value=
ac_cv_env_build_alias_set=
ac_cv_env_build_alias_value=
ac_cv_env_host_alias_set=
ac_cv_env_host_alias_value=
ac_cv_env_target_alias_set=
ac_cv_env_target_alias_value=
ac_cv_f77_compiler_gnu=no
ac_cv_func_select=yes
ac_cv_func_seteuid=yes
ac_cv_func_socket=yes
ac_cv_func_strerror=yes
ac_cv_header_dlfcn_h=yes
ac_cv_header_fcntl_h=yes
ac_cv_header_inttypes_h=yes
ac_cv_header_linux_soundcard_h=yes
ac_cv_header_memory_h=yes
ac_cv_header_poll_h=yes
ac_cv_header_srtp_srtp_h=no
ac_cv_header_stdc=yes
ac_cv_header_stdint_h=yes
ac_cv_header_stdlib_h=yes
ac_cv_header_string_h=yes
ac_cv_header_strings_h=yes
ac_cv_header_sys_audio_h=no
ac_cv_header_sys_poll_h=yes
ac_cv_header_sys_stat_h=yes
ac_cv_header_sys_time_h=yes
ac_cv_header_sys_types_h=yes
ac_cv_header_sys_uio_h=yes
ac_cv_header_time=yes
ac_cv_header_unistd_h=yes
ac_cv_host=i686-pc-linux-gnu
ac_cv_lib_pthread_pthread_mutex_init=yes
ac_cv_lib_srtp_srtp_init=no
ac_cv_objext=o
ac_cv_path_DOXYGEN=false
ac_cv_path_EGREP='/bin/grep -E'
ac_cv_path_EPM=false
ac_cv_path_EPMINSTALL=false
ac_cv_path_GREP=/bin/grep
ac_cv_path_MKEPMLIST=false
ac_cv_path_install='/usr/bin/install -c'
ac_cv_prog_AWK=mawk
ac_cv_prog_CPP='gcc -E'
ac_cv_prog_CXXCPP='g++ -E'
ac_cv_prog_ac_ct_AR=ar
ac_cv_prog_ac_ct_CC=gcc
ac_cv_prog_ac_ct_CXX=g++
ac_cv_prog_ac_ct_RANLIB=ranlib
ac_cv_prog_ac_ct_STRIP=strip
ac_cv_prog_cc_c89=
ac_cv_prog_cc_g=yes
ac_cv_prog_cxx_g=yes
ac_cv_prog_f77_g=no
ac_cv_prog_make_make_set=yes
ac_cv_target=i686-pc-linux-gnu
am_cv_CC_dependencies_compiler_type=gcc3
am_cv_CXX_dependencies_compiler_type=gcc3
am_cv_prog_tar_ustar=gnutar
lt_cv_deplibs_check_method=pass_all
lt_cv_file_magic_cmd='$MAGIC_CMD'
lt_cv_file_magic_test_file=
lt_cv_ld_reload_flag=-r
lt_cv_objdir=.libs
lt_cv_path_LD=/usr/bin/ld
lt_cv_path_LDCXX=/usr/bin/ld
lt_cv_path_NM='/usr/bin/nm -B'
lt_cv_path_SED=/bin/sed
lt_cv_prog_compiler_c_o=yes
lt_cv_prog_compiler_c_o_CXX=yes
lt_cv_prog_compiler_pic_works=yes
lt_cv_prog_compiler_pic_works_CXX=yes
lt_cv_prog_compiler_rtti_exceptions=no
lt_cv_prog_compiler_static_works=yes
lt_cv_prog_compiler_static_works_CXX=yes
lt_cv_prog_gnu_ld=yes
lt_cv_prog_gnu_ldcxx=yes
lt_cv_sys_global_symbol_pipe='sed -n -e '\''s/^.*[ 	]\([ABCDGIRSTW][ABCDGIRSTW]*\)[ 	][ 	]*\([_A-Za-z][_A-Za-z0-9]*\)$/\1 \2 \2/p'\'''
lt_cv_sys_global_symbol_to_c_name_address='sed -n -e '\''s/^: \([^ ]*\) $/  {\"\1\", (lt_ptr) 0},/p'\'' -e '\''s/^[BCDEGRST] \([^ ]*\) \([^ ]*\)$/  {"\2", (lt_ptr) \&\2},/p'\'''
lt_cv_sys_global_symbol_to_cdecl='sed -n -e '\''s/^. .* \(.*\)$/extern int \1;/p'\'''
lt_cv_sys_lib_dlsearch_path_spec='/lib /usr/lib /lib/i486-linux-gnu /usr/lib/i486-linux-gnu /usr/local/lib '
lt_cv_sys_lib_search_path_spec='/usr/lib/gcc/i486-linux-gnu/4.2.3 /usr/lib /lib'
lt_cv_sys_max_cmd_len=98304
lt_lt_cv_prog_compiler_c_o='"yes"'
lt_lt_cv_prog_compiler_c_o_CXX='"yes"'
lt_lt_cv_sys_global_symbol_pipe='"sed -n -e '\''s/^.*[ 	]\\([ABCDGIRSTW][ABCDGIRSTW]*\\)[ 	][ 	]*\\([_A-Za-z][_A-Za-z0-9]*\\)\$/\\1 \\2 \\2/p'\''"'
lt_lt_cv_sys_global_symbol_to_c_name_address='"sed -n -e '\''s/^: \\([^ ]*\\) \$/  {\\\"\\1\\\", (lt_ptr) 0},/p'\'' -e '\''s/^[BCDEGRST] \\([^ ]*\\) \\([^ ]*\\)\$/  {\"\\2\", (lt_ptr) \\&\\2},/p'\''"'
lt_lt_cv_sys_global_symbol_to_cdecl='"sed -n -e '\''s/^. .* \\(.*\\)\$/extern int \\1;/p'\''"'

## ----------------- ##
## Output variables. ##
## ----------------- ##

ACLOCAL='${SHELL} /home/jerome/Desktop/linphone-3.0.0/missing --run aclocal-1.9'
AMDEPBACKSLASH='\'
AMDEP_FALSE='#'
AMDEP_TRUE=''
AMTAR='${SHELL} /home/jerome/Desktop/linphone-3.0.0/missing --run tar'
AR='ar'
ARCH='i386'
AUTOCONF='${SHELL} /home/jerome/Desktop/linphone-3.0.0/missing --run autoconf'
AUTOHEADER='${SHELL} /home/jerome/Desktop/linphone-3.0.0/missing --run autoheader'
AUTOMAKE='${SHELL} /home/jerome/Desktop/linphone-3.0.0/missing --run automake-1.9'
AWK='mawk'
CC='gcc'
CCDEPMODE='depmode=gcc3'
CFLAGS='-g -O2 -Wall -Werror   -DORTP_INET6'
CPP='gcc -E'
CPPFLAGS=''
CXX='g++'
CXXCPP='g++ -E'
CXXDEPMODE='depmode=gcc3'
CXXFLAGS='-g -O2'
CYGPATH_W='echo'
DEFS='-DHAVE_CONFIG_H'
DEPDIR='.deps'
DOXYGEN='false'
DSYMUTIL=''
ECHO='echo'
ECHO_C=''
ECHO_N='-n'
ECHO_T=''
EGREP='/bin/grep -E'
EPM='false'
EPMINSTALL='false'
EPM_PKG_EXT='deb'
EXEEXT=''
F77=''
FFLAGS=''
GREP='/bin/grep'
HAVE_DOXYGEN_FALSE=''
HAVE_DOXYGEN_TRUE='#'
INSTALL_DATA='${INSTALL} -m 644'
INSTALL_PROGRAM='${INSTALL}'
INSTALL_SCRIPT='${INSTALL}'
INSTALL_STRIP_PROGRAM='${SHELL} $(install_sh) -c -s'
LDFLAGS=''
LIBOBJS=''
LIBORTP_SO_VERSION='8:0:0'
LIBS=''
LIBTOOL='$(SHELL) $(top_builddir)/libtool'
LICENSE='LGPL'
LN_S='ln -s'
LTLIBOBJS=''
MAKEINFO='${SHELL} /home/jerome/Desktop/linphone-3.0.0/missing --run makeinfo'
MKEPMLIST='false'
NMEDIT=''
OBJEXT='o'
ORTPDEPS_CFLAGS=' -D_REENTRANT  -DORTP_INET6 '
ORTPDEPS_LDFLAGS=''
ORTPDEPS_LIBS=' -lpthread  '
ORTP_PKGCONFIG_VERSION='0.15.0'
ORTP_VERSION='0.15.0'
PACKAGE='ortp'
PACKAGER='anonymous'
PACKAGE_BUGREPORT=''
PACKAGE_NAME='ortp'
PACKAGE_STRING='ortp 0.15.0'
PACKAGE_TARNAME='ortp'
PACKAGE_VERSION='0.15.0'
PATH_SEPARATOR=':'
PTHREAD_CFLAGS='-D_REENTRANT'
PTHREAD_LDFLAGS=''
PTHREAD_LIBS='-lpthread'
RANLIB='ranlib'
RELEASE='1'
SED='/bin/sed'
SET_MAKE=''
SHELL='/bin/bash'
SRTP_CFLAGS=''
SRTP_LIBS=''
STRIP='strip'
SUMMARY='An LGPL implementation of RTP - RFC3550'
SYS_GROUP='root'
SYS_USER='root'
VENDOR='Linphone'
VERSION='0.15.0'
WITH_EPM_FALSE=''
WITH_EPM_TRUE='#'
ac_ct_CC='gcc'
ac_ct_CXX='g++'
ac_ct_F77=''
am__fastdepCC_FALSE='#'
am__fastdepCC_TRUE=''
am__fastdepCXX_FALSE='#'
am__fastdepCXX_TRUE=''
am__include='include'
am__leading_dot='.'
am__quote=''
am__tar='tar --format=ustar -chf - "$$tardir"'
am__untar='tar -xf -'
bindir='${exec_prefix}/bin'
build='i686-pc-linux-gnu'
build_alias=''
build_cpu='i686'
build_os='linux-gnu'
build_vendor='pc'
datadir='${datarootdir}'
datarootdir='${prefix}/share'
docdir='${datarootdir}/doc/${PACKAGE_TARNAME}'
dvidir='${docdir}'
exec_prefix='${prefix}'
host='i686-pc-linux-gnu'
host_alias=''
host_cpu='i686'
host_os='linux-gnu'
host_vendor='pc'
htmldir='${docdir}'
includedir='${prefix}/include'
infodir='${datarootdir}/info'
install_sh='/home/jerome/Desktop/linphone-3.0.0/install-sh'
libdir='${exec_prefix}/lib'
libexecdir='${exec_prefix}/libexec'
localedir='${datarootdir}/locale'
localstatedir='${prefix}/var'
mandir='${datarootdir}/man'
mkdir_p='mkdir -p --'
oldincludedir='/usr/include'
pdfdir='${docdir}'
prefix='/usr/local'
program_transform_name='s,x,x,'
psdir='${docdir}'
sbindir='${exec_prefix}/sbin'
sharedstatedir='${prefix}/com'
sysconfdir='${prefix}/etc'
target='i686-pc-linux-gnu'
target_alias=''
target_cpu='i686'
target_os='linux-gnu'
target_vendor='pc'

## ----------- ##
## confdefs.h. ##
## ----------- ##

#define PACKAGE_NAME "ortp"
#define PACKAGE_TARNAME "ortp"
#define PACKAGE_VERSION "0.15.0"
#define PACKAGE_STRING "ortp 0.15.0"
#define PACKAGE_BUGREPORT ""
#define PACKAGE "ortp"
#define VERSION "0.15.0"
#define ORTP_MAJOR_VERSION 0
#define ORTP_MINOR_VERSION 15
#define ORTP_MICRO_VERSION 0
#define ORTP_VERSION "0.15.0"
#define STDC_HEADERS 1
#define HAVE_SYS_TYPES_H 1
#define HAVE_SYS_STAT_H 1
#define HAVE_STDLIB_H 1
#define HAVE_STRING_H 1
#define HAVE_MEMORY_H 1
#define HAVE_STRINGS_H 1
#define HAVE_INTTYPES_H 1
#define HAVE_STDINT_H 1
#define HAVE_UNISTD_H 1
#define HAVE_DLFCN_H 1
#define HAVE_SETEUID 1
#define ORTP_DEFAULT_THREAD_STACK_SIZE 0
#define STDC_HEADERS 1
#define HAVE_POLL_H 1
#define HAVE_SYS_POLL_H 1
#define HAVE_SYS_UIO_H 1
#define HAVE_FCNTL_H 1
#define HAVE_SYS_TIME_H 1
#define HAVE_UNISTD_H 1
#define HAVE_LINUX_SOUNDCARD_H 1
#define TIME_WITH_SYS_TIME 1
#define HAVE_SELECT 1
#define HAVE_SOCKET 1
#define HAVE_STRERROR 1
#define POSIXTIMER_INTERVAL 10000

configure: exit 0
