2010-09-06 15:38:59,292 root         INFO     RxboxEngine Start
2010-09-06 15:38:59,292 InitState    INFO     State Machine: InitState Start
2010-09-06 15:38:59,316 InitState    ERROR    Dynamic Port Allocation Failed
Traceback (most recent call last):
  File "/home/luke/Rxbox 1.0/States/InitState/__init__.py", line 24, in start
    self._logger.info('ECG: /dev/ttyUSB%s'%ecgport[0])
IndexError: string index out of range

2010-09-06 15:38:59,474 SnapshotControl INFO     SnapshotControl Module Initialized
2010-09-06 15:38:59,564 BP           INFO     BP Module Initialized
2010-09-06 15:38:59,566 SPO2         INFO     SPO2 Module Initialized
2010-09-06 15:38:59,576 ECG          INFO     ECG Module Initialized
2010-09-06 15:38:59,637 VoIP         INFO     VoIP Module Initialized
2010-09-06 15:38:59,638 IM           INFO     IM Module Initialized
2010-09-06 15:38:59,645 Snapshot     INFO     Snapshot Module Initialized
2010-09-06 15:38:59,782 InitState    INFO     State Machine: InitState Stop
2010-09-06 15:38:59,782 StandbyState INFO     State Machine: StandbyState Start
2010-09-06 15:39:02,112 StandbyState INFO     State Machine: StandbyState Stop
2010-09-06 15:39:02,112 ExitState    INFO     State Machine: ExitState Start
2010-09-06 15:39:02,113 ExitState    INFO     Configurations Saved
2010-09-06 15:39:02,171 ExitState    INFO     State Machine: ExitState Stop
2010-09-06 15:39:02,172 root         INFO     RxboxEngine Exit
