This file contains any messages produced by compilers while
running configure, to aid debugging if configure makes a mistake.

It was created by mediastreamer configure 2.2.2, which was
generated by GNU Autoconf 2.61.  Invocation command line was

  $ ./configure --prefix=/usr/local --enable-gtk-ui=no --cache-file=/dev/null --srcdir=.

## --------- ##
## Platform. ##
## --------- ##

hostname = lt.parakeeto.ath.cx
uname -m = i686
uname -r = 2.6.24-16-generic
uname -s = Linux
uname -v = #1 SMP Thu Apr 10 13:23:42 UTC 2008

/usr/bin/uname -p = unknown
/bin/uname -X     = unknown

/bin/arch              = unknown
/usr/bin/arch -k       = unknown
/usr/convex/getsysinfo = unknown
/usr/bin/hostinfo      = unknown
/bin/machine           = unknown
/usr/bin/oslevel       = unknown
/bin/universe          = unknown

PATH: /usr/local/sbin
PATH: /usr/local/bin
PATH: /usr/sbin
PATH: /usr/bin
PATH: /sbin
PATH: /bin
PATH: /usr/games


## ----------- ##
## Core tests. ##
## ----------- ##

configure:2068: mediastreamer-2.2.2		A mediastreaming library for telephony application.
configure:2070: licensed under the terms of the General Public License (GPL)
configure:2110: checking build system type
configure:2128: result: i686-pc-linux-gnu
configure:2150: checking host system type
configure:2165: result: i686-pc-linux-gnu
configure:2187: checking target system type
configure:2202: result: i686-pc-linux-gnu
configure:2250: result: Building Package on linux
configure:2267: checking for a BSD-compatible install
configure:2323: result: /usr/bin/install -c
configure:2334: checking whether build environment is sane
configure:2377: result: yes
configure:2442: checking for gawk
configure:2472: result: no
configure:2442: checking for mawk
configure:2458: found /usr/bin/mawk
configure:2469: result: mawk
configure:2480: checking whether make sets $(MAKE)
configure:2501: result: yes
configure:2680: checking how to create a ustar tar archive
configure:2693: tar --version
tar (GNU tar) 1.19
Copyright (C) 2007 Free Software Foundation, Inc.
License GPLv3+: GNU GPL version 3 or later <http://gnu.org/licenses/gpl.html>
This is free software: you are free to change and redistribute it.
There is NO WARRANTY, to the extent permitted by law.

Written by John Gilmore and Jay Fenlason.
configure:2696: $? = 0
configure:2736: tardir=conftest.dir && eval tar --format=ustar -chf - "$tardir" >conftest.tar
configure:2739: $? = 0
configure:2743: tar -xf - <conftest.tar
configure:2746: $? = 0
configure:2759: result: gnutar
configure:2791: checking warning make an error on compilation
configure:2885: checking for gcc
configure:2901: found /usr/bin/gcc
configure:2912: result: gcc
configure:3150: checking for C compiler version
configure:3157: gcc --version >&5
gcc (GCC) 4.2.3 (Ubuntu 4.2.3-2ubuntu7)
Copyright (C) 2007 Free Software Foundation, Inc.
This is free software; see the source for copying conditions.  There is NO
warranty; not even for MERCHANTABILITY or FITNESS FOR A PARTICULAR PURPOSE.

configure:3160: $? = 0
configure:3167: gcc -v >&5
Using built-in specs.
Target: i486-linux-gnu
Configured with: ../src/configure -v --enable-languages=c,c++,fortran,objc,obj-c++,treelang --prefix=/usr --enable-shared --with-system-zlib --libexecdir=/usr/lib --without-included-gettext --enable-threads=posix --enable-nls --with-gxx-include-dir=/usr/include/c++/4.2 --program-suffix=-4.2 --enable-clocale=gnu --enable-libstdcxx-debug --enable-objc-gc --enable-mpfr --enable-targets=all --enable-checking=release --build=i486-linux-gnu --host=i486-linux-gnu --target=i486-linux-gnu
Thread model: posix
gcc version 4.2.3 (Ubuntu 4.2.3-2ubuntu7)
configure:3170: $? = 0
configure:3177: gcc -V >&5
gcc: '-V' option must have argument
configure:3180: $? = 1
configure:3203: checking for C compiler default output file name
configure:3230: gcc -DORTP_INET6   -DINET6   conftest.c  >&5
configure:3233: $? = 0
configure:3271: result: a.out
configure:3288: checking whether the C compiler works
configure:3298: ./a.out
configure:3301: $? = 0
configure:3318: result: yes
configure:3325: checking whether we are cross compiling
configure:3327: result: no
configure:3330: checking for suffix of executables
configure:3337: gcc -o conftest -DORTP_INET6   -DINET6   conftest.c  >&5
configure:3340: $? = 0
configure:3364: result: 
configure:3370: checking for suffix of object files
configure:3396: gcc -c -DORTP_INET6   -DINET6  conftest.c >&5
configure:3399: $? = 0
configure:3422: result: o
configure:3426: checking whether we are using the GNU C compiler
configure:3455: gcc -c -DORTP_INET6   -DINET6  conftest.c >&5
configure:3461: $? = 0
configure:3478: result: yes
configure:3483: checking whether gcc accepts -g
configure:3513: gcc -c -g  conftest.c >&5
configure:3519: $? = 0
configure:3618: result: yes
configure:3635: checking for gcc option to accept ISO C89
configure:3709: gcc  -c -DORTP_INET6   -DINET6  conftest.c >&5
configure:3715: $? = 0
configure:3738: result: none needed
configure:3767: checking for style of include used by make
configure:3795: result: GNU
configure:3823: checking dependency style of gcc
configure:3913: result: gcc3
configure:4002: checking for a sed that does not truncate output
configure:4058: result: /bin/sed
configure:4061: checking for grep that handles long lines and -e
configure:4135: result: /bin/grep
configure:4140: checking for egrep
configure:4218: result: /bin/grep -E
configure:4234: checking for ld used by gcc
configure:4301: result: /usr/bin/ld
configure:4310: checking if the linker (/usr/bin/ld) is GNU ld
configure:4325: result: yes
configure:4330: checking for /usr/bin/ld option to reload object files
configure:4337: result: -r
configure:4355: checking for BSD-compatible nm
configure:4404: result: /usr/bin/nm -B
configure:4408: checking whether ln -s works
configure:4412: result: yes
configure:4419: checking how to recognize dependent libraries
configure:4605: result: pass_all
configure:4850: checking how to run the C preprocessor
configure:4890: gcc -E  conftest.c
configure:4896: $? = 0
configure:4927: gcc -E  conftest.c
conftest.c:14:28: error: ac_nonexistent.h: No such file or directory
configure:4933: $? = 1
configure: failed program was:
| /* confdefs.h.  */
| #define PACKAGE_NAME "mediastreamer"
| #define PACKAGE_TARNAME "mediastreamer"
| #define PACKAGE_VERSION "2.2.2"
| #define PACKAGE_STRING "mediastreamer 2.2.2"
| #define PACKAGE_BUGREPORT ""
| #define PACKAGE "mediastreamer"
| #define VERSION "2.2.2"
| #define MEDIASTREAMER_MAJOR_VERSION 2
| #define MEDIASTREAMER_MINOR_VERSION 2
| #define MEDIASTREAMER_MICRO_VERSION 2
| #define MEDIASTREAMER_VERSION "2.2.2"
| /* end confdefs.h.  */
| #include <ac_nonexistent.h>
configure:4966: result: gcc -E
configure:4995: gcc -E  conftest.c
configure:5001: $? = 0
configure:5032: gcc -E  conftest.c
conftest.c:14:28: error: ac_nonexistent.h: No such file or directory
configure:5038: $? = 1
configure: failed program was:
| /* confdefs.h.  */
| #define PACKAGE_NAME "mediastreamer"
| #define PACKAGE_TARNAME "mediastreamer"
| #define PACKAGE_VERSION "2.2.2"
| #define PACKAGE_STRING "mediastreamer 2.2.2"
| #define PACKAGE_BUGREPORT ""
| #define PACKAGE "mediastreamer"
| #define VERSION "2.2.2"
| #define MEDIASTREAMER_MAJOR_VERSION 2
| #define MEDIASTREAMER_MINOR_VERSION 2
| #define MEDIASTREAMER_MICRO_VERSION 2
| #define MEDIASTREAMER_VERSION "2.2.2"
| /* end confdefs.h.  */
| #include <ac_nonexistent.h>
configure:5076: checking for ANSI C header files
configure:5106: gcc -c -DORTP_INET6   -DINET6  conftest.c >&5
configure:5112: $? = 0
configure:5211: gcc -o conftest -DORTP_INET6   -DINET6   conftest.c  >&5
configure:5214: $? = 0
configure:5220: ./conftest
configure:5223: $? = 0
configure:5240: result: yes
configure:5264: checking for sys/types.h
configure:5285: gcc -c -DORTP_INET6   -DINET6  conftest.c >&5
configure:5291: $? = 0
configure:5307: result: yes
configure:5264: checking for sys/stat.h
configure:5285: gcc -c -DORTP_INET6   -DINET6  conftest.c >&5
configure:5291: $? = 0
configure:5307: result: yes
configure:5264: checking for stdlib.h
configure:5285: gcc -c -DORTP_INET6   -DINET6  conftest.c >&5
configure:5291: $? = 0
configure:5307: result: yes
configure:5264: checking for string.h
configure:5285: gcc -c -DORTP_INET6   -DINET6  conftest.c >&5
configure:5291: $? = 0
configure:5307: result: yes
configure:5264: checking for memory.h
configure:5285: gcc -c -DORTP_INET6   -DINET6  conftest.c >&5
configure:5291: $? = 0
configure:5307: result: yes
configure:5264: checking for strings.h
configure:5285: gcc -c -DORTP_INET6   -DINET6  conftest.c >&5
configure:5291: $? = 0
configure:5307: result: yes
configure:5264: checking for inttypes.h
configure:5285: gcc -c -DORTP_INET6   -DINET6  conftest.c >&5
configure:5291: $? = 0
configure:5307: result: yes
configure:5264: checking for stdint.h
configure:5285: gcc -c -DORTP_INET6   -DINET6  conftest.c >&5
configure:5291: $? = 0
configure:5307: result: yes
configure:5264: checking for unistd.h
configure:5285: gcc -c -DORTP_INET6   -DINET6  conftest.c >&5
configure:5291: $? = 0
configure:5307: result: yes
configure:5334: checking dlfcn.h usability
configure:5351: gcc -c -DORTP_INET6   -DINET6  conftest.c >&5
configure:5357: $? = 0
configure:5371: result: yes
configure:5375: checking dlfcn.h presence
configure:5390: gcc -E  conftest.c
configure:5396: $? = 0
configure:5410: result: yes
configure:5438: checking for dlfcn.h
configure:5446: result: yes
configure:5517: checking for g++
configure:5533: found /usr/bin/g++
configure:5544: result: g++
configure:5575: checking for C++ compiler version
configure:5582: g++ --version >&5
g++ (GCC) 4.2.3 (Ubuntu 4.2.3-2ubuntu7)
Copyright (C) 2007 Free Software Foundation, Inc.
This is free software; see the source for copying conditions.  There is NO
warranty; not even for MERCHANTABILITY or FITNESS FOR A PARTICULAR PURPOSE.

configure:5585: $? = 0
configure:5592: g++ -v >&5
Using built-in specs.
Target: i486-linux-gnu
Configured with: ../src/configure -v --enable-languages=c,c++,fortran,objc,obj-c++,treelang --prefix=/usr --enable-shared --with-system-zlib --libexecdir=/usr/lib --without-included-gettext --enable-threads=posix --enable-nls --with-gxx-include-dir=/usr/include/c++/4.2 --program-suffix=-4.2 --enable-clocale=gnu --enable-libstdcxx-debug --enable-objc-gc --enable-mpfr --enable-targets=all --enable-checking=release --build=i486-linux-gnu --host=i486-linux-gnu --target=i486-linux-gnu
Thread model: posix
gcc version 4.2.3 (Ubuntu 4.2.3-2ubuntu7)
configure:5595: $? = 0
configure:5602: g++ -V >&5
g++: '-V' option must have argument
configure:5605: $? = 1
configure:5608: checking whether we are using the GNU C++ compiler
configure:5637: g++ -c   conftest.cpp >&5
configure:5643: $? = 0
configure:5660: result: yes
configure:5665: checking whether g++ accepts -g
configure:5695: g++ -c -g  conftest.cpp >&5
configure:5701: $? = 0
configure:5800: result: yes
configure:5825: checking dependency style of g++
configure:5915: result: gcc3
configure:5942: checking how to run the C++ preprocessor
configure:5978: g++ -E  conftest.cpp
configure:5984: $? = 0
configure:6015: g++ -E  conftest.cpp
conftest.cpp:25:28: error: ac_nonexistent.h: No such file or directory
configure:6021: $? = 1
configure: failed program was:
| /* confdefs.h.  */
| #define PACKAGE_NAME "mediastreamer"
| #define PACKAGE_TARNAME "mediastreamer"
| #define PACKAGE_VERSION "2.2.2"
| #define PACKAGE_STRING "mediastreamer 2.2.2"
| #define PACKAGE_BUGREPORT ""
| #define PACKAGE "mediastreamer"
| #define VERSION "2.2.2"
| #define MEDIASTREAMER_MAJOR_VERSION 2
| #define MEDIASTREAMER_MINOR_VERSION 2
| #define MEDIASTREAMER_MICRO_VERSION 2
| #define MEDIASTREAMER_VERSION "2.2.2"
| #define STDC_HEADERS 1
| #define HAVE_SYS_TYPES_H 1
| #define HAVE_SYS_STAT_H 1
| #define HAVE_STDLIB_H 1
| #define HAVE_STRING_H 1
| #define HAVE_MEMORY_H 1
| #define HAVE_STRINGS_H 1
| #define HAVE_INTTYPES_H 1
| #define HAVE_STDINT_H 1
| #define HAVE_UNISTD_H 1
| #define HAVE_DLFCN_H 1
| /* end confdefs.h.  */
| #include <ac_nonexistent.h>
configure:6054: result: g++ -E
configure:6083: g++ -E  conftest.cpp
configure:6089: $? = 0
configure:6120: g++ -E  conftest.cpp
conftest.cpp:25:28: error: ac_nonexistent.h: No such file or directory
configure:6126: $? = 1
configure: failed program was:
| /* confdefs.h.  */
| #define PACKAGE_NAME "mediastreamer"
| #define PACKAGE_TARNAME "mediastreamer"
| #define PACKAGE_VERSION "2.2.2"
| #define PACKAGE_STRING "mediastreamer 2.2.2"
| #define PACKAGE_BUGREPORT ""
| #define PACKAGE "mediastreamer"
| #define VERSION "2.2.2"
| #define MEDIASTREAMER_MAJOR_VERSION 2
| #define MEDIASTREAMER_MINOR_VERSION 2
| #define MEDIASTREAMER_MICRO_VERSION 2
| #define MEDIASTREAMER_VERSION "2.2.2"
| #define STDC_HEADERS 1
| #define HAVE_SYS_TYPES_H 1
| #define HAVE_SYS_STAT_H 1
| #define HAVE_STDLIB_H 1
| #define HAVE_STRING_H 1
| #define HAVE_MEMORY_H 1
| #define HAVE_STRINGS_H 1
| #define HAVE_INTTYPES_H 1
| #define HAVE_STDINT_H 1
| #define HAVE_UNISTD_H 1
| #define HAVE_DLFCN_H 1
| /* end confdefs.h.  */
| #include <ac_nonexistent.h>
configure:6219: checking for g77
configure:6249: result: no
configure:6219: checking for xlf
configure:6249: result: no
configure:6219: checking for f77
configure:6249: result: no
configure:6219: checking for frt
configure:6249: result: no
configure:6219: checking for pgf77
configure:6249: result: no
configure:6219: checking for cf77
configure:6249: result: no
configure:6219: checking for fort77
configure:6249: result: no
configure:6219: checking for fl32
configure:6249: result: no
configure:6219: checking for af77
configure:6249: result: no
configure:6219: checking for xlf90
configure:6249: result: no
configure:6219: checking for f90
configure:6249: result: no
configure:6219: checking for pgf90
configure:6249: result: no
configure:6219: checking for pghpf
configure:6249: result: no
configure:6219: checking for epcf90
configure:6249: result: no
configure:6219: checking for gfortran
configure:6249: result: no
configure:6219: checking for g95
configure:6249: result: no
configure:6219: checking for xlf95
configure:6249: result: no
configure:6219: checking for f95
configure:6249: result: no
configure:6219: checking for fort
configure:6249: result: no
configure:6219: checking for ifort
configure:6249: result: no
configure:6219: checking for ifc
configure:6249: result: no
configure:6219: checking for efc
configure:6249: result: no
configure:6219: checking for pgf95
configure:6249: result: no
configure:6219: checking for lf95
configure:6249: result: no
configure:6219: checking for ftn
configure:6249: result: no
configure:6276: checking for Fortran 77 compiler version
configure:6283:  --version >&5
./configure: line 6284: --version: command not found
configure:6286: $? = 127
configure:6293:  -v >&5
./configure: line 6294: -v: command not found
configure:6296: $? = 127
configure:6303:  -V >&5
./configure: line 6304: -V: command not found
configure:6306: $? = 127
configure:6314: checking whether we are using the GNU Fortran 77 compiler
configure:6333:  -c  conftest.F >&5
./configure: line 6334: -c: command not found
configure:6339: $? = 127
configure: failed program was:
|       program main
| #ifndef __GNUC__
|        choke me
| #endif
| 
|       end
configure:6356: result: no
configure:6362: checking whether  accepts -g
configure:6379:  -c -g conftest.f >&5
./configure: line 6380: -c: command not found
configure:6385: $? = 127
configure: failed program was:
|       program main
| 
|       end
configure:6401: result: no
configure:6430: checking the maximum length of command line arguments
configure:6542: result: 98304
configure:6554: checking command to parse /usr/bin/nm -B output from gcc object
configure:6659: gcc -c -DORTP_INET6   -DINET6  conftest.c >&5
configure:6662: $? = 0
configure:6666: /usr/bin/nm -B conftest.o \| sed -n -e 's/^.*[ 	]\([ABCDGIRSTW][ABCDGIRSTW]*\)[ 	][ 	]*\([_A-Za-z][_A-Za-z0-9]*\)$/\1 \2 \2/p' \> conftest.nm
configure:6669: $? = 0
configure:6721: gcc -o conftest -DORTP_INET6   -DINET6   conftest.c conftstm.o >&5
configure:6724: $? = 0
configure:6762: result: ok
configure:6766: checking for objdir
configure:6781: result: .libs
configure:6873: checking for ar
configure:6889: found /usr/bin/ar
configure:6900: result: ar
configure:6969: checking for ranlib
configure:6985: found /usr/bin/ranlib
configure:6996: result: ranlib
configure:7065: checking for strip
configure:7081: found /usr/bin/strip
configure:7092: result: strip
configure:7690: checking if gcc supports -fno-rtti -fno-exceptions
configure:7708: gcc -c -DORTP_INET6   -DINET6  -fno-rtti -fno-exceptions conftest.c >&5
cc1: warning: command line option "-fno-rtti" is valid for C++/ObjC++ but not for C
configure:7712: $? = 0
configure:7725: result: no
configure:7740: checking for gcc option to produce PIC
configure:7972: result: -fPIC
configure:7980: checking if gcc PIC flag -fPIC works
configure:7998: gcc -c -DORTP_INET6   -DINET6  -fPIC -DPIC conftest.c >&5
configure:8002: $? = 0
configure:8015: result: yes
configure:8043: checking if gcc static flag -static works
configure:8071: result: yes
configure:8081: checking if gcc supports -c -o file.o
configure:8102: gcc -c -DORTP_INET6   -DINET6  -o out/conftest2.o conftest.c >&5
configure:8106: $? = 0
configure:8128: result: yes
configure:8154: checking whether the gcc linker (/usr/bin/ld) supports shared libraries
configure:9135: result: yes
configure:9156: checking whether -lc should be explicitly linked in
configure:9161: gcc -c -DORTP_INET6   -DINET6  conftest.c >&5
configure:9164: $? = 0
configure:9179: gcc -shared conftest.o  -v -Wl,-soname -Wl,conftest -o conftest 2\>\&1 \| grep  -lc  \>/dev/null 2\>\&1
configure:9182: $? = 0
configure:9194: result: no
configure:9202: checking dynamic linker characteristics
configure:9816: result: GNU/Linux ld.so
configure:9840: checking how to hardcode library paths into programs
configure:9865: result: immediate
configure:9879: checking whether stripping libraries is possible
configure:9884: result: yes
configure:10686: checking if libtool supports shared libraries
configure:10688: result: yes
configure:10691: checking whether to build shared libraries
configure:10712: result: yes
configure:10715: checking whether to build static libraries
configure:10719: result: yes
configure:10813: creating libtool
configure:11406: checking for ld used by g++
configure:11473: result: /usr/bin/ld
configure:11482: checking if the linker (/usr/bin/ld) is GNU ld
configure:11497: result: yes
configure:11548: checking whether the g++ linker (/usr/bin/ld) supports shared libraries
configure:12494: result: yes
configure:12511: g++ -c -g -O2  conftest.cpp >&5
configure:12514: $? = 0
configure:12670: checking for g++ option to produce PIC
configure:12954: result: -fPIC
configure:12962: checking if g++ PIC flag -fPIC works
configure:12980: g++ -c -g -O2  -fPIC -DPIC conftest.cpp >&5
configure:12984: $? = 0
configure:12997: result: yes
configure:13025: checking if g++ static flag -static works
configure:13053: result: yes
configure:13063: checking if g++ supports -c -o file.o
configure:13084: g++ -c -g -O2  -o out/conftest2.o conftest.cpp >&5
configure:13088: $? = 0
configure:13110: result: yes
configure:13136: checking whether the g++ linker (/usr/bin/ld) supports shared libraries
configure:13165: result: yes
configure:13232: checking dynamic linker characteristics
configure:13794: result: GNU/Linux ld.so
configure:13818: checking how to hardcode library paths into programs
configure:13843: result: immediate
configure:20157: checking for ANSI C header files
configure:20321: result: yes
configure:20332: checking for an ANSI C-conforming const
configure:20407: gcc -c -DORTP_INET6   -DINET6 -Wall -O2 -g   conftest.c >&5
conftest.c: In function 'main':
conftest.c:55: warning: 't' is used uninitialized in this function
conftest.c:71: warning: 'b' is used uninitialized in this function
conftest.c:77: warning: 'cs[0]' is used uninitialized in this function
configure:20413: $? = 0
configure:20428: result: yes
configure:20438: checking for inline
configure:20464: gcc -c -DORTP_INET6   -DINET6 -Wall -O2 -g   conftest.c >&5
configure:20470: $? = 0
configure:20488: result: inline
configure:20507: checking whether time.h and sys/time.h may both be included
configure:20537: gcc -c -DORTP_INET6   -DINET6 -Wall -O2 -g   conftest.c >&5
configure:20543: $? = 0
configure:20558: result: yes
configure:20568: checking whether byte ordering is bigendian
configure:20601: gcc -c -DORTP_INET6   -DINET6 -Wall -O2 -g   conftest.c >&5
configure:20607: $? = 0
configure:20639: gcc -c -DORTP_INET6   -DINET6 -Wall -O2 -g   conftest.c >&5
conftest.c: In function 'main':
conftest.c:34: error: 'not' undeclared (first use in this function)
conftest.c:34: error: (Each undeclared identifier is reported only once
conftest.c:34: error: for each function it appears in.)
conftest.c:34: error: expected ';' before 'big'
configure:20645: $? = 1
configure: failed program was:
| /* confdefs.h.  */
| #define PACKAGE_NAME "mediastreamer"
| #define PACKAGE_TARNAME "mediastreamer"
| #define PACKAGE_VERSION "2.2.2"
| #define PACKAGE_STRING "mediastreamer 2.2.2"
| #define PACKAGE_BUGREPORT ""
| #define PACKAGE "mediastreamer"
| #define VERSION "2.2.2"
| #define MEDIASTREAMER_MAJOR_VERSION 2
| #define MEDIASTREAMER_MINOR_VERSION 2
| #define MEDIASTREAMER_MICRO_VERSION 2
| #define MEDIASTREAMER_VERSION "2.2.2"
| #define STDC_HEADERS 1
| #define HAVE_SYS_TYPES_H 1
| #define HAVE_SYS_STAT_H 1
| #define HAVE_STDLIB_H 1
| #define HAVE_STRING_H 1
| #define HAVE_MEMORY_H 1
| #define HAVE_STRINGS_H 1
| #define HAVE_INTTYPES_H 1
| #define HAVE_STDINT_H 1
| #define HAVE_UNISTD_H 1
| #define HAVE_DLFCN_H 1
| #define STDC_HEADERS 1
| #define TIME_WITH_SYS_TIME 1
| /* end confdefs.h.  */
| #include <sys/types.h>
| #include <sys/param.h>
| 
| int
| main ()
| {
| #if BYTE_ORDER != BIG_ENDIAN
|  not big endian
| #endif
| 
|   ;
|   return 0;
| }
configure:20785: result: no
configure:20842: checking for clock_gettime in -lrt
configure:20877: gcc -o conftest -DORTP_INET6   -DINET6 -Wall -O2 -g  -pthread -D_REENTRANT   conftest.c -lrt   -pthread -lpthread >&5
configure:20883: $? = 0
configure:20901: result: yes
configure:20929: checking soundcard.h usability
configure:20946: gcc -c -DORTP_INET6   -DINET6 -Wall -O2 -g  -pthread -D_REENTRANT  conftest.c >&5
conftest.c:60:23: error: soundcard.h: No such file or directory
configure:20952: $? = 1
configure: failed program was:
| /* confdefs.h.  */
| #define PACKAGE_NAME "mediastreamer"
| #define PACKAGE_TARNAME "mediastreamer"
| #define PACKAGE_VERSION "2.2.2"
| #define PACKAGE_STRING "mediastreamer 2.2.2"
| #define PACKAGE_BUGREPORT ""
| #define PACKAGE "mediastreamer"
| #define VERSION "2.2.2"
| #define MEDIASTREAMER_MAJOR_VERSION 2
| #define MEDIASTREAMER_MINOR_VERSION 2
| #define MEDIASTREAMER_MICRO_VERSION 2
| #define MEDIASTREAMER_VERSION "2.2.2"
| #define STDC_HEADERS 1
| #define HAVE_SYS_TYPES_H 1
| #define HAVE_SYS_STAT_H 1
| #define HAVE_STDLIB_H 1
| #define HAVE_STRING_H 1
| #define HAVE_MEMORY_H 1
| #define HAVE_STRINGS_H 1
| #define HAVE_INTTYPES_H 1
| #define HAVE_STDINT_H 1
| #define HAVE_UNISTD_H 1
| #define HAVE_DLFCN_H 1
| #define STDC_HEADERS 1
| #define TIME_WITH_SYS_TIME 1
| /* end confdefs.h.  */
| #include <stdio.h>
| #ifdef HAVE_SYS_TYPES_H
| # include <sys/types.h>
| #endif
| #ifdef HAVE_SYS_STAT_H
| # include <sys/stat.h>
| #endif
| #ifdef STDC_HEADERS
| # include <stdlib.h>
| # include <stddef.h>
| #else
| # ifdef HAVE_STDLIB_H
| #  include <stdlib.h>
| # endif
| #endif
| #ifdef HAVE_STRING_H
| # if !defined STDC_HEADERS && defined HAVE_MEMORY_H
| #  include <memory.h>
| # endif
| # include <string.h>
| #endif
| #ifdef HAVE_STRINGS_H
| # include <strings.h>
| #endif
| #ifdef HAVE_INTTYPES_H
| # include <inttypes.h>
| #endif
| #ifdef HAVE_STDINT_H
| # include <stdint.h>
| #endif
| #ifdef HAVE_UNISTD_H
| # include <unistd.h>
| #endif
| #include <soundcard.h>
configure:20966: result: no
configure:20970: checking soundcard.h presence
configure:20985: gcc -E  conftest.c
conftest.c:27:23: error: soundcard.h: No such file or directory
configure:20991: $? = 1
configure: failed program was:
| /* confdefs.h.  */
| #define PACKAGE_NAME "mediastreamer"
| #define PACKAGE_TARNAME "mediastreamer"
| #define PACKAGE_VERSION "2.2.2"
| #define PACKAGE_STRING "mediastreamer 2.2.2"
| #define PACKAGE_BUGREPORT ""
| #define PACKAGE "mediastreamer"
| #define VERSION "2.2.2"
| #define MEDIASTREAMER_MAJOR_VERSION 2
| #define MEDIASTREAMER_MINOR_VERSION 2
| #define MEDIASTREAMER_MICRO_VERSION 2
| #define MEDIASTREAMER_VERSION "2.2.2"
| #define STDC_HEADERS 1
| #define HAVE_SYS_TYPES_H 1
| #define HAVE_SYS_STAT_H 1
| #define HAVE_STDLIB_H 1
| #define HAVE_STRING_H 1
| #define HAVE_MEMORY_H 1
| #define HAVE_STRINGS_H 1
| #define HAVE_INTTYPES_H 1
| #define HAVE_STDINT_H 1
| #define HAVE_UNISTD_H 1
| #define HAVE_DLFCN_H 1
| #define STDC_HEADERS 1
| #define TIME_WITH_SYS_TIME 1
| /* end confdefs.h.  */
| #include <soundcard.h>
configure:21005: result: no
configure:21033: checking for soundcard.h
configure:21041: result: no
configure:20929: checking sys/soundcard.h usability
configure:20946: gcc -c -DORTP_INET6   -DINET6 -Wall -O2 -g  -pthread -D_REENTRANT  conftest.c >&5
configure:20952: $? = 0
configure:20966: result: yes
configure:20970: checking sys/soundcard.h presence
configure:20985: gcc -E  conftest.c
configure:20991: $? = 0
configure:21005: result: yes
configure:21033: checking for sys/soundcard.h
configure:21041: result: yes
configure:20929: checking machine/soundcard.h usability
configure:20946: gcc -c -DORTP_INET6   -DINET6 -Wall -O2 -g  -pthread -D_REENTRANT  conftest.c >&5
conftest.c:61:31: error: machine/soundcard.h: No such file or directory
configure:20952: $? = 1
configure: failed program was:
| /* confdefs.h.  */
| #define PACKAGE_NAME "mediastreamer"
| #define PACKAGE_TARNAME "mediastreamer"
| #define PACKAGE_VERSION "2.2.2"
| #define PACKAGE_STRING "mediastreamer 2.2.2"
| #define PACKAGE_BUGREPORT ""
| #define PACKAGE "mediastreamer"
| #define VERSION "2.2.2"
| #define MEDIASTREAMER_MAJOR_VERSION 2
| #define MEDIASTREAMER_MINOR_VERSION 2
| #define MEDIASTREAMER_MICRO_VERSION 2
| #define MEDIASTREAMER_VERSION "2.2.2"
| #define STDC_HEADERS 1
| #define HAVE_SYS_TYPES_H 1
| #define HAVE_SYS_STAT_H 1
| #define HAVE_STDLIB_H 1
| #define HAVE_STRING_H 1
| #define HAVE_MEMORY_H 1
| #define HAVE_STRINGS_H 1
| #define HAVE_INTTYPES_H 1
| #define HAVE_STDINT_H 1
| #define HAVE_UNISTD_H 1
| #define HAVE_DLFCN_H 1
| #define STDC_HEADERS 1
| #define TIME_WITH_SYS_TIME 1
| #define HAVE_SYS_SOUNDCARD_H 1
| /* end confdefs.h.  */
| #include <stdio.h>
| #ifdef HAVE_SYS_TYPES_H
| # include <sys/types.h>
| #endif
| #ifdef HAVE_SYS_STAT_H
| # include <sys/stat.h>
| #endif
| #ifdef STDC_HEADERS
| # include <stdlib.h>
| # include <stddef.h>
| #else
| # ifdef HAVE_STDLIB_H
| #  include <stdlib.h>
| # endif
| #endif
| #ifdef HAVE_STRING_H
| # if !defined STDC_HEADERS && defined HAVE_MEMORY_H
| #  include <memory.h>
| # endif
| # include <string.h>
| #endif
| #ifdef HAVE_STRINGS_H
| # include <strings.h>
| #endif
| #ifdef HAVE_INTTYPES_H
| # include <inttypes.h>
| #endif
| #ifdef HAVE_STDINT_H
| # include <stdint.h>
| #endif
| #ifdef HAVE_UNISTD_H
| # include <unistd.h>
| #endif
| #include <machine/soundcard.h>
configure:20966: result: no
configure:20970: checking machine/soundcard.h presence
configure:20985: gcc -E  conftest.c
conftest.c:28:31: error: machine/soundcard.h: No such file or directory
configure:20991: $? = 1
configure: failed program was:
| /* confdefs.h.  */
| #define PACKAGE_NAME "mediastreamer"
| #define PACKAGE_TARNAME "mediastreamer"
| #define PACKAGE_VERSION "2.2.2"
| #define PACKAGE_STRING "mediastreamer 2.2.2"
| #define PACKAGE_BUGREPORT ""
| #define PACKAGE "mediastreamer"
| #define VERSION "2.2.2"
| #define MEDIASTREAMER_MAJOR_VERSION 2
| #define MEDIASTREAMER_MINOR_VERSION 2
| #define MEDIASTREAMER_MICRO_VERSION 2
| #define MEDIASTREAMER_VERSION "2.2.2"
| #define STDC_HEADERS 1
| #define HAVE_SYS_TYPES_H 1
| #define HAVE_SYS_STAT_H 1
| #define HAVE_STDLIB_H 1
| #define HAVE_STRING_H 1
| #define HAVE_MEMORY_H 1
| #define HAVE_STRINGS_H 1
| #define HAVE_INTTYPES_H 1
| #define HAVE_STDINT_H 1
| #define HAVE_UNISTD_H 1
| #define HAVE_DLFCN_H 1
| #define STDC_HEADERS 1
| #define TIME_WITH_SYS_TIME 1
| #define HAVE_SYS_SOUNDCARD_H 1
| /* end confdefs.h.  */
| #include <machine/soundcard.h>
configure:21005: result: no
configure:21033: checking for machine/soundcard.h
configure:21041: result: no
configure:20929: checking sys/audio.h usability
configure:20946: gcc -c -DORTP_INET6   -DINET6 -Wall -O2 -g  -pthread -D_REENTRANT  conftest.c >&5
conftest.c:61:23: error: sys/audio.h: No such file or directory
configure:20952: $? = 1
configure: failed program was:
| /* confdefs.h.  */
| #define PACKAGE_NAME "mediastreamer"
| #define PACKAGE_TARNAME "mediastreamer"
| #define PACKAGE_VERSION "2.2.2"
| #define PACKAGE_STRING "mediastreamer 2.2.2"
| #define PACKAGE_BUGREPORT ""
| #define PACKAGE "mediastreamer"
| #define VERSION "2.2.2"
| #define MEDIASTREAMER_MAJOR_VERSION 2
| #define MEDIASTREAMER_MINOR_VERSION 2
| #define MEDIASTREAMER_MICRO_VERSION 2
| #define MEDIASTREAMER_VERSION "2.2.2"
| #define STDC_HEADERS 1
| #define HAVE_SYS_TYPES_H 1
| #define HAVE_SYS_STAT_H 1
| #define HAVE_STDLIB_H 1
| #define HAVE_STRING_H 1
| #define HAVE_MEMORY_H 1
| #define HAVE_STRINGS_H 1
| #define HAVE_INTTYPES_H 1
| #define HAVE_STDINT_H 1
| #define HAVE_UNISTD_H 1
| #define HAVE_DLFCN_H 1
| #define STDC_HEADERS 1
| #define TIME_WITH_SYS_TIME 1
| #define HAVE_SYS_SOUNDCARD_H 1
| /* end confdefs.h.  */
| #include <stdio.h>
| #ifdef HAVE_SYS_TYPES_H
| # include <sys/types.h>
| #endif
| #ifdef HAVE_SYS_STAT_H
| # include <sys/stat.h>
| #endif
| #ifdef STDC_HEADERS
| # include <stdlib.h>
| # include <stddef.h>
| #else
| # ifdef HAVE_STDLIB_H
| #  include <stdlib.h>
| # endif
| #endif
| #ifdef HAVE_STRING_H
| # if !defined STDC_HEADERS && defined HAVE_MEMORY_H
| #  include <memory.h>
| # endif
| # include <string.h>
| #endif
| #ifdef HAVE_STRINGS_H
| # include <strings.h>
| #endif
| #ifdef HAVE_INTTYPES_H
| # include <inttypes.h>
| #endif
| #ifdef HAVE_STDINT_H
| # include <stdint.h>
| #endif
| #ifdef HAVE_UNISTD_H
| # include <unistd.h>
| #endif
| #include <sys/audio.h>
configure:20966: result: no
configure:20970: checking sys/audio.h presence
configure:20985: gcc -E  conftest.c
conftest.c:28:23: error: sys/audio.h: No such file or directory
configure:20991: $? = 1
configure: failed program was:
| /* confdefs.h.  */
| #define PACKAGE_NAME "mediastreamer"
| #define PACKAGE_TARNAME "mediastreamer"
| #define PACKAGE_VERSION "2.2.2"
| #define PACKAGE_STRING "mediastreamer 2.2.2"
| #define PACKAGE_BUGREPORT ""
| #define PACKAGE "mediastreamer"
| #define VERSION "2.2.2"
| #define MEDIASTREAMER_MAJOR_VERSION 2
| #define MEDIASTREAMER_MINOR_VERSION 2
| #define MEDIASTREAMER_MICRO_VERSION 2
| #define MEDIASTREAMER_VERSION "2.2.2"
| #define STDC_HEADERS 1
| #define HAVE_SYS_TYPES_H 1
| #define HAVE_SYS_STAT_H 1
| #define HAVE_STDLIB_H 1
| #define HAVE_STRING_H 1
| #define HAVE_MEMORY_H 1
| #define HAVE_STRINGS_H 1
| #define HAVE_INTTYPES_H 1
| #define HAVE_STDINT_H 1
| #define HAVE_UNISTD_H 1
| #define HAVE_DLFCN_H 1
| #define STDC_HEADERS 1
| #define TIME_WITH_SYS_TIME 1
| #define HAVE_SYS_SOUNDCARD_H 1
| /* end confdefs.h.  */
| #include <sys/audio.h>
configure:21005: result: no
configure:21033: checking for sys/audio.h
configure:21041: result: no
configure:21102: checking alsa/asoundlib.h usability
configure:21119: gcc -c -DORTP_INET6   -DINET6 -Wall -O2 -g  -pthread -D_REENTRANT  conftest.c >&5
configure:21125: $? = 0
configure:21139: result: yes
configure:21143: checking alsa/asoundlib.h presence
configure:21158: gcc -E  conftest.c
configure:21164: $? = 0
configure:21178: result: yes
configure:21206: checking for alsa/asoundlib.h
configure:21214: result: yes
configure:21222: checking for snd_pcm_open in -lasound
configure:21257: gcc -o conftest -DORTP_INET6   -DINET6 -Wall -O2 -g  -pthread -D_REENTRANT   conftest.c -lasound   -pthread -lpthread -lrt >&5
configure:21263: $? = 0
configure:21281: result: yes
configure:21383: checking for pkg-config
configure:21401: found /usr/bin/pkg-config
configure:21413: result: /usr/bin/pkg-config
configure:21442: checking pkg-config is at least version 0.9.0
configure:21445: result: yes
configure:21456: checking for ARTS
configure:21464: $PKG_CONFIG --exists --print-errors "artsc"
Package artsc was not found in the pkg-config search path.
Perhaps you should add the directory containing `artsc.pc'
to the PKG_CONFIG_PATH environment variable
No package 'artsc' found
configure:21467: $? = 1
configure:21482: $PKG_CONFIG --exists --print-errors "artsc"
Package artsc was not found in the pkg-config search path.
Perhaps you should add the directory containing `artsc.pc'
to the PKG_CONFIG_PATH environment variable
No package 'artsc' found
configure:21485: $? = 1
No package 'artsc' found
configure:21513: result: no
configure:21532: checking kde/artsc/artsc.h usability
configure:21549: gcc -c -DORTP_INET6   -DINET6 -Wall -O2 -g  -pthread -D_REENTRANT  conftest.c >&5
configure:21555: $? = 0
configure:21569: result: yes
configure:21573: checking kde/artsc/artsc.h presence
configure:21588: gcc -E  conftest.c
configure:21594: $? = 0
configure:21608: result: yes
configure:21636: checking for kde/artsc/artsc.h
configure:21644: result: yes
configure:21652: checking for arts_init in -lartsc
configure:21687: gcc -o conftest -DORTP_INET6   -DINET6 -Wall -O2 -g  -pthread -D_REENTRANT   conftest.c -lartsc   -pthread -lpthread -lrt >&5
configure:21693: $? = 0
configure:21711: result: yes
configure:22288: checking for JACK
configure:22296: $PKG_CONFIG --exists --print-errors "jack >= 0.15.0"
Package jack was not found in the pkg-config search path.
Perhaps you should add the directory containing `jack.pc'
to the PKG_CONFIG_PATH environment variable
No package 'jack' found
configure:22299: $? = 1
configure:22314: $PKG_CONFIG --exists --print-errors "jack >= 0.15.0"
Package jack was not found in the pkg-config search path.
Perhaps you should add the directory containing `jack.pc'
to the PKG_CONFIG_PATH environment variable
No package 'jack' found
configure:22317: $? = 1
No package 'jack' found
configure:22345: result: no
configure:22458: checking for SPEEX
configure:22466: $PKG_CONFIG --exists --print-errors "speex >= 1.1.12"
configure:22469: $? = 0
configure:22484: $PKG_CONFIG --exists --print-errors "speex >= 1.1.12"
configure:22487: $? = 0
configure:22525: result: yes
configure:22535: checking for SPEEX
configure:22640: result: yes
configure:22646: checking for SPEEXDSP
configure:22654: $PKG_CONFIG --exists --print-errors "speexdsp >= 1.2beta3"
Package speexdsp was not found in the pkg-config search path.
Perhaps you should add the directory containing `speexdsp.pc'
to the PKG_CONFIG_PATH environment variable
No package 'speexdsp' found
configure:22657: $? = 1
configure:22672: $PKG_CONFIG --exists --print-errors "speexdsp >= 1.2beta3"
Package speexdsp was not found in the pkg-config search path.
Perhaps you should add the directory containing `speexdsp.pc'
to the PKG_CONFIG_PATH environment variable
No package 'speexdsp' found
configure:22675: $? = 1
No package 'speexdsp' found
configure:22703: result: no
configure:22706: No speexdsp library found.
configure:22783: checking gsm/gsm.h usability
configure:22800: gcc -c -DORTP_INET6   -DINET6 -Wall -O2 -g  -pthread -D_REENTRANT  conftest.c >&5
configure:22806: $? = 0
configure:22820: result: yes
configure:22824: checking gsm/gsm.h presence
configure:22839: gcc -E  conftest.c
configure:22845: $? = 0
configure:22859: result: yes
configure:22887: checking for gsm/gsm.h
configure:22895: result: yes
configure:22904: checking for gsm_create in -lgsm
configure:22939: gcc -o conftest -DORTP_INET6   -DINET6 -Wall -O2 -g  -pthread -D_REENTRANT   conftest.c -lgsm  -lgsm >&5
configure:22945: $? = 0
configure:22964: result: yes
configure:23011: checking for resample_open in -lresample
configure:23046: gcc -o conftest -DORTP_INET6   -DINET6 -Wall -O2 -g  -pthread -D_REENTRANT   conftest.c -lresample   -pthread -lpthread -lrt >&5
/usr/bin/ld: cannot find -lresample
collect2: ld returned 1 exit status
configure:23052: $? = 1
configure: failed program was:
| /* confdefs.h.  */
| #define PACKAGE_NAME "mediastreamer"
| #define PACKAGE_TARNAME "mediastreamer"
| #define PACKAGE_VERSION "2.2.2"
| #define PACKAGE_STRING "mediastreamer 2.2.2"
| #define PACKAGE_BUGREPORT ""
| #define PACKAGE "mediastreamer"
| #define VERSION "2.2.2"
| #define MEDIASTREAMER_MAJOR_VERSION 2
| #define MEDIASTREAMER_MINOR_VERSION 2
| #define MEDIASTREAMER_MICRO_VERSION 2
| #define MEDIASTREAMER_VERSION "2.2.2"
| #define STDC_HEADERS 1
| #define HAVE_SYS_TYPES_H 1
| #define HAVE_SYS_STAT_H 1
| #define HAVE_STDLIB_H 1
| #define HAVE_STRING_H 1
| #define HAVE_MEMORY_H 1
| #define HAVE_STRINGS_H 1
| #define HAVE_INTTYPES_H 1
| #define HAVE_STDINT_H 1
| #define HAVE_UNISTD_H 1
| #define HAVE_DLFCN_H 1
| #define STDC_HEADERS 1
| #define TIME_WITH_SYS_TIME 1
| #define HAVE_SYS_SOUNDCARD_H 1
| #define HAVE_ALSA_ASOUNDLIB_H 1
| #define __ALSA_ENABLED__ 1
| #define HAVE_KDE_ARTSC_ARTSC_H 1
| #define __ARTS_ENABLED__ 1
| #define HAVE_SPEEX_NOISE 1
| #define HAVE_GSM_GSM_H 1
| /* end confdefs.h.  */
| 
| /* Override any GCC internal prototype to avoid an error.
|    Use char because int might match the return type of a GCC
|    builtin and then its argument prototype would still apply.  */
| #ifdef __cplusplus
| extern "C"
| #endif
| char resample_open ();
| int
| main ()
| {
| return resample_open ();
|   ;
|   return 0;
| }
configure:23070: result: no
configure:23125: checking for FFMPEG
configure:23133: $PKG_CONFIG --exists --print-errors "libavcodec >= 50.0.0 "
configure:23136: $? = 0
configure:23151: $PKG_CONFIG --exists --print-errors "libavcodec >= 50.0.0 "
configure:23154: $? = 0
configure:23190: result: yes
configure:23196: checking for FFMPEG
configure:23261: result: yes
configure:23288: checking libavcodec/avcodec.h usability
configure:23305: gcc -c -DORTP_INET6   -DINET6 -Wall -O2 -g  -pthread -D_REENTRANT -I/usr/include/ffmpeg   conftest.c >&5
conftest.c:67:32: error: libavcodec/avcodec.h: No such file or directory
configure:23311: $? = 1
configure: failed program was:
| /* confdefs.h.  */
| #define PACKAGE_NAME "mediastreamer"
| #define PACKAGE_TARNAME "mediastreamer"
| #define PACKAGE_VERSION "2.2.2"
| #define PACKAGE_STRING "mediastreamer 2.2.2"
| #define PACKAGE_BUGREPORT ""
| #define PACKAGE "mediastreamer"
| #define VERSION "2.2.2"
| #define MEDIASTREAMER_MAJOR_VERSION 2
| #define MEDIASTREAMER_MINOR_VERSION 2
| #define MEDIASTREAMER_MICRO_VERSION 2
| #define MEDIASTREAMER_VERSION "2.2.2"
| #define STDC_HEADERS 1
| #define HAVE_SYS_TYPES_H 1
| #define HAVE_SYS_STAT_H 1
| #define HAVE_STDLIB_H 1
| #define HAVE_STRING_H 1
| #define HAVE_MEMORY_H 1
| #define HAVE_STRINGS_H 1
| #define HAVE_INTTYPES_H 1
| #define HAVE_STDINT_H 1
| #define HAVE_UNISTD_H 1
| #define HAVE_DLFCN_H 1
| #define STDC_HEADERS 1
| #define TIME_WITH_SYS_TIME 1
| #define HAVE_SYS_SOUNDCARD_H 1
| #define HAVE_ALSA_ASOUNDLIB_H 1
| #define __ALSA_ENABLED__ 1
| #define HAVE_KDE_ARTSC_ARTSC_H 1
| #define __ARTS_ENABLED__ 1
| #define HAVE_SPEEX_NOISE 1
| #define HAVE_GSM_GSM_H 1
| /* end confdefs.h.  */
| #include <stdio.h>
| #ifdef HAVE_SYS_TYPES_H
| # include <sys/types.h>
| #endif
| #ifdef HAVE_SYS_STAT_H
| # include <sys/stat.h>
| #endif
| #ifdef STDC_HEADERS
| # include <stdlib.h>
| # include <stddef.h>
| #else
| # ifdef HAVE_STDLIB_H
| #  include <stdlib.h>
| # endif
| #endif
| #ifdef HAVE_STRING_H
| # if !defined STDC_HEADERS && defined HAVE_MEMORY_H
| #  include <memory.h>
| # endif
| # include <string.h>
| #endif
| #ifdef HAVE_STRINGS_H
| # include <strings.h>
| #endif
| #ifdef HAVE_INTTYPES_H
| # include <inttypes.h>
| #endif
| #ifdef HAVE_STDINT_H
| # include <stdint.h>
| #endif
| #ifdef HAVE_UNISTD_H
| # include <unistd.h>
| #endif
| #include <libavcodec/avcodec.h>
configure:23325: result: no
configure:23329: checking libavcodec/avcodec.h presence
configure:23344: gcc -E -I/usr/include/ffmpeg   conftest.c
conftest.c:34:32: error: libavcodec/avcodec.h: No such file or directory
configure:23350: $? = 1
configure: failed program was:
| /* confdefs.h.  */
| #define PACKAGE_NAME "mediastreamer"
| #define PACKAGE_TARNAME "mediastreamer"
| #define PACKAGE_VERSION "2.2.2"
| #define PACKAGE_STRING "mediastreamer 2.2.2"
| #define PACKAGE_BUGREPORT ""
| #define PACKAGE "mediastreamer"
| #define VERSION "2.2.2"
| #define MEDIASTREAMER_MAJOR_VERSION 2
| #define MEDIASTREAMER_MINOR_VERSION 2
| #define MEDIASTREAMER_MICRO_VERSION 2
| #define MEDIASTREAMER_VERSION "2.2.2"
| #define STDC_HEADERS 1
| #define HAVE_SYS_TYPES_H 1
| #define HAVE_SYS_STAT_H 1
| #define HAVE_STDLIB_H 1
| #define HAVE_STRING_H 1
| #define HAVE_MEMORY_H 1
| #define HAVE_STRINGS_H 1
| #define HAVE_INTTYPES_H 1
| #define HAVE_STDINT_H 1
| #define HAVE_UNISTD_H 1
| #define HAVE_DLFCN_H 1
| #define STDC_HEADERS 1
| #define TIME_WITH_SYS_TIME 1
| #define HAVE_SYS_SOUNDCARD_H 1
| #define HAVE_ALSA_ASOUNDLIB_H 1
| #define __ALSA_ENABLED__ 1
| #define HAVE_KDE_ARTSC_ARTSC_H 1
| #define __ARTS_ENABLED__ 1
| #define HAVE_SPEEX_NOISE 1
| #define HAVE_GSM_GSM_H 1
| /* end confdefs.h.  */
| #include <libavcodec/avcodec.h>
configure:23364: result: no
configure:23392: checking for libavcodec/avcodec.h
configure:23400: result: no
configure:23415: checking for avcodec_register_all in -lavcodec
configure:23450: gcc -o conftest -DORTP_INET6   -DINET6 -Wall -O2 -g  -pthread -D_REENTRANT   conftest.c -lavcodec -lavcodec -ltheora -lvorbisenc -lraw1394 -lavutil -lvorbis -lm -logg     -pthread -lpthread -lrt >&5
configure:23456: $? = 0
configure:23474: result: yes
configure:23502: checking libswscale/swscale.h usability
configure:23519: gcc -c -DORTP_INET6   -DINET6 -Wall -O2 -g  -pthread -D_REENTRANT -I/usr/include/ffmpeg   conftest.c >&5
conftest.c:67:32: error: libswscale/swscale.h: No such file or directory
configure:23525: $? = 1
configure: failed program was:
| /* confdefs.h.  */
| #define PACKAGE_NAME "mediastreamer"
| #define PACKAGE_TARNAME "mediastreamer"
| #define PACKAGE_VERSION "2.2.2"
| #define PACKAGE_STRING "mediastreamer 2.2.2"
| #define PACKAGE_BUGREPORT ""
| #define PACKAGE "mediastreamer"
| #define VERSION "2.2.2"
| #define MEDIASTREAMER_MAJOR_VERSION 2
| #define MEDIASTREAMER_MINOR_VERSION 2
| #define MEDIASTREAMER_MICRO_VERSION 2
| #define MEDIASTREAMER_VERSION "2.2.2"
| #define STDC_HEADERS 1
| #define HAVE_SYS_TYPES_H 1
| #define HAVE_SYS_STAT_H 1
| #define HAVE_STDLIB_H 1
| #define HAVE_STRING_H 1
| #define HAVE_MEMORY_H 1
| #define HAVE_STRINGS_H 1
| #define HAVE_INTTYPES_H 1
| #define HAVE_STDINT_H 1
| #define HAVE_UNISTD_H 1
| #define HAVE_DLFCN_H 1
| #define STDC_HEADERS 1
| #define TIME_WITH_SYS_TIME 1
| #define HAVE_SYS_SOUNDCARD_H 1
| #define HAVE_ALSA_ASOUNDLIB_H 1
| #define __ALSA_ENABLED__ 1
| #define HAVE_KDE_ARTSC_ARTSC_H 1
| #define __ARTS_ENABLED__ 1
| #define HAVE_SPEEX_NOISE 1
| #define HAVE_GSM_GSM_H 1
| /* end confdefs.h.  */
| #include <stdio.h>
| #ifdef HAVE_SYS_TYPES_H
| # include <sys/types.h>
| #endif
| #ifdef HAVE_SYS_STAT_H
| # include <sys/stat.h>
| #endif
| #ifdef STDC_HEADERS
| # include <stdlib.h>
| # include <stddef.h>
| #else
| # ifdef HAVE_STDLIB_H
| #  include <stdlib.h>
| # endif
| #endif
| #ifdef HAVE_STRING_H
| # if !defined STDC_HEADERS && defined HAVE_MEMORY_H
| #  include <memory.h>
| # endif
| # include <string.h>
| #endif
| #ifdef HAVE_STRINGS_H
| # include <strings.h>
| #endif
| #ifdef HAVE_INTTYPES_H
| # include <inttypes.h>
| #endif
| #ifdef HAVE_STDINT_H
| # include <stdint.h>
| #endif
| #ifdef HAVE_UNISTD_H
| # include <unistd.h>
| #endif
| #include <libswscale/swscale.h>
configure:23539: result: no
configure:23543: checking libswscale/swscale.h presence
configure:23558: gcc -E -I/usr/include/ffmpeg   conftest.c
conftest.c:34:32: error: libswscale/swscale.h: No such file or directory
configure:23564: $? = 1
configure: failed program was:
| /* confdefs.h.  */
| #define PACKAGE_NAME "mediastreamer"
| #define PACKAGE_TARNAME "mediastreamer"
| #define PACKAGE_VERSION "2.2.2"
| #define PACKAGE_STRING "mediastreamer 2.2.2"
| #define PACKAGE_BUGREPORT ""
| #define PACKAGE "mediastreamer"
| #define VERSION "2.2.2"
| #define MEDIASTREAMER_MAJOR_VERSION 2
| #define MEDIASTREAMER_MINOR_VERSION 2
| #define MEDIASTREAMER_MICRO_VERSION 2
| #define MEDIASTREAMER_VERSION "2.2.2"
| #define STDC_HEADERS 1
| #define HAVE_SYS_TYPES_H 1
| #define HAVE_SYS_STAT_H 1
| #define HAVE_STDLIB_H 1
| #define HAVE_STRING_H 1
| #define HAVE_MEMORY_H 1
| #define HAVE_STRINGS_H 1
| #define HAVE_INTTYPES_H 1
| #define HAVE_STDINT_H 1
| #define HAVE_UNISTD_H 1
| #define HAVE_DLFCN_H 1
| #define STDC_HEADERS 1
| #define TIME_WITH_SYS_TIME 1
| #define HAVE_SYS_SOUNDCARD_H 1
| #define HAVE_ALSA_ASOUNDLIB_H 1
| #define __ALSA_ENABLED__ 1
| #define HAVE_KDE_ARTSC_ARTSC_H 1
| #define __ARTS_ENABLED__ 1
| #define HAVE_SPEEX_NOISE 1
| #define HAVE_GSM_GSM_H 1
| /* end confdefs.h.  */
| #include <libswscale/swscale.h>
configure:23578: result: no
configure:23606: checking for libswscale/swscale.h
configure:23614: result: no
configure:23631: checking for SWSCALE
configure:23639: $PKG_CONFIG --exists --print-errors "libswscale >= 0.5.0 "
configure:23642: $? = 0
configure:23657: $PKG_CONFIG --exists --print-errors "libswscale >= 0.5.0 "
configure:23660: $? = 0
configure:23696: result: yes
configure:23736: checking SDL/SDL.h usability
configure:23753: gcc -c -DORTP_INET6   -DINET6 -Wall -O2 -g  -pthread -D_REENTRANT  conftest.c >&5
configure:23759: $? = 0
configure:23773: result: yes
configure:23777: checking SDL/SDL.h presence
configure:23792: gcc -E  conftest.c
configure:23798: $? = 0
configure:23812: result: yes
configure:23840: checking for SDL/SDL.h
configure:23848: result: yes
configure:23857: checking for SDL_Init in -lSDL
configure:23892: gcc -o conftest -DORTP_INET6   -DINET6 -Wall -O2 -g  -pthread -D_REENTRANT   conftest.c -lSDL  -lSDL >&5
configure:23898: $? = 0
configure:23917: result: yes
configure:23954: checking for THEORA
configure:23962: $PKG_CONFIG --exists --print-errors "theora >= 1.0alpha7 "
configure:23965: $? = 0
configure:23980: $PKG_CONFIG --exists --print-errors "theora >= 1.0alpha7 "
configure:23983: $? = 0
configure:24019: result: yes
configure:24038: checking X11/Xlib.h usability
configure:24055: gcc -c -DORTP_INET6   -DINET6 -Wall -O2 -g  -pthread -D_REENTRANT  conftest.c >&5
configure:24061: $? = 0
configure:24075: result: yes
configure:24079: checking X11/Xlib.h presence
configure:24094: gcc -E  conftest.c
configure:24100: $? = 0
configure:24114: result: yes
configure:24142: checking for X11/Xlib.h
configure:24150: result: yes
configure:24308: checking for dlfcn.h
configure:24314: result: yes
configure:24444: checking for dlopen in -ldl
configure:24479: gcc -o conftest -DORTP_INET6   -DINET6 -Wall -O2 -g  -pthread -D_REENTRANT   conftest.c -ldl   -pthread -lpthread -lrt >&5
configure:24485: $? = 0
configure:24503: result: yes
configure:24509: checking for dlopen
configure:24565: gcc -o conftest -DORTP_INET6   -DINET6 -Wall -O2 -g  -pthread -D_REENTRANT   conftest.c  -pthread -lpthread -lrt -ldl >&5
configure:24571: $? = 0
configure:24588: result: yes
configure:24604: checking for working alloca.h
configure:24631: gcc -o conftest -DORTP_INET6   -DINET6 -Wall -O2 -g  -pthread -D_REENTRANT   conftest.c  -pthread -lpthread -lrt -ldl >&5
configure:24637: $? = 0
configure:24654: result: yes
configure:24664: checking for alloca
configure:24711: gcc -o conftest -DORTP_INET6   -DINET6 -Wall -O2 -g  -pthread -D_REENTRANT   conftest.c  -pthread -lpthread -lrt -ldl >&5
configure:24717: $? = 0
configure:24734: result: yes
configure:24994: checking linux/videodev.h usability
configure:25011: gcc -c -DORTP_INET6   -DINET6 -Wall -O2 -g  -pthread -D_REENTRANT  conftest.c >&5
configure:25017: $? = 0
configure:25031: result: yes
configure:25035: checking linux/videodev.h presence
configure:25050: gcc -E  conftest.c
configure:25056: $? = 0
configure:25070: result: yes
configure:25098: checking for linux/videodev.h
configure:25106: result: yes
configure:24994: checking linux/videodev2.h usability
configure:25011: gcc -c -DORTP_INET6   -DINET6 -Wall -O2 -g  -pthread -D_REENTRANT  conftest.c >&5
configure:25017: $? = 0
configure:25031: result: yes
configure:25035: checking linux/videodev2.h presence
configure:25050: gcc -E  conftest.c
configure:25056: $? = 0
configure:25070: result: yes
configure:25098: checking for linux/videodev2.h
configure:25106: result: yes
configure:25124: checking for epm
configure:25155: result: false
configure:25165: checking for mkepmlist
configure:25196: result: false
configure:25206: checking for epminstall
configure:25237: result: false
configure:25522: creating ./config.status

## ---------------------- ##
## Running config.status. ##
## ---------------------- ##

This file was extended by mediastreamer config.status 2.2.2, which was
generated by GNU Autoconf 2.61.  Invocation command line was

  CONFIG_FILES    = 
  CONFIG_HEADERS  = 
  CONFIG_LINKS    = 
  CONFIG_COMMANDS = 
  $ ./config.status 

on lt.parakeeto.ath.cx

config.status:751: creating Makefile
config.status:751: creating include/Makefile
config.status:751: creating include/mediastreamer2/Makefile
config.status:751: creating src/Makefile
config.status:751: creating tests/Makefile
config.status:751: creating build/Makefile
config.status:751: creating build/win32native/Makefile
config.status:751: creating build/win32-novideo/Makefile
config.status:751: creating build/wince/Makefile
config.status:751: creating mediastreamer.pc
config.status:751: creating mediastreamer2.spec
config.status:751: creating help/Makefile
config.status:751: creating help/DoxyFile
config.status:751: creating help/doxygen.dox
config.status:751: creating mediastreamer-config.h
config.status:995: mediastreamer-config.h is unchanged
config.status:1041: executing depfiles commands

## ---------------- ##
## Cache variables. ##
## ---------------- ##

ac_cv_build=i686-pc-linux-gnu
ac_cv_c_bigendian=no
ac_cv_c_compiler_gnu=yes
ac_cv_c_const=yes
ac_cv_c_inline=inline
ac_cv_cxx_compiler_gnu=yes
ac_cv_env_ARTS_CFLAGS_set=
ac_cv_env_ARTS_CFLAGS_value=
ac_cv_env_ARTS_LIBS_set=
ac_cv_env_ARTS_LIBS_value=
ac_cv_env_CCC_set=
ac_cv_env_CCC_value=
ac_cv_env_CC_set=
ac_cv_env_CC_value=
ac_cv_env_CFLAGS_set=
ac_cv_env_CFLAGS_value=
ac_cv_env_CPPFLAGS_set=
ac_cv_env_CPPFLAGS_value=
ac_cv_env_CPP_set=
ac_cv_env_CPP_value=
ac_cv_env_CXXCPP_set=
ac_cv_env_CXXCPP_value=
ac_cv_env_CXXFLAGS_set=
ac_cv_env_CXXFLAGS_value=
ac_cv_env_CXX_set=
ac_cv_env_CXX_value=
ac_cv_env_F77_set=
ac_cv_env_F77_value=
ac_cv_env_FFLAGS_set=
ac_cv_env_FFLAGS_value=
ac_cv_env_FFMPEG_CFLAGS_set=
ac_cv_env_FFMPEG_CFLAGS_value=
ac_cv_env_FFMPEG_LIBS_set=
ac_cv_env_FFMPEG_LIBS_value=
ac_cv_env_JACK_CFLAGS_set=
ac_cv_env_JACK_CFLAGS_value=
ac_cv_env_JACK_LIBS_set=
ac_cv_env_JACK_LIBS_value=
ac_cv_env_LDFLAGS_set=
ac_cv_env_LDFLAGS_value=
ac_cv_env_LIBS_set=
ac_cv_env_LIBS_value=
ac_cv_env_ORTP_CFLAGS_set=
ac_cv_env_ORTP_CFLAGS_value=
ac_cv_env_ORTP_LIBS_set=
ac_cv_env_ORTP_LIBS_value=
ac_cv_env_PKG_CONFIG_set=
ac_cv_env_PKG_CONFIG_value=
ac_cv_env_SAMPLERATE_CFLAGS_set=
ac_cv_env_SAMPLERATE_CFLAGS_value=
ac_cv_env_SAMPLERATE_LIBS_set=
ac_cv_env_SAMPLERATE_LIBS_value=
ac_cv_env_SPEEXDSP_CFLAGS_set=
ac_cv_env_SPEEXDSP_CFLAGS_value=
ac_cv_env_SPEEXDSP_LIBS_set=
ac_cv_env_SPEEXDSP_LIBS_value=
ac_cv_env_SPEEX_CFLAGS_set=
ac_cv_env_SPEEX_CFLAGS_value=
ac_cv_env_SPEEX_LIBS_set=
ac_cv_env_SPEEX_LIBS_value=
ac_cv_env_SWSCALE_CFLAGS_set=
ac_cv_env_SWSCALE_CFLAGS_value=
ac_cv_env_SWSCALE_LIBS_set=
ac_cv_env_SWSCALE_LIBS_value=
ac_cv_env_THEORA_CFLAGS_set=
ac_cv_env_THEORA_CFLAGS_value=
ac_cv_env_THEORA_LIBS_set=
ac_cv_env_THEORA_LIBS_value=
ac_cv_env_build_alias_set=
ac_cv_env_build_alias_value=
ac_cv_env_host_alias_set=
ac_cv_env_host_alias_value=
ac_cv_env_target_alias_set=
ac_cv_env_target_alias_value=
ac_cv_f77_compiler_gnu=no
ac_cv_func_alloca_works=yes
ac_cv_func_dlopen=yes
ac_cv_header_SDL_SDL_h=yes
ac_cv_header_X11_Xlib_h=yes
ac_cv_header_alsa_asoundlib_h=yes
ac_cv_header_dlfcn_h=yes
ac_cv_header_gsm_gsm_h=yes
ac_cv_header_inttypes_h=yes
ac_cv_header_kde_artsc_artsc_h=yes
ac_cv_header_libavcodec_avcodec_h=no
ac_cv_header_libswscale_swscale_h=no
ac_cv_header_linux_videodev2_h=yes
ac_cv_header_linux_videodev_h=yes
ac_cv_header_machine_soundcard_h=no
ac_cv_header_memory_h=yes
ac_cv_header_soundcard_h=no
ac_cv_header_stdc=yes
ac_cv_header_stdint_h=yes
ac_cv_header_stdlib_h=yes
ac_cv_header_string_h=yes
ac_cv_header_strings_h=yes
ac_cv_header_sys_audio_h=no
ac_cv_header_sys_soundcard_h=yes
ac_cv_header_sys_stat_h=yes
ac_cv_header_sys_types_h=yes
ac_cv_header_time=yes
ac_cv_header_unistd_h=yes
ac_cv_host=i686-pc-linux-gnu
ac_cv_lib_SDL___SDL_Init=yes
ac_cv_lib_artsc_arts_init=yes
ac_cv_lib_asound_snd_pcm_open=yes
ac_cv_lib_avcodec_avcodec_register_all=yes
ac_cv_lib_dl_dlopen=yes
ac_cv_lib_gsm___gsm_create=yes
ac_cv_lib_resample_resample_open=no
ac_cv_lib_rt_clock_gettime=yes
ac_cv_objext=o
ac_cv_path_EGREP='/bin/grep -E'
ac_cv_path_EPM=false
ac_cv_path_EPMINSTALL=false
ac_cv_path_GREP=/bin/grep
ac_cv_path_MKEPMLIST=false
ac_cv_path_ac_pt_PKG_CONFIG=/usr/bin/pkg-config
ac_cv_path_install='/usr/bin/install -c'
ac_cv_prog_AWK=mawk
ac_cv_prog_CPP='gcc -E'
ac_cv_prog_CXXCPP='g++ -E'
ac_cv_prog_ac_ct_AR=ar
ac_cv_prog_ac_ct_CC=gcc
ac_cv_prog_ac_ct_CXX=g++
ac_cv_prog_ac_ct_RANLIB=ranlib
ac_cv_prog_ac_ct_STRIP=strip
ac_cv_prog_cc_c89=
ac_cv_prog_cc_g=yes
ac_cv_prog_cxx_g=yes
ac_cv_prog_f77_g=no
ac_cv_prog_make_make_set=yes
ac_cv_target=i686-pc-linux-gnu
ac_cv_working_alloca_h=yes
am_cv_CC_dependencies_compiler_type=gcc3
am_cv_CXX_dependencies_compiler_type=gcc3
am_cv_prog_tar_ustar=gnutar
lt_cv_deplibs_check_method=pass_all
lt_cv_file_magic_cmd='$MAGIC_CMD'
lt_cv_file_magic_test_file=
lt_cv_ld_reload_flag=-r
lt_cv_objdir=.libs
lt_cv_path_LD=/usr/bin/ld
lt_cv_path_LDCXX=/usr/bin/ld
lt_cv_path_NM='/usr/bin/nm -B'
lt_cv_path_SED=/bin/sed
lt_cv_prog_compiler_c_o=yes
lt_cv_prog_compiler_c_o_CXX=yes
lt_cv_prog_compiler_pic_works=yes
lt_cv_prog_compiler_pic_works_CXX=yes
lt_cv_prog_compiler_rtti_exceptions=no
lt_cv_prog_compiler_static_works=yes
lt_cv_prog_compiler_static_works_CXX=yes
lt_cv_prog_gnu_ld=yes
lt_cv_prog_gnu_ldcxx=yes
lt_cv_sys_global_symbol_pipe='sed -n -e '\''s/^.*[ 	]\([ABCDGIRSTW][ABCDGIRSTW]*\)[ 	][ 	]*\([_A-Za-z][_A-Za-z0-9]*\)$/\1 \2 \2/p'\'''
lt_cv_sys_global_symbol_to_c_name_address='sed -n -e '\''s/^: \([^ ]*\) $/  {\"\1\", (lt_ptr) 0},/p'\'' -e '\''s/^[BCDEGRST] \([^ ]*\) \([^ ]*\)$/  {"\2", (lt_ptr) \&\2},/p'\'''
lt_cv_sys_global_symbol_to_cdecl='sed -n -e '\''s/^. .* \(.*\)$/extern int \1;/p'\'''
lt_cv_sys_lib_dlsearch_path_spec='/lib /usr/lib /lib/i486-linux-gnu /usr/lib/i486-linux-gnu /usr/local/lib '
lt_cv_sys_lib_search_path_spec='/usr/lib/gcc/i486-linux-gnu/4.2.3 /usr/lib /lib'
lt_cv_sys_max_cmd_len=98304
lt_lt_cv_prog_compiler_c_o='"yes"'
lt_lt_cv_prog_compiler_c_o_CXX='"yes"'
lt_lt_cv_sys_global_symbol_pipe='"sed -n -e '\''s/^.*[ 	]\\([ABCDGIRSTW][ABCDGIRSTW]*\\)[ 	][ 	]*\\([_A-Za-z][_A-Za-z0-9]*\\)\$/\\1 \\2 \\2/p'\''"'
lt_lt_cv_sys_global_symbol_to_c_name_address='"sed -n -e '\''s/^: \\([^ ]*\\) \$/  {\\\"\\1\\\", (lt_ptr) 0},/p'\'' -e '\''s/^[BCDEGRST] \\([^ ]*\\) \\([^ ]*\\)\$/  {\"\\2\", (lt_ptr) \\&\\2},/p'\''"'
lt_lt_cv_sys_global_symbol_to_cdecl='"sed -n -e '\''s/^. .* \\(.*\\)\$/extern int \\1;/p'\''"'
pkg_cv_FFMPEG_CFLAGS='-I/usr/include/ffmpeg  '
pkg_cv_FFMPEG_LIBS='-lavcodec -ltheora -lvorbisenc -lraw1394 -lavutil -lvorbis -lm -logg  '
pkg_cv_SPEEX_CFLAGS=' '
pkg_cv_SPEEX_LIBS='-lspeex  '
pkg_cv_SWSCALE_CFLAGS='-I/usr/include/swscale -I/usr/include/ffmpeg  '
pkg_cv_SWSCALE_LIBS='-lswscale -lavutil  '
pkg_cv_THEORA_CFLAGS=' '
pkg_cv_THEORA_LIBS='-ltheora -logg  '

## ----------------- ##
## Output variables. ##
## ----------------- ##

ACLOCAL='${SHELL} /home/jerome/Desktop/WORKAREA/telehealth/trunk/lifelink/rxbox/modules/linphone/missing --run aclocal-1.9'
ALLOCA=''
ALSA_LIBS='-lasound'
AMDEPBACKSLASH='\'
AMDEP_FALSE='#'
AMDEP_TRUE=''
AMTAR='${SHELL} /home/jerome/Desktop/WORKAREA/telehealth/trunk/lifelink/rxbox/modules/linphone/missing --run tar'
AR='ar'
ARCH='i386'
ARTS_CFLAGS=''
ARTS_LIBS='-lartsc'
AUTOCONF='${SHELL} /home/jerome/Desktop/WORKAREA/telehealth/trunk/lifelink/rxbox/modules/linphone/missing --run autoconf'
AUTOHEADER='${SHELL} /home/jerome/Desktop/WORKAREA/telehealth/trunk/lifelink/rxbox/modules/linphone/missing --run autoheader'
AUTOMAKE='${SHELL} /home/jerome/Desktop/WORKAREA/telehealth/trunk/lifelink/rxbox/modules/linphone/missing --run automake-1.9'
AWK='mawk'
BUILD_ALSA_FALSE='#'
BUILD_ALSA_TRUE=''
BUILD_ARTS_FALSE='#'
BUILD_ARTS_TRUE=''
BUILD_GSM_FALSE='#'
BUILD_GSM_TRUE=''
BUILD_MACAQSND_FALSE=''
BUILD_MACAQSND_TRUE='#'
BUILD_MACOSX_FALSE=''
BUILD_MACOSX_TRUE='#'
BUILD_MACSND_FALSE=''
BUILD_MACSND_TRUE='#'
BUILD_OSS_FALSE='#'
BUILD_OSS_TRUE=''
BUILD_PORTAUDIO_FALSE=''
BUILD_PORTAUDIO_TRUE='#'
BUILD_RESAMPLE_FALSE=''
BUILD_RESAMPLE_TRUE='#'
BUILD_SPEEX_FALSE='#'
BUILD_SPEEX_TRUE=''
BUILD_THEORA_FALSE='#'
BUILD_THEORA_TRUE=''
BUILD_VIDEO_FALSE='#'
BUILD_VIDEO_TRUE=''
CC='gcc'
CCDEPMODE='depmode=gcc3'
CFLAGS='-DORTP_INET6   -DINET6 -Wall -O2 -g  -pthread -D_REENTRANT'
CPP='gcc -E'
CPPFLAGS=''
CXX='g++'
CXXCPP='g++ -E'
CXXDEPMODE='depmode=gcc3'
CXXFLAGS='-g -O2'
CYGPATH_W='echo'
DEFS='-DHAVE_CONFIG_H'
DEPDIR='.deps'
DSYMUTIL=''
ECHO='echo'
ECHO_C=''
ECHO_N='-n'
ECHO_T=''
EGREP='/bin/grep -E'
EPM='false'
EPMINSTALL='false'
EPM_PKG_EXT='deb'
EXEEXT=''
F77=''
FFLAGS=''
FFMPEG_CFLAGS='-I/usr/include/ffmpeg  '
FFMPEG_LIBS='-lavcodec -ltheora -lvorbisenc -lraw1394 -lavutil -lvorbis -lm -logg  '
GREP='/bin/grep'
GSM_CFLAGS=''
GSM_LIBS=' -lgsm'
INSTALL_DATA='${INSTALL} -m 644'
INSTALL_PROGRAM='${INSTALL}'
INSTALL_SCRIPT='${INSTALL}'
INSTALL_STRIP_PROGRAM='${SHELL} $(install_sh) -c -s'
JACK_CFLAGS=''
JACK_LIBS=''
LDFLAGS=''
LIBMEDIASTREAMER_SO_VERSION='0:1:0'
LIBOBJS=''
LIBS=' -pthread -lpthread -lrt -ldl'
LIBTOOL='$(SHELL) $(top_builddir)/libtool'
LICENSE='GPL'
LN_S='ln -s'
LTLIBOBJS=''
MAKEINFO='${SHELL} /home/jerome/Desktop/WORKAREA/telehealth/trunk/lifelink/rxbox/modules/linphone/missing --run makeinfo'
MEDIASTREAMER_VERSION='2.2.2'
MKEPMLIST='false'
MSPLUGINS_CFLAGS='-pthread'
MSPLUGINS_LIBS='-shared -pthread'
NMEDIT=''
OBJEXT='o'
ORTP_CFLAGS='-I$(top_srcdir)/../oRTP/include'
ORTP_LIBS='$(top_builddir)/../oRTP/src/libortp.la'
PACKAGE='mediastreamer'
PACKAGER='anonymous'
PACKAGE_BUGREPORT=''
PACKAGE_DATA_DIR='/usr/local/share'
PACKAGE_NAME='mediastreamer'
PACKAGE_PLUGINS_DIR='/usr/local/lib/mediastreamer/plugins'
PACKAGE_STRING='mediastreamer 2.2.2'
PACKAGE_TARNAME='mediastreamer'
PACKAGE_VERSION='2.2.2'
PATH_SEPARATOR=':'
PKG_CONFIG='/usr/bin/pkg-config'
PORTAUDIO_LIBS=''
RANLIB='ranlib'
RELEASE='1'
SAMPLERATE_CFLAGS=''
SAMPLERATE_LIBS=''
SDL_CFLAGS=''
SDL_LIBS=' -lSDL'
SED='/bin/sed'
SET_MAKE=''
SHELL='/bin/bash'
SPEEXDSP_CFLAGS=''
SPEEXDSP_LIBS=''
SPEEX_CFLAGS=' '
SPEEX_LIBS='-lspeex  '
STRIP='strip'
SUMMARY='A mediastreaming library.'
SWSCALE_CFLAGS='-I/usr/include/swscale -I/usr/include/ffmpeg  '
SWSCALE_LIBS='-lswscale -lavutil  '
SYS_GROUP='root'
SYS_USER='root'
THEORA_CFLAGS=' '
THEORA_LIBS='-ltheora -logg  '
VENDOR='Linphone'
VERSION='2.2.2'
VIDEO_CFLAGS=' -I/usr/include/ffmpeg    -DVIDEO_ENABLED '
VIDEO_LIBS=' -lavcodec -ltheora -lvorbisenc -lraw1394 -lavutil -lvorbis -lm -logg   -lswscale -lavutil    -lSDL -lX11'
WITH_EPM_FALSE=''
WITH_EPM_TRUE='#'
ac_ct_CC='gcc'
ac_ct_CXX='g++'
ac_ct_F77=''
am__fastdepCC_FALSE='#'
am__fastdepCC_TRUE=''
am__fastdepCXX_FALSE='#'
am__fastdepCXX_TRUE=''
am__include='include'
am__leading_dot='.'
am__quote=''
am__tar='tar --format=ustar -chf - "$$tardir"'
am__untar='tar -xf -'
bindir='${exec_prefix}/bin'
build='i686-pc-linux-gnu'
build_alias=''
build_cpu='i686'
build_os='linux-gnu'
build_vendor='pc'
datadir='${datarootdir}'
datarootdir='${prefix}/share'
docdir='${datarootdir}/doc/${PACKAGE_TARNAME}'
dvidir='${docdir}'
exec_prefix='${prefix}'
host='i686-pc-linux-gnu'
host_alias=''
host_cpu='i686'
host_os='linux-gnu'
host_vendor='pc'
htmldir='${docdir}'
includedir='${prefix}/include'
infodir='${datarootdir}/info'
install_sh='/home/jerome/Desktop/WORKAREA/telehealth/trunk/lifelink/rxbox/modules/linphone/install-sh'
libdir='${exec_prefix}/lib'
libexecdir='${exec_prefix}/libexec'
localedir='${datarootdir}/locale'
localstatedir='${prefix}/var'
mandir='${datarootdir}/man'
mkdir_p='mkdir -p --'
oldincludedir='/usr/include'
pdfdir='${docdir}'
prefix='/usr/local'
program_transform_name='s,x,x,'
psdir='${docdir}'
sbindir='${exec_prefix}/sbin'
sharedstatedir='${prefix}/com'
sysconfdir='${prefix}/etc'
target='i686-pc-linux-gnu'
target_alias=''
target_cpu='i686'
target_os='linux-gnu'
target_vendor='pc'

## ----------- ##
## confdefs.h. ##
## ----------- ##

#define PACKAGE_NAME "mediastreamer"
#define PACKAGE_TARNAME "mediastreamer"
#define PACKAGE_VERSION "2.2.2"
#define PACKAGE_STRING "mediastreamer 2.2.2"
#define PACKAGE_BUGREPORT ""
#define PACKAGE "mediastreamer"
#define VERSION "2.2.2"
#define MEDIASTREAMER_MAJOR_VERSION 2
#define MEDIASTREAMER_MINOR_VERSION 2
#define MEDIASTREAMER_MICRO_VERSION 2
#define MEDIASTREAMER_VERSION "2.2.2"
#define STDC_HEADERS 1
#define HAVE_SYS_TYPES_H 1
#define HAVE_SYS_STAT_H 1
#define HAVE_STDLIB_H 1
#define HAVE_STRING_H 1
#define HAVE_MEMORY_H 1
#define HAVE_STRINGS_H 1
#define HAVE_INTTYPES_H 1
#define HAVE_STDINT_H 1
#define HAVE_UNISTD_H 1
#define HAVE_DLFCN_H 1
#define STDC_HEADERS 1
#define TIME_WITH_SYS_TIME 1
#define HAVE_SYS_SOUNDCARD_H 1
#define HAVE_ALSA_ASOUNDLIB_H 1
#define __ALSA_ENABLED__ 1
#define HAVE_KDE_ARTSC_ARTSC_H 1
#define __ARTS_ENABLED__ 1
#define HAVE_SPEEX_NOISE 1
#define HAVE_GSM_GSM_H 1
#define HAVE_SDL_SDL_H 1
#define HAVE_X11_XLIB_H 1
#define HAVE_DLFCN_H 1
#define HAVE_DLOPEN 1
#define HAVE_ALLOCA_H 1
#define HAVE_ALLOCA 1
#define PACKAGE_PLUGINS_DIR "/usr/local/lib/mediastreamer/plugins"
#define PACKAGE_DATA_DIR "/usr/local/share"
#define HAVE_LINUX_VIDEODEV_H 1
#define HAVE_LINUX_VIDEODEV2_H 1

configure: exit 0
